


ARM Macro Assembler    Page 1 


    1 00000000         ;/******************************************************
                       ********************//**
    2 00000000         ; * @file     startup_LPC17xx.s
    3 00000000         ; * @brief    CMSIS Cortex-M3 Core Device Startup File f
                       or
    4 00000000         ; *           NXP LPC17xx Device Series
    5 00000000         ; * @version  V1.10
    6 00000000         ; * @date     06. April 2011
    7 00000000         ; *
    8 00000000         ; * @note
    9 00000000         ; * Copyright (C) 2009-2011 ARM Limited. All rights rese
                       rved.
   10 00000000         ; *
   11 00000000         ; * @par
   12 00000000         ; * ARM Limited (ARM) is supplying this software for use
                        with Cortex-M
   13 00000000         ; * processor based microcontrollers.  This file can be 
                       freely distributed
   14 00000000         ; * within development tools that are supporting such AR
                       M based processors.
   15 00000000         ; *
   16 00000000         ; * @par
   17 00000000         ; * THIS SOFTWARE IS PROVIDED "AS IS".  NO WARRANTIES, W
                       HETHER EXPRESS, IMPLIED
   18 00000000         ; * OR STATUTORY, INCLUDING, BUT NOT LIMITED TO, IMPLIED
                        WARRANTIES OF
   19 00000000         ; * MERCHANTABILITY AND FITNESS FOR A PARTICULAR PURPOSE
                        APPLY TO THIS SOFTWARE.
   20 00000000         ; * ARM SHALL NOT, IN ANY CIRCUMSTANCES, BE LIABLE FOR S
                       PECIAL, INCIDENTAL, OR
   21 00000000         ; * CONSEQUENTIAL DAMAGES, FOR ANY REASON WHATSOEVER.
   22 00000000         ; *
   23 00000000         ; ******************************************************
                       ************************/
   24 00000000         
   25 00000000         ; *------- <<< Use Configuration Wizard in Context Menu 
                       >>> ------------------
   26 00000000         
   27 00000000         ; <h> Stack Configuration
   28 00000000         ;   <o> Stack Size (in Bytes) <0x0-0xFFFFFFFF:8>
   29 00000000         ; </h>
   30 00000000         
   31 00000000 00000200 
                       Stack_Size
                               EQU              0x00000200
   32 00000000         
   33 00000000                 AREA             STACK, NOINIT, READWRITE, ALIGN
=3
   34 00000000         Stack_Mem
                               SPACE            Stack_Size
   35 00000200         __initial_sp
   36 00000200         
   37 00000200         
   38 00000200         ; <h> Heap Configuration
   39 00000200         ;   <o>  Heap Size (in Bytes) <0x0-0xFFFFFFFF:8>
   40 00000200         ; </h>
   41 00000200         
   42 00000200 00000000 
                       Heap_Size



ARM Macro Assembler    Page 2 


                               EQU              0x00000000
   43 00000200         
   44 00000200                 AREA             HEAP, NOINIT, READWRITE, ALIGN=
3
   45 00000000         __heap_base
   46 00000000         Heap_Mem
                               SPACE            Heap_Size
   47 00000000         __heap_limit
   48 00000000         
   49 00000000         
   50 00000000                 PRESERVE8
   51 00000000                 THUMB
   52 00000000         
   53 00000000         
   54 00000000         ; Vector Table Mapped to Address 0 at Reset
   55 00000000         
   56 00000000                 AREA             RESET, DATA, READONLY
   57 00000000                 EXPORT           __Vectors
   58 00000000         
   59 00000000 00000000 
                       __Vectors
                               DCD              __initial_sp ; Top of Stack
   60 00000004 00000000        DCD              Reset_Handler ; Reset Handler
   61 00000008 00000000        DCD              NMI_Handler ; NMI Handler
   62 0000000C 00000000        DCD              HardFault_Handler ; Hard Fault 
                                                            Handler
   63 00000010 00000000        DCD              MemManage_Handler 
                                                            ; MPU Fault Handler
                                                            
   64 00000014 00000000        DCD              BusFault_Handler 
                                                            ; Bus Fault Handler
                                                            
   65 00000018 00000000        DCD              UsageFault_Handler ; Usage Faul
                                                            t Handler
   66 0000001C 00000000        DCD              0           ; Reserved
   67 00000020 00000000        DCD              0           ; Reserved
   68 00000024 00000000        DCD              0           ; Reserved
   69 00000028 00000000        DCD              0           ; Reserved
   70 0000002C 00000000        DCD              SVC_Handler ; SVCall Handler
   71 00000030 00000000        DCD              DebugMon_Handler ; Debug Monito
                                                            r Handler
   72 00000034 00000000        DCD              0           ; Reserved
   73 00000038 00000000        DCD              PendSV_Handler ; PendSV Handler
                                                            
   74 0000003C 00000000        DCD              SysTick_Handler 
                                                            ; SysTick Handler
   75 00000040         
   76 00000040         ; External Interrupts
   77 00000040 00000000        DCD              WDT_IRQHandler ; 16: Watchdog T
                                                            imer
   78 00000044 00000000        DCD              TIMER0_IRQHandler ; 17: Timer0
   79 00000048 00000000        DCD              TIMER1_IRQHandler ; 18: Timer1
   80 0000004C 00000000        DCD              TIMER2_IRQHandler ; 19: Timer2
   81 00000050 00000000        DCD              TIMER3_IRQHandler ; 20: Timer3
   82 00000054 00000000        DCD              UART0_IRQHandler ; 21: UART0
   83 00000058 00000000        DCD              UART1_IRQHandler ; 22: UART1
   84 0000005C 00000000        DCD              UART2_IRQHandler ; 23: UART2
   85 00000060 00000000        DCD              UART3_IRQHandler ; 24: UART3
   86 00000064 00000000        DCD              PWM1_IRQHandler ; 25: PWM1



ARM Macro Assembler    Page 3 


   87 00000068 00000000        DCD              I2C0_IRQHandler ; 26: I2C0
   88 0000006C 00000000        DCD              I2C1_IRQHandler ; 27: I2C1
   89 00000070 00000000        DCD              I2C2_IRQHandler ; 28: I2C2
   90 00000074 00000000        DCD              SPI_IRQHandler ; 29: SPI
   91 00000078 00000000        DCD              SSP0_IRQHandler ; 30: SSP0
   92 0000007C 00000000        DCD              SSP1_IRQHandler ; 31: SSP1
   93 00000080 00000000        DCD              PLL0_IRQHandler ; 32: PLL0 Lock
                                                             (Main PLL)
   94 00000084 00000000        DCD              RTC_IRQHandler ; 33: Real Time 
                                                            Clock
   95 00000088 00000000        DCD              EINT0_IRQHandler ; 34: External
                                                             Interrupt 0
   96 0000008C 00000000        DCD              EINT1_IRQHandler ; 35: External
                                                             Interrupt 1
   97 00000090 00000000        DCD              EINT2_IRQHandler ; 36: External
                                                             Interrupt 2
   98 00000094 00000000        DCD              EINT3_IRQHandler ; 37: External
                                                             Interrupt 3
   99 00000098 00000000        DCD              ADC_IRQHandler 
                                                            ; 38: A/D Converter
                                                            
  100 0000009C 00000000        DCD              BOD_IRQHandler ; 39: Brown-Out 
                                                            Detect
  101 000000A0 00000000        DCD              USB_IRQHandler ; 40: USB
  102 000000A4 00000000        DCD              CAN_IRQHandler ; 41: CAN
  103 000000A8 00000000        DCD              DMA_IRQHandler ; 42: General Pu
                                                            rpose DMA
  104 000000AC 00000000        DCD              I2S_IRQHandler ; 43: I2S
  105 000000B0 00000000        DCD              ENET_IRQHandler ; 44: Ethernet
  106 000000B4 00000000        DCD              RIT_IRQHandler ; 45: Repetitive
                                                             Interrupt Timer
  107 000000B8 00000000        DCD              MCPWM_IRQHandler ; 46: Motor Co
                                                            ntrol PWM
  108 000000BC 00000000        DCD              QEI_IRQHandler ; 47: Quadrature
                                                             Encoder Interface
  109 000000C0 00000000        DCD              PLL1_IRQHandler ; 48: PLL1 Lock
                                                             (USB PLL)
  110 000000C4 00000000        DCD              USBActivity_IRQHandler ; 49: US
                                                            B Activity interrup
                                                            t to wakeup
  111 000000C8 00000000        DCD              CANActivity_IRQHandler ; 50: CA
                                                            N Activity interrup
                                                            t to wakeup
  112 000000CC         
  113 000000CC         
  114 000000CC                 IF               :LNOT::DEF:NO_CRP
  115 000000CC                 AREA             |.ARM.__at_0x02FC|, CODE, READO
NLY
  116 00000000 FFFFFFFF 
                       CRP_Key DCD              0xFFFFFFFF
  117 00000004                 ENDIF
  118 00000004         
  119 00000004         
  120 00000004                 AREA             |.text|, CODE, READONLY, align=
3
  121 00000000         
  122 00000000        1 
                       giorno  RN               1
  123 00000000        2 



ARM Macro Assembler    Page 4 


                       valore  RN               2
  124 00000000        3 
                       max     RN               3
  125 00000000        4 
                       giornomax
                               RN               4
  126 00000000        5 
                       maxvecchio
                               RN               5
  127 00000000        6 
                       i       RN               6
  128 00000000        7 
                       j       RN               7
  129 00000000        8 
                       indirizzo
                               RN               8
  130 00000000        C 
                       indirizzo_dest
                               RN               12
  131 00000000         
  132 00000000         
  133 00000000         ; Reset Handler
  134 00000000         
  135 00000000         Reset_Handler
                               PROC
  136 00000000                 EXPORT           Reset_Handler             [WEAK
]
  137 00000000 484C            LDR              R0, =Reset_Handler
  138 00000002         
  139 00000002 F8DF 8134       LDR              indirizzo, =Calories_food
  140 00000006 F06F 4570       MOV              maxvecchio, #0x0FFFFFFF
  141 0000000A F04F 0600       MOV              i, #0
  142 0000000E F04F 0700       MOV              j, #0
  143 00000012 F04F 0300       MOV              max, #0
  144 00000016 F81F 9004       LDRB             R9, Num_days
  145 0000001A F04F 0A00       MOV              R10, #0
  146 0000001E F04F 0B08       MOV              R11, #8
  147 00000022 FB09 F90B       MUL              R9, R9, R11
  148 00000026 F04F 0B00       MOV              R11, #0
  149 0000002A F8DF C110       LDR              indirizzo_dest, =Calories_food_
ordered
  150 0000002E         
  151 0000002E         LOOP
  152 0000002E F858 1006       LDR              giorno, [indirizzo, i]
  153 00000032 F106 0604       ADD              i, i, #4
  154 00000036 F858 2006       LDR              valore, [indirizzo, i]
  155 0000003A F106 0604       ADD              i, i, #4
  156 0000003E F04F 0A00       MOV              R10, #0
  157 00000042         
  158 00000042 4293            CMP              max, valore
  159 00000044 BFB8 F10A 
              0A01             ADDLT            R10, R10, #1
  160 0000004A 4295            CMP              maxvecchio, valore
  161 0000004C BFC8 F10A 
              0A01             ADDGT            R10, R10, #1
  162 00000052 F1BA 0F02       CMP              R10, #2
  163 00000056 BF04 4613       MOVEQ            max, valore
  164 0000005A 460C            MOVEQ            giornomax, giorno
  165 0000005C         



ARM Macro Assembler    Page 5 


  166 0000005C 454E            CMP              i, R9
  167 0000005E D1E6            BNE              LOOP
  168 00000060         
  169 00000060 F80C 4007       STRB             giornomax, [indirizzo_dest, j]
  170 00000064 F107 0704       ADD              j, j, #4
  171 00000068 461D            MOV              maxvecchio, max
  172 0000006A F04F 0300       MOV              max, #0
  173 0000006E EA4F 0A59       LSR              R10, R9, #1
  174 00000072 4557            CMP              j, R10
  175 00000074 F04F 0600       MOV              i, #0
  176 00000078 D1D9            BNE              LOOP
  177 0000007A         
  178 0000007A F1BB 0F00       CMP              R11, #0
  179 0000007E BF01 F8DF 
              80BC             LDREQ            indirizzo, =Calories_sport
  180 00000084 F06F 4570       MOVEQ            maxvecchio, #0x0FFFFFFF
  181 00000088 2600            MOVEQ            i, #0
  182 0000008A 2700            MOVEQ            j, #0
  183 0000008C BF01 2300       MOVEQ            max, #0
  184 00000090 F81F 9004       LDRBEQ           R9, Num_days_sport
  185 00000094 F04F 0B00       MOVEQ            R11, #0
  186 00000098 F04F 0B08       MOVEQ            R11, #8
  187 0000009C BF04 FB09 
              F90B             MULEQ            R9, R9, R11
  188 000000A2 F8DF C0A0       LDREQ            indirizzo_dest, =Calories_sport
_ordered
  189 000000A6 D0C2            BEQ              LOOP
  190 000000A8         
  191 000000A8 4F27            LDR              R7, =Num_days
  192 000000AA 783F            LDRB             R7, [R7]
  193 000000AC F8DF 809C       LDR              R8, =Num_days_sport
  194 000000B0 F898 8000       LDRB             R8, [R8]
  195 000000B4 F8DF 9080       LDR              R9, =Calories_food
  196 000000B8 F8DF A084       LDR              R10, =Calories_sport
  197 000000BC         
  198 000000BC F04F 0100       MOV              R1, #0
  199 000000C0 F04F 0200       MOV              R2, #0
  200 000000C4 F04F 0300       MOV              R3, #0
  201 000000C8 F04F 0400       MOV              R4, #0
  202 000000CC F04F 0500       MOV              R5, #0
  203 000000D0 EA4F 07C7       LSL              R7, R7, #3
  204 000000D4 EA4F 08C8       LSL              R8, R8, #3
  205 000000D8 F06F 4070       MOV              R0, #0x0FFFFFFF
  206 000000DC         
  207 000000DC         EXT_LOOP
  208 000000DC F859 1003       LDR              R1, [R9, R3]
  209 000000E0 F103 0304       ADD              R3, R3, #4
  210 000000E4 F859 2003       LDR              R2, [R9, R3]
  211 000000E8 F103 0304       ADD              R3, R3, #4
  212 000000EC F04F 0600       MOV              R6, #0
  213 000000F0 F06F 4C70       MOV              R12, #0x0FFFFFFF
  214 000000F4         
  215 000000F4         INT_LOOP
  216 000000F4 F85A 4006       LDR              R4, [R10, R6]
  217 000000F8 F106 0604       ADD              R6, R6, #4
  218 000000FC F85A 5006       LDR              R5, [R10, R6]
  219 00000100 F106 0604       ADD              R6, R6, #4
  220 00000104 42A1            CMP              R1, R4
  221 00000106 BF08 EBA2 



ARM Macro Assembler    Page 6 


              0C05             SUBEQ            R12, R2, R5
  222 0000010C 4560            CMP              R0, R12
  223 0000010E BFC4 4660       MOVGT            R0, R12
  224 00000112 468B            MOVGT            R11, R1
  225 00000114 4546            CMP              R6, R8
  226 00000116 D1ED            BNE              INT_LOOP
  227 00000118 42BB            CMP              R3, R7
  228 0000011A D1DF            BNE              EXT_LOOP
  229 0000011C         
  230 0000011C 4700            BX               R0
  231 0000011E                 ENDP
  232 0000011E         
  233 0000011E         
  234 0000011E         
  235 0000011E         ; Dummy Exception Handlers (infinite loops which can be 
                       modified)
  236 0000011E         
  237 0000011E         NMI_Handler
                               PROC
  238 0000011E                 EXPORT           NMI_Handler               [WEAK
]
  239 0000011E E7FE            B                .
  240 00000120                 ENDP
  242 00000120         HardFault_Handler
                               PROC
  243 00000120                 EXPORT           HardFault_Handler         [WEAK
]
  244 00000120 E7FE            B                .
  245 00000122                 ENDP
  247 00000122         MemManage_Handler
                               PROC
  248 00000122                 EXPORT           MemManage_Handler         [WEAK
]
  249 00000122 E7FE            B                .
  250 00000124                 ENDP
  252 00000124         BusFault_Handler
                               PROC
  253 00000124                 EXPORT           BusFault_Handler          [WEAK
]
  254 00000124 E7FE            B                .
  255 00000126                 ENDP
  257 00000126         UsageFault_Handler
                               PROC
  258 00000126                 EXPORT           UsageFault_Handler        [WEAK
]
  259 00000126 E7FE            B                .
  260 00000128                 ENDP
  261 00000128         SVC_Handler
                               PROC
  262 00000128                 EXPORT           SVC_Handler               [WEAK
]
  263 00000128 E7FE            B                .
  264 0000012A                 ENDP
  266 0000012A         DebugMon_Handler
                               PROC
  267 0000012A                 EXPORT           DebugMon_Handler          [WEAK
]
  268 0000012A E7FE            B                .
  269 0000012C                 ENDP



ARM Macro Assembler    Page 7 


  270 0000012C         PendSV_Handler
                               PROC
  271 0000012C                 EXPORT           PendSV_Handler            [WEAK
]
  272 0000012C E7FE            B                .
  273 0000012E                 ENDP
  274 0000012E         SysTick_Handler
                               PROC
  275 0000012E                 EXPORT           SysTick_Handler           [WEAK
]
  276 0000012E E7FE            B                .
  277 00000130                 ENDP
  278 00000130         
  279 00000130         Default_Handler
                               PROC
  280 00000130         
  281 00000130                 EXPORT           WDT_IRQHandler            [WEAK
]
  282 00000130                 EXPORT           TIMER0_IRQHandler         [WEAK
]
  283 00000130                 EXPORT           TIMER1_IRQHandler         [WEAK
]
  284 00000130                 EXPORT           TIMER2_IRQHandler         [WEAK
]
  285 00000130                 EXPORT           TIMER3_IRQHandler         [WEAK
]
  286 00000130                 EXPORT           UART0_IRQHandler          [WEAK
]
  287 00000130                 EXPORT           UART1_IRQHandler          [WEAK
]
  288 00000130                 EXPORT           UART2_IRQHandler          [WEAK
]
  289 00000130                 EXPORT           UART3_IRQHandler          [WEAK
]
  290 00000130                 EXPORT           PWM1_IRQHandler           [WEAK
]
  291 00000130                 EXPORT           I2C0_IRQHandler           [WEAK
]
  292 00000130                 EXPORT           I2C1_IRQHandler           [WEAK
]
  293 00000130                 EXPORT           I2C2_IRQHandler           [WEAK
]
  294 00000130                 EXPORT           SPI_IRQHandler            [WEAK
]
  295 00000130                 EXPORT           SSP0_IRQHandler           [WEAK
]
  296 00000130                 EXPORT           SSP1_IRQHandler           [WEAK
]
  297 00000130                 EXPORT           PLL0_IRQHandler           [WEAK
]
  298 00000130                 EXPORT           RTC_IRQHandler            [WEAK
]
  299 00000130                 EXPORT           EINT0_IRQHandler          [WEAK
]
  300 00000130                 EXPORT           EINT1_IRQHandler          [WEAK
]
  301 00000130                 EXPORT           EINT2_IRQHandler          [WEAK
]
  302 00000130                 EXPORT           EINT3_IRQHandler          [WEAK



ARM Macro Assembler    Page 8 


]
  303 00000130                 EXPORT           ADC_IRQHandler            [WEAK
]
  304 00000130                 EXPORT           BOD_IRQHandler            [WEAK
]
  305 00000130                 EXPORT           USB_IRQHandler            [WEAK
]
  306 00000130                 EXPORT           CAN_IRQHandler            [WEAK
]
  307 00000130                 EXPORT           DMA_IRQHandler            [WEAK
]
  308 00000130                 EXPORT           I2S_IRQHandler            [WEAK
]
  309 00000130                 EXPORT           ENET_IRQHandler           [WEAK
]
  310 00000130                 EXPORT           RIT_IRQHandler            [WEAK
]
  311 00000130                 EXPORT           MCPWM_IRQHandler          [WEAK
]
  312 00000130                 EXPORT           QEI_IRQHandler            [WEAK
]
  313 00000130                 EXPORT           PLL1_IRQHandler           [WEAK
]
  314 00000130                 EXPORT           USBActivity_IRQHandler    [WEAK
]
  315 00000130                 EXPORT           CANActivity_IRQHandler    [WEAK
]
  316 00000130         
  317 00000130         WDT_IRQHandler
  318 00000130         TIMER0_IRQHandler
  319 00000130         TIMER1_IRQHandler
  320 00000130         TIMER2_IRQHandler
  321 00000130         TIMER3_IRQHandler
  322 00000130         UART0_IRQHandler
  323 00000130         UART1_IRQHandler
  324 00000130         UART2_IRQHandler
  325 00000130         UART3_IRQHandler
  326 00000130         PWM1_IRQHandler
  327 00000130         I2C0_IRQHandler
  328 00000130         I2C1_IRQHandler
  329 00000130         I2C2_IRQHandler
  330 00000130         SPI_IRQHandler
  331 00000130         SSP0_IRQHandler
  332 00000130         SSP1_IRQHandler
  333 00000130         PLL0_IRQHandler
  334 00000130         RTC_IRQHandler
  335 00000130         EINT0_IRQHandler
  336 00000130         EINT1_IRQHandler
  337 00000130         EINT2_IRQHandler
  338 00000130         EINT3_IRQHandler
  339 00000130         ADC_IRQHandler
  340 00000130         BOD_IRQHandler
  341 00000130         USB_IRQHandler
  342 00000130         CAN_IRQHandler
  343 00000130         DMA_IRQHandler
  344 00000130         I2S_IRQHandler
  345 00000130         ENET_IRQHandler
  346 00000130         RIT_IRQHandler
  347 00000130         MCPWM_IRQHandler



ARM Macro Assembler    Page 9 


  348 00000130         QEI_IRQHandler
  349 00000130         PLL1_IRQHandler
  350 00000130         USBActivity_IRQHandler
  351 00000130         CANActivity_IRQHandler
  352 00000130         
  353 00000130 E7FE            B                .
  354 00000132         
  355 00000132                 ENDP
  356 00000132         
  357 00000132         
  358 00000132 00 00           ALIGN
  359 00000134         
  360 00000134 00000000 
              00000000 
              00000000 
              00000000 
              00000000 
              00000000 
              00000000 
              00000000 
              00000000         LTORG
  361 00000158 00 00 00 
              00 00 00 
              00 00 00 
              00 00 00 
              00 00 00 
              00 00 00 
              00 00 00 
              00 00 00 
              00 00 00 
              00 00 00 
              00 00 00 
              00 00 00 
              00 00 00 
              00 00 00 
              00 00 00 
              00 00 00 
              00 00 00 
              00 00 00 
              00 00 00 
              00 00 00 
              00 00 00 
              00 00 00 
              00 00 00 
              00 00 00 
              00 00 00 
              00 00 00 
              00 00 00 
              00 00 00 
              00 00 00 
              00 00 00 
              00 00 00 
              00 00 00 
              00 00 00 
              00 00 00 
              00 00 00 
              00 00 00 
              00 00 00 
              00 00 00 



ARM Macro Assembler    Page 10 


              00 00 00 
              00 00 00 
              00 00 00 
              00 00 00 
              00 00 00 
              00 00 00 
              00 00 00 
              00 00 00 
              00 00 00 
              00 00 00 
              00 00 00 
              00 00 00 
              00 00 00 
              00 00 00 
              00 00 00 
              00 00 00 
              00 00 00 
              00 00 00 
              00 00 00 
              00 00 00 
              00 00 00 
              00 00 00 
              00 00 00 
              00 00 00 
              00 00 00 
              00 00 00 
              00 00 00 
              00 00 00 
              00 00 00 
              00 00 00 
              00 00 00 
              00 00 00 
              00 00 00 
              00 00 00 
              00 00 00 
              00 00 00 
              00 00 00 
              00 00 00 
              00 00 00 
              00 00 00 
              00 00 00 
              00 00 00 
              00 00 00 
              00 00 00 
              00 00 00 
              00 00 00 
              00 00 00 
              00 00 00 
              00 00 00 
              00 00 00 
              00 00 00 
              00 00 00 
              00 00 00 
              00 00 00 
              00 00 00 
              00 00 00 
              00 00 00 
              00 00 00 
              00 00 00 



ARM Macro Assembler    Page 11 


              00 00 00 
              00 00 00 
              00 00 00 
              00 00 00 
              00 00 00 
              00 00 00 
              00 00 00 
              00 00 00 
              00 00 00 
              00 00 00 
              00 00 00 
              00 00 00 
              00 00 00 
              00 00 00 
              00 00 00 
              00 00 00 
              00 00 00 
              00 00 00 
              00 00 00 
              00 00 00 
              00 00 00 
              00 00 00 
              00 00 00 
              00 00 00 
              00 00 00 
              00 00 00 
              00 00 00 
              00 00 00 
              00 00 00 
              00 00 00 
              00 00 00 
              00 00 00 
              00 00 00 
              00 00 00 
              00 00 00 
              00 00 00 
              00 00 00 
              00 00 00 
              00 00 00 
              00 00 00 
              00 00 00 
              00 00 00 
              00 00 00 
              00 00 00 
              00 00 00 
              00 00 00 
              00 00 00 
              00 00 00 
              00 00 00 
              00 00 00 
              00 00 00 
              00 00 00 
              00 00 00 
              00 00 00 
              00 00 00 
              00 00 00 
              00 00 00 
              00 00 00 
              00 00 00 



ARM Macro Assembler    Page 12 


              00 00 00 
              00 00 00 
              00 00 00 
              00 00 00 
              00 00 00 
              00 00 00 
              00 00 00 
              00 00 00 
              00 00 00 
              00 00 00 
              00 00 00 
              00 00 00 
              00 00 00 
              00 00 00 
              00 00 00 
              00 00 00 
              00 00 00 
              00 00 00 
              00 00 00 
              00 00 00 
              00 00 00 
              00 00 00 
              00 00 00 
              00 00 00 
              00 00 00 
              00 00 00 
              00 00 00 
              00 00 00 
              00 00 00 
              00 00 00 
              00 00 00 
              00 00 00 
              00 00 00 
              00 00 00 
              00 00 00 
              00 00 00 
              00 00 00 
              00 00 00 
              00 00 00 
              00 00 00 
              00 00 00 
              00 00 00 
              00 00 00 
              00 00 00 
              00 00 00 
              00 00 00 
              00 00 00 
              00 00 00 
              00 00 00 
              00 00 00 
              00 00 00 
              00 00 00 
              00 00 00 
              00 00 00 
              00 00 00 
              00 00 00 
              00 00 00 
              00 00 00 
              00 00 00 



ARM Macro Assembler    Page 13 


              00 00 00 
              00 00 00 
              00 00 00 
              00 00 00 
              00 00 00 
              00 00 00 
              00 00 00 
              00 00 00 
              00 00 00 
              00 00 00 
              00 00 00 
              00 00 00 
              00 00 00 
              00 00 00 
              00 00 00 
              00 00 00 
              00 00 00 
              00 00 00 
              00 00 00 
              00 00 00 
              00 00 00 
              00 00 00 
              00 00 00 
              00 00 00 
              00 00 00 
              00 00 00 
              00 00 00 
              00 00 00 
              00 00 00 
              00 00 00 
              00 00 00 
              00 00 00 
              00 00 00 
              00 00 00 
              00 00 00 
              00 00 00 
              00 00 00 
              00 00 00 
              00 00 00 
              00 00 00 
              00 00 00 
              00 00 00 
              00 00 00 
              00 00 00 
              00 00 00 
              00 00 00 
              00 00 00 
              00 00 00 
              00 00 00 
              00 00 00 
              00 00 00 
              00 00 00 
              00 00 00 
              00 00 00 
              00 00 00 
              00 00 00 
              00 00 00 
              00 00 00 
              00 00 00 



ARM Macro Assembler    Page 14 


              00 00 00 
              00 00 00 
              00 00 00 
              00 00 00 
              00 00 00 
              00 00 00 
              00 00 00 
              00 00 00 
              00 00 00 
              00 00 00 
              00 00 00 
              00 00 00 
              00 00 00 
              00 00 00 
              00 00 00 
              00 00 00 
              00 00 00 
              00 00 00 
              00 00 00 
              00 00 00 
              00 00 00 
              00 00 00 
              00 00 00 
              00 00 00 
              00 00 00 
              00 00 00 
              00 00 00 
              00 00 00 
              00 00 00 
              00 00 00 
              00 00 00 
              00 00 00 
              00 00 00 
              00 00 00 
              00 00 00 
              00 00 00 
              00 00 00 
              00 00 00 
              00 00 00 
              00 00 00 
              00 00 00 
              00 00 00 
              00 00 00 
              00 00 00 
              00 00 00 
              00 00 00 
              00 00 00 
              00 00 00 
              00 00 00 
              00 00 00 
              00 00 00 
              00 00 00 
              00 00 00 
              00 00 00 
              00 00 00 
              00 00 00 
              00 00 00 
              00 00 00 
              00 00 00 



ARM Macro Assembler    Page 15 


              00 00 00 
              00 00 00 
              00 00 00 
              00 00 00 
              00 00 00 
              00 00 00 
              00 00 00 
              00 00 00 
              00 00 00 
              00 00 00 
              00 00 00 
              00 00 00 
              00 00 00 
              00 00 00 
              00 00 00 
              00 00 00 
              00 00 00 
              00 00 00 
              00 00 00 
              00 00 00 
              00 00 00 
              00 00 00 
              00 00 00 
              00 00 00 
              00 00 00 
              00 00 00 
              00 00 00 
              00 00 00 
              00 00 00 
              00 00 00 
              00 00 00 
              00 00 00 
              00 00 00 
              00 00 00 
              00 00 00 
              00 00 00 
              00 00 00 
              00 00 00 
              00 00 00 
              00 00 00 
              00 00 00 
              00 00 00 
              00 00 00 
              00 00 00 
              00 00 00 
              00 00 00 
              00 00 00 
              00 00 00 
              00 00 00 
              00 00 00 
              00 00 00 
              00 00 00 
              00 00 00 
              00 00 00 
              00 00 00 
              00 00 00 
              00 00 00 
              00 00 00 
              00 00 00 



ARM Macro Assembler    Page 16 


              00 00 00 
              00 00 00 
              00 00 00 
              00 00 00 
              00 00 00 
              00 00 00 
              00 00 00 
              00 00 00 
              00 00 00 
              00 00 00 
              00 00 00 
              00 00 00 
              00 00 00 
              00 00 00 
              00 00 00 
              00 00 00 
              00 00 00 
              00 00 00 
              00 00 00 
              00 00 00 
              00 00 00 
              00 00 00 
              00 00 00 
              00 00 00 
              00 00 00 
              00 00 00 
              00 00 00 
              00 00 00 
              00 00 00 
              00 00 00 
              00 00 00 
              00 00 00 
              00 00 00 
              00 00 00 
              00 00 00 
              00 00 00 
              00 00 00 
              00 00 00 
              00 00 00 
              00 00 00 
              00 00 00 
              00 00 00 
              00 00 00 
              00 00 00 
              00 00 00 
              00 00 00 
              00 00 00 
              00 00 00 
              00 00 00 
              00 00 00 
              00 00 00 
              00 00 00 
              00 00 00 
              00 00 00 
              00 00 00 
              00 00 00 
              00 00 00 
              00 00 00 
              00 00 00 



ARM Macro Assembler    Page 17 


              00 00 00 
              00 00 00 
              00 00 00 
              00 00 00 
              00 00 00 
              00 00 00 
              00 00 00 
              00 00 00 
              00 00 00 
              00 00 00 
              00 00 00 
              00 00 00 
              00 00 00 
              00 00 00 
              00 00 00 
              00 00 00 
              00 00 00 
              00 00 00 
              00 00 00 
              00 00 00 
              00 00 00 
              00 00 00 
              00 00 00 
              00 00 00 
              00 00 00 
              00 00 00 
              00 00 00 
              00 00 00 
              00 00 00 
              00 00 00 
              00 00 00 
              00 00 00 
              00 00 00 
              00 00 00 
              00 00 00 
              00 00 00 
              00 00 00 
              00 00 00 
              00 00 00 
              00 00 00 
              00 00 00 
              00 00 00 
              00 00 00 
              00 00 00 
              00 00 00 
              00 00 00 
              00 00 00 
              00 00 00 
              00 00 00 
              00 00 00 
              00 00 00 
              00 00 00 
              00 00 00 
              00 00 00 
              00 00 00 
              00 00 00 
              00 00 00 
              00 00 00 
              00 00 00 



ARM Macro Assembler    Page 18 


              00 00 00 
              00 00 00 
              00 00 00 
              00 00 00 
              00 00 00 
              00 00 00 
              00 00 00 
              00 00 00 
              00 00 00 
              00 00 00 
              00 00 00 
              00 00 00 
              00 00 00 
              00 00 00 
              00 00 00 
              00 00 00 
              00 00 00 
              00 00 00 
              00 00 00 
              00 00 00 
              00 00 00 
              00 00 00 
              00 00 00 
              00 00 00 
              00 00 00 
              00 00 00 
              00 00 00 
              00 00 00 
              00 00 00 
              00 00 00 
              00 00 00 
              00 00 00 
              00 00 00 
              00 00 00 
              00 00 00 
              00 00 00 
              00 00 00 
              00 00 00 
              00 00 00 
              00 00 00 
              00 00 00 
              00 00 00 
              00 00 00 
              00 00 00 
              00 00 00 
              00 00 00 
              00 00 00 
              00 00 00 
              00 00 00 
              00 00 00 
              00 00 00 
              00 00 00 
              00 00 00 
              00 00 00 
              00 00 00 
              00 00 00 
              00 00 00 
              00 00 00 
              00 00 00 



ARM Macro Assembler    Page 19 


              00 00 00 
              00 00 00 
              00 00 00 
              00 00 00 
              00 00 00 
              00 00 00 
              00 00 00 
              00 00 00 
              00 00 00 
              00 00 00 
              00 00 00 
              00 00 00 
              00 00 00 
              00 00 00 
              00 00 00 
              00 00 00 
              00 00 00 
              00 00 00 
              00 00 00 
              00 00 00 
              00 00 00 
              00 00 00 
              00 00 00 
              00 00 00 
              00 00 00 
              00 00 00 
              00 00 00 
              00 00 00 
              00 00 00 
              00 00 00 
              00 00 00 
              00 00 00 
              00 00 00 
              00 00 00 
              00 00 00 
              00 00 00 
              00 00 00 
              00 00 00 
              00 00 00 
              00 00 00 
              00 00 00 
              00 00 00 
              00 00 00 
              00 00 00 
              00 00 00 
              00 00 00 
              00 00 00 
              00 00 00 
              00 00 00 
              00 00 00 
              00 00 00 
              00 00 00 
              00 00 00 
              00 00 00 
              00 00 00 
              00 00 00 
              00 00 00 
              00 00 00 
              00 00 00 



ARM Macro Assembler    Page 20 


              00 00 00 
              00 00 00 
              00 00 00 
              00 00 00 
              00 00 00 
              00 00 00 
              00 00 00 
              00 00 00 
              00 00 00 
              00 00 00 
              00 00 00 
              00 00 00 
              00 00 00 
              00 00 00 
              00 00 00 
              00 00 00 
              00 00 00 
              00 00 00 
              00 00 00 
              00 00 00 
              00 00 00 
              00 00 00 
              00 00 00 
              00 00 00 
              00 00 00 
              00 00 00 
              00 00 00 
              00 00 00 
              00 00 00 
              00 00 00 
              00 00 00 
              00 00 00 
              00 00 00 
              00 00 00 
              00 00 00 
              00 00 00 
              00 00 00 
              00 00 00 
              00 00 00 
              00 00 00 
              00 00 00 
              00 00 00 
              00 00 00 
              00 00 00 
              00 00 00 
              00 00 00 
              00 00 00 
              00 00 00 
              00 00 00 
              00 00 00 
              00 00 00 
              00 00 00 
              00 00 00 
              00 00 00 
              00 00 00 
              00 00 00 
              00 00 00 
              00 00 00 
              00 00 00 



ARM Macro Assembler    Page 21 


              00 00 00 
              00 00 00 
              00 00 00 
              00 00 00 
              00 00 00 
              00 00 00 
              00 00 00 
              00 00 00 
              00 00 00 
              00 00 00 
              00 00 00 
              00 00 00 
              00 00 00 
              00 00 00 
              00 00 00 
              00 00 00 
              00 00 00 
              00 00 00 
              00 00 00 
              00 00 00 
              00 00 00 
              00 00 00 
              00 00 00 
              00 00 00 
              00 00 00 
              00 00 00 
              00 00 00 
              00 00 00 
              00 00 00 
              00 00 00 
              00 00 00 
              00 00 00 
              00 00 00 
              00 00 00 
              00 00 00 
              00 00 00 
              00 00 00 
              00 00 00 
              00 00 00 
              00 00 00 
              00 00 00 
              00 00 00 
              00 00 00 
              00 00 00 
              00 00 00 
              00 00 00 
              00 00 00 
              00 00 00 
              00 00 00 
              00 00 00 
              00 00 00 
              00 00 00 
              00 00 00 
              00 00 00 
              00 00 00 
              00 00 00 
              00 00 00 
              00 00 00 
              00 00 00 



ARM Macro Assembler    Page 22 


              00 00 00 
              00 00 00 
              00 00 00 
              00 00 00 
              00 00 00 
              00 00 00 
              00 00 00 
              00 00 00 
              00 00 00 
              00 00 00 
              00 00 00 
              00 00 00 
              00 00 00 
              00 00 00 
              00 00 00 
              00 00 00 
              00 00 00 
              00 00 00 
              00 00 00 
              00 00 00 
              00 00 00 
              00 00 00 
              00 00 00 
              00 00 00 
              00 00 00 
              00 00 00 
              00 00 00 
              00 00 00 
              00 00 00 
              00 00 00 
              00 00 00 
              00 00 00 
              00 00 00 
              00 00 00 
              00 00 00 
              00 00 00 
              00 00 00 
              00 00 00 
              00 00 00 
              00 00 00 
              00 00 00 
              00 00 00 
              00 00 00 
              00 00 00 
              00 00 00 
              00 00 00 
              00 00 00 
              00 00 00 
              00 00 00 
              00 00 00 
              00 00 00 
              00 00 00 
              00 00 00 
              00 00 00 
              00 00 00 
              00 00 00 
              00 00 00 
              00 00 00 
              00 00 00 



ARM Macro Assembler    Page 23 


              00 00 00 
              00 00 00 
              00 00 00 
              00 00 00 
              00 00 00 
              00 00 00 
              00 00 00 
              00 00 00 
              00 00 00 
              00 00 00 
              00 00 00 
              00 00 00 
              00 00 00 
              00 00 00 
              00 00 00 
              00 00 00 
              00 00 00 
              00 00 00 
              00 00 00 
              00 00 00 
              00 00 00 
              00 00 00 
              00 00 00 
              00 00 00 
              00 00 00 
              00 00 00 
              00 00 00 
              00 00 00 
              00 00 00 
              00 00 00 
              00 00 00 
              00 00 00 
              00 00 00 
              00 00 00 
              00 00 00 
              00 00 00 
              00 00 00 
              00 00 00 
              00 00 00 
              00 00 00 
              00 00 00 
              00 00 00 
              00 00 00 
              00 00 00 
              00 00 00 
              00 00 00 
              00 00 00 
              00 00 00 
              00 00 00 
              00 00 00 
              00 00 00 
              00 00 00 
              00 00 00 
              00 00 00 
              00 00 00 
              00 00 00 
              00 00 00 
              00 00 00 
              00 00 00 



ARM Macro Assembler    Page 24 


              00 00 00 
              00 00 00 
              00 00 00 
              00 00 00 
              00 00 00 
              00 00 00 
              00 00 00 
              00 00 00 
              00 00 00 
              00 00 00 
              00 00 00 
              00 00 00 
              00 00 00 
              00 00 00 
              00 00 00 
              00 00 00 
              00 00 00 
              00 00 00 
              00 00 00 
              00 00 00 
              00 00 00 
              00 00 00 
              00 00 00 
              00 00 00 
              00 00 00 
              00 00 00 
              00 00 00 
              00 00 00 
              00 00 00 
              00 00 00 
              00 00 00 
              00 00 00 
              00 00 00 
              00 00 00 
              00 00 00 
              00 00 00 
              00 00 00 
              00 00 00 
              00 00 00 
              00 00 00 
              00 00 00 
              00 00 00 
              00 00 00 
              00 00 00 
              00 00 00 
              00 00 00 
              00 00 00 
              00 00 00 
              00 00 00 
              00 00 00 
              00 00 00 
              00 00 00 
              00 00 00 
              00 00 00 
              00 00 00 
              00 00 00 
              00 00 00 
              00 00 00 
              00 00 00 



ARM Macro Assembler    Page 25 


              00 00 00 
              00 00 00 
              00 00 00 
              00 00 00 
              00 00 00 
              00 00 00 
              00 00 00 
              00 00 00 
              00 00 00 
              00 00 00 
              00 00 00 
              00 00 00 
              00 00 00 
              00 00 00 
              00 00 00 
              00 00 00 
              00 00 00 
              00 00 00 
              00 00 00 
              00 00 00 
              00 00 00 
              00 00 00 
              00 00 00 
              00 00 00 
              00 00 00 
              00 00 00 
              00 00 00 
              00 00 00 
              00 00 00 
              00 00 00 
              00 00 00 
              00 00 00 
              00 00 00 
              00 00 00 
              00 00 00 
              00 00 00 
              00 00 00 
              00 00 00 
              00 00 00 
              00 00 00 
              00 00 00 
              00 00 00 
              00 00 00 
              00 00 00 
              00 00 00 
              00 00 00 
              00 00 00 
              00 00 00 
              00 00 00 
              00 00 00 
              00 00 00 
              00 00 00 
              00 00 00 
              00 00 00 
              00 00 00 
              00 00 00 
              00 00 00 
              00 00 00 
              00 00 00 



ARM Macro Assembler    Page 26 


              00 00 00 
              00 00 00 
              00 00 00 
              00 00 00 
              00 00 00 
              00 00 00 
              00 00 00 
              00 00 00 
              00 00 00 
              00 00 00 
              00 00 00 
              00 00 00 
              00 00 00 
              00 00 00 
              00 00 00 
              00 00 00 
              00 00 00 
              00 00 00 
              00 00 00 
              00 00 00 
              00 00 00 
              00 00 00 
              00 00 00 
              00 00 00 
              00 00 00 
              00 00 00 
              00 00 00 
              00 00 00 
              00 00 00 
              00 00 00 
              00 00 00 
              00 00 00 
              00 00 00 
              00 00 00 
              00 00 00 
              00 00 00 
              00 00 00 
              00 00 00 
              00 00 00 
              00 00 00 
              00 00 00 
              00 00 00 
              00 00 00 
              00 00 00 
              00 00 00 
              00 00 00 
              00 00 00 
              00 00 00 
              00 00 00 
              00 00 00 
              00 00 00 
              00 00 00 
              00 00 00 
              00 00 00 
              00 00 00 
              00 00 00 
              00 00 00 
              00 00 00 
              00 00 00 



ARM Macro Assembler    Page 27 


              00 00 00 
              00 00 00 
              00 00 00 
              00 00 00 
              00 00 00 
              00 00 00 
              00 00 00 
              00 00 00 
              00 00 00 
              00 00 00 
              00 00 00 
              00 00 00 
              00 00 00 
              00 00 00 
              00 00 00 
              00 00 00 
              00 00 00 
              00 00 00 
              00 00 00 
              00 00 00 
              00 00 00 
              00 00 00 
              00 00 00 
              00 00 00 
              00 00 00 
              00 00 00 
              00 00 00 
              00 00 00 
              00 00 00 
              00 00 00 
              00 00 00 
              00 00 00 
              00 00 00 
              00 00 00 
              00 00 00 
              00 00 00 
              00 00 00 
              00 00 00 
              00 00 00 
              00 00 00 
              00 00 00 
              00 00 00 
              00 00 00 
              00 00 00 
              00 00 00 
              00 00 00 
              00 00 00 
              00 00 00 
              00 00 00 
              00 00 00 
              00 00 00 
              00 00 00 
              00 00 00 
              00 00 00 
              00 00 00 
              00 00 00 
              00 00 00 
              00 00 00 
              00 00 00 



ARM Macro Assembler    Page 28 


              00 00 00 
              00 00 00 
              00 00 00 
              00 00 00 
              00 00 00 
              00 00 00 
              00 00 00 
              00 00 00 
              00 00 00 
              00 00 00 
              00 00 00 
              00 00 00 
              00 00 00 
              00 00 00 
              00 00 00 
              00 00 00 
              00 00 00 
              00 00 00 
              00 00 00 
              00 00 00 
              00 00 00 
              00 00 00 
              00 00 00 
              00 00 00 
              00 00 00 
              00 00 00 
              00 00 00 
              00 00 00 
              00 00 00 
              00 00 00 
              00 00 00 
              00 00 00 
              00 00 00 
              00 00 00 
              00 00 00 
              00 00 00 
              00 00 00 
              00 00 00 
              00 00 00 
              00 00 00 
              00 00 00 
              00 00 00 
              00 00 00 
              00 00 00 
              00 00 00 
              00 00 00 
              00 00 00 
              00 00 00 
              00 00 00 
              00 00 00 
              00 00 00 
              00 00 00 
              00 00 00 
              00 00 00 
              00 00 00 
              00 00 00 
              00 00 00 
              00 00 00 
              00 00 00 



ARM Macro Assembler    Page 29 


              00 00 00 
              00 00 00 
              00 00 00 
              00 00 00 
              00 00 00 
              00 00 00 
              00 00 00 
              00 00 00 
              00 00 00 
              00 00 00 
              00 00 00 
              00 00 00 
              00 00 00 
              00 00 00 
              00 00 00 
              00 00 00 
              00 00 00 
              00 00 00 
              00 00 00 
              00 00 00 
              00 00 00 
              00 00 00 
              00 00 00 
              00 00 00 
              00 00 00 
              00 00 00 
              00 00 00 
              00 00 00 
              00 00 00 
              00 00 00 
              00 00 00 
              00 00 00 
              00 00 00 
              00 00 00 
              00 00 00 
              00 00 00 
              00 00 00 
              00 00 00 
              00 00 00 
              00 00 00 
              00 00 00 
              00 00 00 
              00 00 00 
              00 00 00 
              00 00 00 
              00 00 00 
              00 00 00 
              00 00 00 
              00 00 00 
              00 00 00 
              00 00 00 
              00 00 00 
              00 00 00 
              00 00 00 
              00 00 00 
              00 00 00 
              00 00 00 
              00 00 00 
              00 00 00 



ARM Macro Assembler    Page 30 


              00 00 00 
              00 00 00 
              00 00 00 
              00 00 00 
              00 00 00 
              00 00 00 
              00 00 00 
              00 00 00 
              00 00 00 
              00 00 00 
              00 00 00 
              00 00 00 
              00 00 00 
              00 00 00 
              00 00 00 
              00 00 00 
              00 00 00 
              00 00 00 
              00 00 00 
              00 00 00 
              00 00 00 
              00 00 00 
              00 00 00 
              00 00 00 
              00 00 00 
              00 00 00 
              00 00 00 
              00 00 00 
              00 00 00 
              00 00 00 
              00 00 00 
              00 00 00 
              00 00 00 
              00 00 00 
              00 00 00 
              00 00 00 
              00 00 00 
              00 00 00 
              00 00 00 
              00 00 00 
              00 00 00 
              00 00 00 
              00 00 00 
              00 00 00 
              00 00 00 
              00 00 00 
              00 00 00 
              00 00 00 
              00 00 00 
              00 00 00 
              00 00 00 
              00 00 00 
              00 00 00 
              00 00 00 
              00 00 00 
              00 00 00 
              00 00 00 
              00 00 00 
              00 00 00 



ARM Macro Assembler    Page 31 


              00 00 00 
              00 00 00 
              00 00 00 
              00 00 00 
              00 00 00 
              00 00 00 
              00 00 00 
              00 00 00 
              00 00 00 
              00 00 00 
              00 00 00 
              00 00 00 
              00 00 00 
              00 00 00 
              00 00 00 
              00 00 00 
              00 00 00 
              00 00 00 
              00 00 00 
              00 00 00 
              00 00 00 
              00 00 00 
              00 00 00 
              00 00 00 
              00 00 00 
              00 00 00 
              00 00 00 
              00 00 00 
              00 00 00 
              00 00 00 
              00 00 00 
              00 00 00 
              00 00 00 
              00 00 00 
              00 00 00 
              00 00 00 
              00 00 00 
              00 00 00 
              00 00 00 
              00 00 00 
              00 00 00 
              00 00 00 
              00 00 00 
              00 00 00 
              00 00 00 
              00 00 00 
              00 00 00 
              00 00 00 
              00 00 00 
              00 00 00 
              00 00 00 
              00 00 00 
              00 00 00 
              00 00 00 
              00 00 00 
              00 00 00 
              00 00 00 
              00 00 00 
              00 00 00 



ARM Macro Assembler    Page 32 


              00 00 00 
              00 00 00 
              00 00 00 
              00 00 00 
              00 00 00 
              00 00 00 
              00 00 00 
              00 00 00 
              00 00 00 
              00 00 00 
              00 00 00 
              00 00 00 
              00 00 00 
              00 00 00 
              00 00 00 
              00 00 00 
              00 00 00 
              00 00 00 
              00 00 00 
              00 00 00 
              00 00 00 
              00 00 00 
              00 00 00 
              00 00 00 
              00 00 00 
              00 00 00 
              00 00 00 
              00 00 00 
              00 00 00 
              00               SPACE            4096
  362 00001158                 AREA             myData, DATA, READONLY, align =
 2
  363 00000000         
  364 00000000 00000006 
              00000514 
              00000003 
              000006A4 
              00000002 
              000004B0 
              00000004 
              0000076C Calories_food
                               DCD              0x06, 1300, 0x03, 1700, 0x02, 1
200, 0x04, 1900
  365 00000020 00000005 
              00000456 
              00000001 
              00000686 
              00000007 
              000003E8         DCD              0x05, 1110, 0x01, 1670, 0x07, 1
000
  366 00000038         
  367 00000038 00000002 
              000001F4 
              00000005 
              00000320 
              00000006 
              00000190 Calories_sport
                               DCD              0x02, 500, 0x05, 800, 0x06, 400
  368 00000050         



ARM Macro Assembler    Page 33 


  369 00000050 07      Num_days
                               DCB              7
  370 00000051 03      Num_days_sport
                               DCB              3
  371 00000052         
  372 00000052                 AREA             sol, DATA, READWRITE, align=2
  373 00000000         
  374 00000000 00 00 00 
              00 00 00 
              00 00 00 
              00 00 00 
              00 00 00 
              00 00 00 
              00 00 00 
              00 00 00 
              00 00 00 
              00       Calories_food_ordered
                               SPACE            28
  375 0000001C 00 00 00 
              00 00 00 
              00 00 00 
              00 00 00 Calories_sport_ordered
                               SPACE            12
  376 00000028         
  377 00000028         
  378 00000028         ; User Initial Stack & Heap
  379 00000028         
  380 00000028                 EXPORT           __initial_sp
  381 00000028                 EXPORT           __heap_base
  382 00000028                 EXPORT           __heap_limit
  383 00000028         
  384 00000028                 END
Command Line: --debug --xref --diag_suppress=9931 --cpu=Cortex-M3 --apcs=interw
ork --depend=.\startup.d -o.\startup.o -I.\RTE\_Target_1 -IC:\Users\lorys\AppDa
ta\Local\Arm\Packs\ARM\CMSIS\5.8.0\CMSIS\Core\Include -IC:\Users\lorys\AppData\
Local\Arm\Packs\Keil\LPC1700_DFP\2.7.1\Device\Include --predefine="__EVAL SETA 
1" --predefine="__UVISION_VERSION SETA 536" --predefine="_RTE_ SETA 1" --predef
ine="LPC175x_6x SETA 1" --predefine="_RTE_ SETA 1" --list=.\startup.lst startup
.s



ARM Macro Assembler    Page 1 Alphabetic symbol ordering
Relocatable symbols

STACK 00000000

Symbol: STACK
   Definitions
      At line 33 in file startup.s
   Uses
      None
Comment: STACK unused
Stack_Mem 00000000

Symbol: Stack_Mem
   Definitions
      At line 34 in file startup.s
   Uses
      None
Comment: Stack_Mem unused
__initial_sp 00000200

Symbol: __initial_sp
   Definitions
      At line 35 in file startup.s
   Uses
      At line 59 in file startup.s
      At line 380 in file startup.s

3 symbols



ARM Macro Assembler    Page 1 Alphabetic symbol ordering
Relocatable symbols

HEAP 00000000

Symbol: HEAP
   Definitions
      At line 44 in file startup.s
   Uses
      None
Comment: HEAP unused
Heap_Mem 00000000

Symbol: Heap_Mem
   Definitions
      At line 46 in file startup.s
   Uses
      None
Comment: Heap_Mem unused
__heap_base 00000000

Symbol: __heap_base
   Definitions
      At line 45 in file startup.s
   Uses
      At line 381 in file startup.s
Comment: __heap_base used once
__heap_limit 00000000

Symbol: __heap_limit
   Definitions
      At line 47 in file startup.s
   Uses
      At line 382 in file startup.s
Comment: __heap_limit used once
4 symbols



ARM Macro Assembler    Page 1 Alphabetic symbol ordering
Relocatable symbols

RESET 00000000

Symbol: RESET
   Definitions
      At line 56 in file startup.s
   Uses
      None
Comment: RESET unused
__Vectors 00000000

Symbol: __Vectors
   Definitions
      At line 59 in file startup.s
   Uses
      At line 57 in file startup.s
Comment: __Vectors used once
2 symbols



ARM Macro Assembler    Page 1 Alphabetic symbol ordering
Relocatable symbols

.ARM.__at_0x02FC 00000000

Symbol: .ARM.__at_0x02FC
   Definitions
      At line 115 in file startup.s
   Uses
      None
Comment: .ARM.__at_0x02FC unused
CRP_Key 00000000

Symbol: CRP_Key
   Definitions
      At line 116 in file startup.s
   Uses
      None
Comment: CRP_Key unused
2 symbols



ARM Macro Assembler    Page 1 Alphabetic symbol ordering
Relocatable symbols

.text 00000000

Symbol: .text
   Definitions
      At line 120 in file startup.s
   Uses
      None
Comment: .text unused
ADC_IRQHandler 00000130

Symbol: ADC_IRQHandler
   Definitions
      At line 339 in file startup.s
   Uses
      At line 99 in file startup.s
      At line 303 in file startup.s

BOD_IRQHandler 00000130

Symbol: BOD_IRQHandler
   Definitions
      At line 340 in file startup.s
   Uses
      At line 100 in file startup.s
      At line 304 in file startup.s

BusFault_Handler 00000124

Symbol: BusFault_Handler
   Definitions
      At line 252 in file startup.s
   Uses
      At line 64 in file startup.s
      At line 253 in file startup.s

CANActivity_IRQHandler 00000130

Symbol: CANActivity_IRQHandler
   Definitions
      At line 351 in file startup.s
   Uses
      At line 111 in file startup.s
      At line 315 in file startup.s

CAN_IRQHandler 00000130

Symbol: CAN_IRQHandler
   Definitions
      At line 342 in file startup.s
   Uses
      At line 102 in file startup.s
      At line 306 in file startup.s

DMA_IRQHandler 00000130

Symbol: DMA_IRQHandler
   Definitions
      At line 343 in file startup.s
   Uses



ARM Macro Assembler    Page 2 Alphabetic symbol ordering
Relocatable symbols

      At line 103 in file startup.s
      At line 307 in file startup.s

DebugMon_Handler 0000012A

Symbol: DebugMon_Handler
   Definitions
      At line 266 in file startup.s
   Uses
      At line 71 in file startup.s
      At line 267 in file startup.s

Default_Handler 00000130

Symbol: Default_Handler
   Definitions
      At line 279 in file startup.s
   Uses
      None
Comment: Default_Handler unused
EINT0_IRQHandler 00000130

Symbol: EINT0_IRQHandler
   Definitions
      At line 335 in file startup.s
   Uses
      At line 95 in file startup.s
      At line 299 in file startup.s

EINT1_IRQHandler 00000130

Symbol: EINT1_IRQHandler
   Definitions
      At line 336 in file startup.s
   Uses
      At line 96 in file startup.s
      At line 300 in file startup.s

EINT2_IRQHandler 00000130

Symbol: EINT2_IRQHandler
   Definitions
      At line 337 in file startup.s
   Uses
      At line 97 in file startup.s
      At line 301 in file startup.s

EINT3_IRQHandler 00000130

Symbol: EINT3_IRQHandler
   Definitions
      At line 338 in file startup.s
   Uses
      At line 98 in file startup.s
      At line 302 in file startup.s

ENET_IRQHandler 00000130

Symbol: ENET_IRQHandler



ARM Macro Assembler    Page 3 Alphabetic symbol ordering
Relocatable symbols

   Definitions
      At line 345 in file startup.s
   Uses
      At line 105 in file startup.s
      At line 309 in file startup.s

EXT_LOOP 000000DC

Symbol: EXT_LOOP
   Definitions
      At line 207 in file startup.s
   Uses
      At line 228 in file startup.s
Comment: EXT_LOOP used once
HardFault_Handler 00000120

Symbol: HardFault_Handler
   Definitions
      At line 242 in file startup.s
   Uses
      At line 62 in file startup.s
      At line 243 in file startup.s

I2C0_IRQHandler 00000130

Symbol: I2C0_IRQHandler
   Definitions
      At line 327 in file startup.s
   Uses
      At line 87 in file startup.s
      At line 291 in file startup.s

I2C1_IRQHandler 00000130

Symbol: I2C1_IRQHandler
   Definitions
      At line 328 in file startup.s
   Uses
      At line 88 in file startup.s
      At line 292 in file startup.s

I2C2_IRQHandler 00000130

Symbol: I2C2_IRQHandler
   Definitions
      At line 329 in file startup.s
   Uses
      At line 89 in file startup.s
      At line 293 in file startup.s

I2S_IRQHandler 00000130

Symbol: I2S_IRQHandler
   Definitions
      At line 344 in file startup.s
   Uses
      At line 104 in file startup.s
      At line 308 in file startup.s




ARM Macro Assembler    Page 4 Alphabetic symbol ordering
Relocatable symbols

INT_LOOP 000000F4

Symbol: INT_LOOP
   Definitions
      At line 215 in file startup.s
   Uses
      At line 226 in file startup.s
Comment: INT_LOOP used once
LOOP 0000002E

Symbol: LOOP
   Definitions
      At line 151 in file startup.s
   Uses
      At line 167 in file startup.s
      At line 176 in file startup.s
      At line 189 in file startup.s

MCPWM_IRQHandler 00000130

Symbol: MCPWM_IRQHandler
   Definitions
      At line 347 in file startup.s
   Uses
      At line 107 in file startup.s
      At line 311 in file startup.s

MemManage_Handler 00000122

Symbol: MemManage_Handler
   Definitions
      At line 247 in file startup.s
   Uses
      At line 63 in file startup.s
      At line 248 in file startup.s

NMI_Handler 0000011E

Symbol: NMI_Handler
   Definitions
      At line 237 in file startup.s
   Uses
      At line 61 in file startup.s
      At line 238 in file startup.s

PLL0_IRQHandler 00000130

Symbol: PLL0_IRQHandler
   Definitions
      At line 333 in file startup.s
   Uses
      At line 93 in file startup.s
      At line 297 in file startup.s

PLL1_IRQHandler 00000130

Symbol: PLL1_IRQHandler
   Definitions
      At line 349 in file startup.s



ARM Macro Assembler    Page 5 Alphabetic symbol ordering
Relocatable symbols

   Uses
      At line 109 in file startup.s
      At line 313 in file startup.s

PWM1_IRQHandler 00000130

Symbol: PWM1_IRQHandler
   Definitions
      At line 326 in file startup.s
   Uses
      At line 86 in file startup.s
      At line 290 in file startup.s

PendSV_Handler 0000012C

Symbol: PendSV_Handler
   Definitions
      At line 270 in file startup.s
   Uses
      At line 73 in file startup.s
      At line 271 in file startup.s

QEI_IRQHandler 00000130

Symbol: QEI_IRQHandler
   Definitions
      At line 348 in file startup.s
   Uses
      At line 108 in file startup.s
      At line 312 in file startup.s

RIT_IRQHandler 00000130

Symbol: RIT_IRQHandler
   Definitions
      At line 346 in file startup.s
   Uses
      At line 106 in file startup.s
      At line 310 in file startup.s

RTC_IRQHandler 00000130

Symbol: RTC_IRQHandler
   Definitions
      At line 334 in file startup.s
   Uses
      At line 94 in file startup.s
      At line 298 in file startup.s

Reset_Handler 00000000

Symbol: Reset_Handler
   Definitions
      At line 135 in file startup.s
   Uses
      At line 60 in file startup.s
      At line 136 in file startup.s
      At line 137 in file startup.s




ARM Macro Assembler    Page 6 Alphabetic symbol ordering
Relocatable symbols

SPI_IRQHandler 00000130

Symbol: SPI_IRQHandler
   Definitions
      At line 330 in file startup.s
   Uses
      At line 90 in file startup.s
      At line 294 in file startup.s

SSP0_IRQHandler 00000130

Symbol: SSP0_IRQHandler
   Definitions
      At line 331 in file startup.s
   Uses
      At line 91 in file startup.s
      At line 295 in file startup.s

SSP1_IRQHandler 00000130

Symbol: SSP1_IRQHandler
   Definitions
      At line 332 in file startup.s
   Uses
      At line 92 in file startup.s
      At line 296 in file startup.s

SVC_Handler 00000128

Symbol: SVC_Handler
   Definitions
      At line 261 in file startup.s
   Uses
      At line 70 in file startup.s
      At line 262 in file startup.s

SysTick_Handler 0000012E

Symbol: SysTick_Handler
   Definitions
      At line 274 in file startup.s
   Uses
      At line 74 in file startup.s
      At line 275 in file startup.s

TIMER0_IRQHandler 00000130

Symbol: TIMER0_IRQHandler
   Definitions
      At line 318 in file startup.s
   Uses
      At line 78 in file startup.s
      At line 282 in file startup.s

TIMER1_IRQHandler 00000130

Symbol: TIMER1_IRQHandler
   Definitions
      At line 319 in file startup.s



ARM Macro Assembler    Page 7 Alphabetic symbol ordering
Relocatable symbols

   Uses
      At line 79 in file startup.s
      At line 283 in file startup.s

TIMER2_IRQHandler 00000130

Symbol: TIMER2_IRQHandler
   Definitions
      At line 320 in file startup.s
   Uses
      At line 80 in file startup.s
      At line 284 in file startup.s

TIMER3_IRQHandler 00000130

Symbol: TIMER3_IRQHandler
   Definitions
      At line 321 in file startup.s
   Uses
      At line 81 in file startup.s
      At line 285 in file startup.s

UART0_IRQHandler 00000130

Symbol: UART0_IRQHandler
   Definitions
      At line 322 in file startup.s
   Uses
      At line 82 in file startup.s
      At line 286 in file startup.s

UART1_IRQHandler 00000130

Symbol: UART1_IRQHandler
   Definitions
      At line 323 in file startup.s
   Uses
      At line 83 in file startup.s
      At line 287 in file startup.s

UART2_IRQHandler 00000130

Symbol: UART2_IRQHandler
   Definitions
      At line 324 in file startup.s
   Uses
      At line 84 in file startup.s
      At line 288 in file startup.s

UART3_IRQHandler 00000130

Symbol: UART3_IRQHandler
   Definitions
      At line 325 in file startup.s
   Uses
      At line 85 in file startup.s
      At line 289 in file startup.s

USBActivity_IRQHandler 00000130



ARM Macro Assembler    Page 8 Alphabetic symbol ordering
Relocatable symbols


Symbol: USBActivity_IRQHandler
   Definitions
      At line 350 in file startup.s
   Uses
      At line 110 in file startup.s
      At line 314 in file startup.s

USB_IRQHandler 00000130

Symbol: USB_IRQHandler
   Definitions
      At line 341 in file startup.s
   Uses
      At line 101 in file startup.s
      At line 305 in file startup.s

UsageFault_Handler 00000126

Symbol: UsageFault_Handler
   Definitions
      At line 257 in file startup.s
   Uses
      At line 65 in file startup.s
      At line 258 in file startup.s

WDT_IRQHandler 00000130

Symbol: WDT_IRQHandler
   Definitions
      At line 317 in file startup.s
   Uses
      At line 77 in file startup.s
      At line 281 in file startup.s

50 symbols



ARM Macro Assembler    Page 1 Alphabetic symbol ordering
Relocatable symbols

Calories_food 00000000

Symbol: Calories_food
   Definitions
      At line 364 in file startup.s
   Uses
      At line 139 in file startup.s
      At line 195 in file startup.s

Calories_sport 00000038

Symbol: Calories_sport
   Definitions
      At line 367 in file startup.s
   Uses
      At line 179 in file startup.s
      At line 196 in file startup.s

Num_days 00000050

Symbol: Num_days
   Definitions
      At line 369 in file startup.s
   Uses
      At line 144 in file startup.s
      At line 191 in file startup.s

Num_days_sport 00000051

Symbol: Num_days_sport
   Definitions
      At line 370 in file startup.s
   Uses
      At line 184 in file startup.s
      At line 193 in file startup.s

myData 00000000

Symbol: myData
   Definitions
      At line 362 in file startup.s
   Uses
      None
Comment: myData unused
5 symbols



ARM Macro Assembler    Page 1 Alphabetic symbol ordering
Relocatable symbols

Calories_food_ordered 00000000

Symbol: Calories_food_ordered
   Definitions
      At line 374 in file startup.s
   Uses
      At line 149 in file startup.s
Comment: Calories_food_ordered used once
Calories_sport_ordered 0000001C

Symbol: Calories_sport_ordered
   Definitions
      At line 375 in file startup.s
   Uses
      At line 188 in file startup.s
Comment: Calories_sport_ordered used once
sol 00000000

Symbol: sol
   Definitions
      At line 372 in file startup.s
   Uses
      None
Comment: sol unused
3 symbols



ARM Macro Assembler    Page 1 Alphabetic symbol ordering
Absolute symbols

Heap_Size 00000000

Symbol: Heap_Size
   Definitions
      At line 42 in file startup.s
   Uses
      At line 46 in file startup.s
Comment: Heap_Size used once
Stack_Size 00000200

Symbol: Stack_Size
   Definitions
      At line 31 in file startup.s
   Uses
      At line 34 in file startup.s
Comment: Stack_Size used once
2 symbols
418 symbols in table
