


ARM Macro Assembler    Page 1 


    1 00000000         ;/******************************************************
                       ***********************
    2 00000000         ; * @file:    startup_LPC17xx.s
    3 00000000         ; * @purpose: CMSIS Cortex-M3 Core Device Startup File 
    4 00000000         ; *           for the NXP LPC17xx Device Series 
    5 00000000         ; * @version: V1.01
    6 00000000         ; * @date:    21. December 2009
    7 00000000         ; *------- <<< Use Configuration Wizard in Context Menu 
                       >>> ------------------
    8 00000000         ; *
    9 00000000         ; * Copyright (C) 2009 ARM Limited. All rights reserved.
                       
   10 00000000         ; * ARM Limited (ARM) is supplying this software for use
                        with Cortex-M3 
   11 00000000         ; * processor based microcontrollers.  This file can be 
                       freely distributed 
   12 00000000         ; * within development tools that are supporting such AR
                       M based processors. 
   13 00000000         ; *
   14 00000000         ; * THIS SOFTWARE IS PROVIDED "AS IS".  NO WARRANTIES, W
                       HETHER EXPRESS, IMPLIED
   15 00000000         ; * OR STATUTORY, INCLUDING, BUT NOT LIMITED TO, IMPLIED
                        WARRANTIES OF
   16 00000000         ; * MERCHANTABILITY AND FITNESS FOR A PARTICULAR PURPOSE
                        APPLY TO THIS SOFTWARE.
   17 00000000         ; * ARM SHALL NOT, IN ANY CIRCUMSTANCES, BE LIABLE FOR S
                       PECIAL, INCIDENTAL, OR
   18 00000000         ; * CONSEQUENTIAL DAMAGES, FOR ANY REASON WHATSOEVER.
   19 00000000         ; *
   20 00000000         ; ******************************************************
                       ***********************/
   21 00000000         
   22 00000000         
   23 00000000         ; <h> Stack Configuration
   24 00000000         ;   <o> Stack Size (in Bytes) <0x0-0xFFFFFFFF:8>
   25 00000000         ; </h>
   26 00000000         
   27 00000000 00002000 
                       Stack_Size
                               EQU              0x00002000
   28 00000000         
   29 00000000                 AREA             STACK, NOINIT, READWRITE, ALIGN
=3
   30 00000000         Stack_Mem
                               SPACE            Stack_Size
   31 00002000         __initial_sp
   32 00002000         
   33 00002000         
   34 00002000         ; <h> Heap Configuration
   35 00002000         ;   <o>  Heap Size (in Bytes) <0x0-0xFFFFFFFF:8>
   36 00002000         ; </h>
   37 00002000         
   38 00002000 00000000 
                       Heap_Size
                               EQU              0x00000000
   39 00002000         
   40 00002000                 AREA             HEAP, NOINIT, READWRITE, ALIGN=
3
   41 00000000         __heap_base



ARM Macro Assembler    Page 2 


   42 00000000         Heap_Mem
                               SPACE            Heap_Size
   43 00000000         __heap_limit
   44 00000000         
   45 00000000         
   46 00000000                 PRESERVE8
   47 00000000                 THUMB
   48 00000000         
   49 00000000         
   50 00000000         ; Vector Table Mapped to Address 0 at Reset
   51 00000000         
   52 00000000                 AREA             RESET, DATA, READONLY
   53 00000000                 EXPORT           __Vectors
   54 00000000         
   55 00000000 00000000 
                       __Vectors
                               DCD              __initial_sp ; Top of Stack
   56 00000004 00000000        DCD              Reset_Handler ; Reset Handler
   57 00000008 00000000        DCD              NMI_Handler ; NMI Handler
   58 0000000C 00000000        DCD              HardFault_Handler ; Hard Fault 
                                                            Handler
   59 00000010 00000000        DCD              MemManage_Handler 
                                                            ; MPU Fault Handler
                                                            
   60 00000014 00000000        DCD              BusFault_Handler 
                                                            ; Bus Fault Handler
                                                            
   61 00000018 00000000        DCD              UsageFault_Handler ; Usage Faul
                                                            t Handler
   62 0000001C 00000000        DCD              0           ; Reserved
   63 00000020 00000000        DCD              0           ; Reserved
   64 00000024 00000000        DCD              0           ; Reserved
   65 00000028 00000000        DCD              0           ; Reserved
   66 0000002C 00000000        DCD              SVC_Handler ; SVCall Handler
   67 00000030 00000000        DCD              DebugMon_Handler ; Debug Monito
                                                            r Handler
   68 00000034 00000000        DCD              0           ; Reserved
   69 00000038 00000000        DCD              PendSV_Handler ; PendSV Handler
                                                            
   70 0000003C 00000000        DCD              SysTick_Handler 
                                                            ; SysTick Handler
   71 00000040         
   72 00000040         ; External Interrupts
   73 00000040 00000000        DCD              WDT_IRQHandler ; 16: Watchdog T
                                                            imer
   74 00000044 00000000        DCD              TIMER0_IRQHandler ; 17: Timer0
   75 00000048 00000000        DCD              TIMER1_IRQHandler ; 18: Timer1
   76 0000004C 00000000        DCD              TIMER2_IRQHandler ; 19: Timer2
   77 00000050 00000000        DCD              TIMER3_IRQHandler ; 20: Timer3
   78 00000054 00000000        DCD              UART0_IRQHandler ; 21: UART0
   79 00000058 00000000        DCD              UART1_IRQHandler ; 22: UART1
   80 0000005C 00000000        DCD              UART2_IRQHandler ; 23: UART2
   81 00000060 00000000        DCD              UART3_IRQHandler ; 24: UART3
   82 00000064 00000000        DCD              PWM1_IRQHandler ; 25: PWM1
   83 00000068 00000000        DCD              I2C0_IRQHandler ; 26: I2C0
   84 0000006C 00000000        DCD              I2C1_IRQHandler ; 27: I2C1
   85 00000070 00000000        DCD              I2C2_IRQHandler ; 28: I2C2
   86 00000074 00000000        DCD              SPI_IRQHandler ; 29: SPI
   87 00000078 00000000        DCD              SSP0_IRQHandler ; 30: SSP0



ARM Macro Assembler    Page 3 


   88 0000007C 00000000        DCD              SSP1_IRQHandler ; 31: SSP1
   89 00000080 00000000        DCD              PLL0_IRQHandler ; 32: PLL0 Lock
                                                             (Main PLL)
   90 00000084 00000000        DCD              RTC_IRQHandler ; 33: Real Time 
                                                            Clock
   91 00000088 00000000        DCD              EINT0_IRQHandler ; 34: External
                                                             Interrupt 0
   92 0000008C 00000000        DCD              EINT1_IRQHandler ; 35: External
                                                             Interrupt 1
   93 00000090 00000000        DCD              EINT2_IRQHandler ; 36: External
                                                             Interrupt 2
   94 00000094 00000000        DCD              EINT3_IRQHandler ; 37: External
                                                             Interrupt 3
   95 00000098 00000000        DCD              ADC_IRQHandler 
                                                            ; 38: A/D Converter
                                                            
   96 0000009C 00000000        DCD              BOD_IRQHandler ; 39: Brown-Out 
                                                            Detect
   97 000000A0 00000000        DCD              USB_IRQHandler ; 40: USB
   98 000000A4 00000000        DCD              CAN_IRQHandler ; 41: CAN
   99 000000A8 00000000        DCD              DMA_IRQHandler ; 42: General Pu
                                                            rpose DMA
  100 000000AC 00000000        DCD              I2S_IRQHandler ; 43: I2S
  101 000000B0 00000000        DCD              ENET_IRQHandler ; 44: Ethernet
  102 000000B4 00000000        DCD              RIT_IRQHandler ; 45: Repetitive
                                                             Interrupt Timer
  103 000000B8 00000000        DCD              MCPWM_IRQHandler ; 46: Motor Co
                                                            ntrol PWM
  104 000000BC 00000000        DCD              QEI_IRQHandler ; 47: Quadrature
                                                             Encoder Interface
  105 000000C0 00000000        DCD              PLL1_IRQHandler ; 48: PLL1 Lock
                                                             (USB PLL)
  106 000000C4 00000000        DCD              USBActivity_IRQHandler ; USB Ac
                                                            tivity interrupt to
                                                             wakeup
  107 000000C8 00000000        DCD              CANActivity_IRQHandler ; CAN Ac
                                                            tivity interrupt to
                                                             wakeup
  108 000000CC         
  109 000000CC         
  110 000000CC                 IF               :LNOT::DEF:NO_CRP
  111 000000CC                 AREA             |.ARM.__at_0x02FC|, CODE, READO
NLY
  112 00000000 FFFFFFFF 
                       CRP_Key DCD              0xFFFFFFFF
  113 00000004                 ENDIF
  114 00000004         
  115 00000004         
  116 00000004                 AREA             |.text|, CODE, READONLY
  117 00000000         
  118 00000000         
  119 00000000         ; Reset Handler
  120 00000000         
  121 00000000         Reset_Handler
                               PROC
  122 00000000                 EXPORT           Reset_Handler             [WEAK
]
  123 00000000                 IMPORT           __main
  124 00000000 4800            LDR              R0, =__main



ARM Macro Assembler    Page 4 


  125 00000002 4700            BX               R0
  126 00000004                 ENDP
  127 00000004         
  128 00000004         
  129 00000004 00000000        AREA             MyFunction, CODE, READONLY
  130 00000000                 EXPORT           funz
  131 00000000         
  132 00000000         funz    proc
  133 00000000 46EC            mov              r12, sp
  134 00000002 E92D 4DF0       push             {r4-r8, r10, r11, lr}
  135 00000006         
  136 00000006         
  137 00000006         
  138 00000006 E8BD 8DF0       pop              {r4-r8, r10, r11, pc}
  139 0000000A 4770            bx               lr
  140 0000000C                 endp
  141 0000000C         
  142 0000000C         ;Istruzioni utili
  143 0000000C         ;LDR R0, =0XFFFFFF9             //DOVE 0XFFFFFF9 è UN IN
                       DIRIZZO
  144 0000000C         ;MUL / UDIV / SDIV
  145 0000000C         ;LDR/STR Rd, [Rn], #OFFSET          //CARICA DALL'INDIRI
                       ZZO Rn E AUMENTA (DOPO) DI #OFFSET
  146 0000000C         ;LDR/STR Rd, [Rn, #OFFSET]{!}         //CARICA DA Rn + #
                       OFFSET, SE è PRESENTE ! LO AGGIORNA
  147 0000000C         ;LDRB/STRB BYTE
  148 0000000C         ;LDRH/STRH 2 BYTE
  149 0000000C         ;LDR/STR 4 BYTE
  150 0000000C         ;LDRD/STRD 8 BYTE (SERVONO 2 REGISTRI DESTINAZIONE)
  151 0000000C         ;CBZ Rn, label             //COMPARE AND BRANCH IF ZERO,
                        MA PUò SALTARE SOLO IN AVANTI
  152 0000000C         ;CBNZ Rn, label             //COMPARE AND BRANCH IF NOT 
                       ZERO, MA PUò SALTARE SOLO IN AVANTI
  153 0000000C         ;BL subroutine_label           //SALTA ALLA SUBROUTINE
  154 0000000C         ;BXL Rn               //SALTA ALLA SUBROUTINE AVENDO Rn 
                       = label
  155 0000000C         
  156 0000000C         ;STACK
  157 0000000C         ;LDR Rd, [R12]             //PER PRENDERE IL QUINTO PARA
                       METRO DELLA FUNZIONE
  158 0000000C         ;LDR Rd, [R12, #4]            //PER PRENDERE IL SESTO PA
                       RAMETRO (SE SONO BYTE VA MESSO #1 E COSI VIA)
  159 0000000C         
  160 0000000C         ;DEFINIZIONI
  161 0000000C         ;EXPORT  -  RENDE LA FUNZIONE VISIBILE AL DI FUORI DEL F
                       ILE
  162 0000000C         ;IMPORT  -  RENDE VISIBILE LA FUNZIONE DI UN ALTRO FILE
  163 0000000C         ;EXTERN  - PERMETTE DI IMPORTARE UNA VARIABILE DA UN ALT
                       RO FILE
  164 0000000C         ;VOLATILE - LA VARIABILE PUò ESSERE MODIFICATA IN OGNI M
                       OMENTO ESTERNALMENTE ALL'IMPLEMENTAZIONE
  165 0000000C         
  166 0000000C         ;ISTRUZIONI LOGICHE
  167 0000000C         ;AND Rd, Rn, op2 - AND
  168 0000000C         ;BIC Rd, Rn, op2 - AND NOT
  169 0000000C         ;ORR Rd, Rn, op2 - OR
  170 0000000C         ;EOR Rd, Rn, op2 - XOR
  171 0000000C         ;ORN Rd, Rn, op2 - OR NOT
  172 0000000C         ;MVN Rd, Rn   - NOT



ARM Macro Assembler    Page 5 


  173 0000000C         
  174 0000000C         ;FLAGS
  175 0000000C         ;S - TO CAUSE THE CONDITION FLAG TO BE UPDATED
  176 0000000C         ;EQ - EQUAL               //Z SET
  177 0000000C         ;NE - NOT EQUAL              //Z CLEAR
  178 0000000C         ;HS/CS - UNSIGNED HIGHER OR SAME          //C SET       
                        
  179 0000000C         ;LS - UNSIGNED LOWER OR SAME           //C CLEAR OR Z
  180 0000000C         ;LO/CC - UNSIGNED LOWER            //C CLEAR
  181 0000000C         ;HI - UNSIGNED HIGHER             //C SET AND Z CLEAR
  182 0000000C         ;MI - NEGATIVE              //N SET
  183 0000000C         ;PL - POSITIVE OR ZERO            //N CLEAR
  184 0000000C         ;VS - OVERFLOW              //V SET
  185 0000000C         ;VC - NO OVERFLOW             //V CLEAR
  186 0000000C         ;GE - GREATER OR EQUAL             //N SET E V SET OPPUR
                       E N CLEAR E V CLEAR
  187 0000000C         ;LE - LESS EQUAL              //Z SET, E O N SET E V CLE
                       AR OPPURE N CLEAR E V SET
  188 0000000C         ;LT - LESS THEN              //N SET E V CLEAR OPPURE N 
                       CLEAR E V SET
  189 0000000C         ;GT - GREATER THEN              //Z CLEAR, E O N SET E V
                        SET OPPURE N CLEAR E V SET
  190 0000000C         ;AL - ALWAYS
  191 0000000C         ;NV - RESERVED
  192 0000000C         
  193 0000000C         
  194 0000000C         
  195 0000000C         ; Dummy Exception Handlers (infinite loops which can be 
                       modified)                
  196 0000000C         
  197 0000000C         NMI_Handler
                               PROC
  198 0000000C                 EXPORT           NMI_Handler               [WEAK
]
  199 0000000C E7FE            B                .
  200 0000000E                 ENDP
  202 0000000E         HardFault_Handler
                               PROC
  203 0000000E                 EXPORT           HardFault_Handler         [WEAK
]
  204 0000000E E7FE            B                .
  205 00000010                 ENDP
  207 00000010         MemManage_Handler
                               PROC
  208 00000010                 EXPORT           MemManage_Handler         [WEAK
]
  209 00000010 E7FE            B                .
  210 00000012                 ENDP
  212 00000012         BusFault_Handler
                               PROC
  213 00000012                 EXPORT           BusFault_Handler          [WEAK
]
  214 00000012 E7FE            B                .
  215 00000014                 ENDP
  217 00000014         UsageFault_Handler
                               PROC
  218 00000014                 EXPORT           UsageFault_Handler        [WEAK
]
  219 00000014 E7FE            B                .



ARM Macro Assembler    Page 6 


  220 00000016                 ENDP
  221 00000016         SVC_Handler
                               PROC
  222 00000016                 EXPORT           SVC_Handler               [WEAK
]
  223 00000016 E7FE            B                .
  224 00000018                 ENDP
  226 00000018         DebugMon_Handler
                               PROC
  227 00000018                 EXPORT           DebugMon_Handler          [WEAK
]
  228 00000018 E7FE            B                .
  229 0000001A                 ENDP
  230 0000001A         PendSV_Handler
                               PROC
  231 0000001A                 EXPORT           PendSV_Handler            [WEAK
]
  232 0000001A E7FE            B                .
  233 0000001C                 ENDP
  234 0000001C         SysTick_Handler
                               PROC
  235 0000001C                 EXPORT           SysTick_Handler           [WEAK
]
  236 0000001C E7FE            B                .
  237 0000001E                 ENDP
  238 0000001E         
  239 0000001E         Default_Handler
                               PROC
  240 0000001E         
  241 0000001E                 EXPORT           WDT_IRQHandler            [WEAK
]
  242 0000001E                 EXPORT           TIMER0_IRQHandler         [WEAK
]
  243 0000001E                 EXPORT           TIMER1_IRQHandler         [WEAK
]
  244 0000001E                 EXPORT           TIMER2_IRQHandler         [WEAK
]
  245 0000001E                 EXPORT           TIMER3_IRQHandler         [WEAK
]
  246 0000001E                 EXPORT           UART0_IRQHandler          [WEAK
]
  247 0000001E                 EXPORT           UART1_IRQHandler          [WEAK
]
  248 0000001E                 EXPORT           UART2_IRQHandler          [WEAK
]
  249 0000001E                 EXPORT           UART3_IRQHandler          [WEAK
]
  250 0000001E                 EXPORT           PWM1_IRQHandler           [WEAK
]
  251 0000001E                 EXPORT           I2C0_IRQHandler           [WEAK
]
  252 0000001E                 EXPORT           I2C1_IRQHandler           [WEAK
]
  253 0000001E                 EXPORT           I2C2_IRQHandler           [WEAK
]
  254 0000001E                 EXPORT           SPI_IRQHandler            [WEAK
]
  255 0000001E                 EXPORT           SSP0_IRQHandler           [WEAK
]



ARM Macro Assembler    Page 7 


  256 0000001E                 EXPORT           SSP1_IRQHandler           [WEAK
]
  257 0000001E                 EXPORT           PLL0_IRQHandler           [WEAK
]
  258 0000001E                 EXPORT           RTC_IRQHandler            [WEAK
]
  259 0000001E                 EXPORT           EINT0_IRQHandler          [WEAK
]
  260 0000001E                 EXPORT           EINT1_IRQHandler          [WEAK
]
  261 0000001E                 EXPORT           EINT2_IRQHandler          [WEAK
]
  262 0000001E                 EXPORT           EINT3_IRQHandler          [WEAK
]
  263 0000001E                 EXPORT           ADC_IRQHandler            [WEAK
]
  264 0000001E                 EXPORT           BOD_IRQHandler            [WEAK
]
  265 0000001E                 EXPORT           USB_IRQHandler            [WEAK
]
  266 0000001E                 EXPORT           CAN_IRQHandler            [WEAK
]
  267 0000001E                 EXPORT           DMA_IRQHandler            [WEAK
]
  268 0000001E                 EXPORT           I2S_IRQHandler            [WEAK
]
  269 0000001E                 EXPORT           ENET_IRQHandler           [WEAK
]
  270 0000001E                 EXPORT           RIT_IRQHandler            [WEAK
]
  271 0000001E                 EXPORT           MCPWM_IRQHandler          [WEAK
]
  272 0000001E                 EXPORT           QEI_IRQHandler            [WEAK
]
  273 0000001E                 EXPORT           PLL1_IRQHandler           [WEAK
]
  274 0000001E                 EXPORT           USBActivity_IRQHandler    [WEAK
]
  275 0000001E                 EXPORT           CANActivity_IRQHandler    [WEAK
]
  276 0000001E         
  277 0000001E         WDT_IRQHandler
  278 0000001E         TIMER0_IRQHandler
  279 0000001E         TIMER1_IRQHandler
  280 0000001E         TIMER2_IRQHandler
  281 0000001E         TIMER3_IRQHandler
  282 0000001E         UART0_IRQHandler
  283 0000001E         UART1_IRQHandler
  284 0000001E         UART2_IRQHandler
  285 0000001E         UART3_IRQHandler
  286 0000001E         PWM1_IRQHandler
  287 0000001E         I2C0_IRQHandler
  288 0000001E         I2C1_IRQHandler
  289 0000001E         I2C2_IRQHandler
  290 0000001E         SPI_IRQHandler
  291 0000001E         SSP0_IRQHandler
  292 0000001E         SSP1_IRQHandler
  293 0000001E         PLL0_IRQHandler
  294 0000001E         RTC_IRQHandler



ARM Macro Assembler    Page 8 


  295 0000001E         EINT0_IRQHandler
  296 0000001E         EINT1_IRQHandler
  297 0000001E         EINT2_IRQHandler
  298 0000001E         EINT3_IRQHandler
  299 0000001E         ADC_IRQHandler
  300 0000001E         BOD_IRQHandler
  301 0000001E         USB_IRQHandler
  302 0000001E         CAN_IRQHandler
  303 0000001E         DMA_IRQHandler
  304 0000001E         I2S_IRQHandler
  305 0000001E         ENET_IRQHandler
  306 0000001E         RIT_IRQHandler
  307 0000001E         MCPWM_IRQHandler
  308 0000001E         QEI_IRQHandler
  309 0000001E         PLL1_IRQHandler
  310 0000001E         USBActivity_IRQHandler
  311 0000001E         CANActivity_IRQHandler
  312 0000001E         
  313 0000001E E7FE            B                .
  314 00000020         
  315 00000020                 ENDP
  316 00000020         
  317 00000020         
  318 00000020                 ALIGN
  319 00000020         
  320 00000020         
  321 00000020         ; User Initial Stack & Heap
  322 00000020         
  323 00000020                 IF               :DEF:__MICROLIB
  330 00000020         
  331 00000020                 IMPORT           __use_two_region_memory
  332 00000020                 EXPORT           __user_initial_stackheap
  333 00000020         __user_initial_stackheap
  334 00000020         
  335 00000020 4802            LDR              R0, =  Heap_Mem
  336 00000022 4903            LDR              R1, =(Stack_Mem + Stack_Size)
  337 00000024 4A01            LDR              R2, = (Heap_Mem +  Heap_Size)
  338 00000026 4B03            LDR              R3, = Stack_Mem
  339 00000028 4770            BX               LR
  340 0000002A         
  341 0000002A 00 00           ALIGN
  342 0000002C         
  343 0000002C                 ENDIF
  344 0000002C         
  345 0000002C         
  346 0000002C                 END
              00000000 
              00002000 
              00000000 
Command Line: --debug --xref --diag_suppress=9931 --cpu=Cortex-M3 --apcs=interw
ork --depend=.\startup_lpc17xx.d -o.\startup_lpc17xx.o -I.\RTE\_Target_1 -IC:\U
sers\lorys\AppData\Local\Arm\Packs\ARM\CMSIS\5.8.0\CMSIS\Core\Include -IC:\User
s\lorys\AppData\Local\Arm\Packs\Keil\LPC1700_DFP\2.7.1\Device\Include --predefi
ne="__EVAL SETA 1" --predefine="__UVISION_VERSION SETA 536" --predefine="_RTE_ 
SETA 1" --predefine="LPC175x_6x SETA 1" --predefine="_RTE_ SETA 1" --list=.\sta
rtup_lpc17xx.lst startup_LPC17xx.s



ARM Macro Assembler    Page 1 Alphabetic symbol ordering
Relocatable symbols

STACK 00000000

Symbol: STACK
   Definitions
      At line 29 in file startup_LPC17xx.s
   Uses
      None
Comment: STACK unused
Stack_Mem 00000000

Symbol: Stack_Mem
   Definitions
      At line 30 in file startup_LPC17xx.s
   Uses
      At line 336 in file startup_LPC17xx.s
      At line 338 in file startup_LPC17xx.s

__initial_sp 00002000

Symbol: __initial_sp
   Definitions
      At line 31 in file startup_LPC17xx.s
   Uses
      At line 55 in file startup_LPC17xx.s
Comment: __initial_sp used once
3 symbols



ARM Macro Assembler    Page 1 Alphabetic symbol ordering
Relocatable symbols

HEAP 00000000

Symbol: HEAP
   Definitions
      At line 40 in file startup_LPC17xx.s
   Uses
      None
Comment: HEAP unused
Heap_Mem 00000000

Symbol: Heap_Mem
   Definitions
      At line 42 in file startup_LPC17xx.s
   Uses
      At line 335 in file startup_LPC17xx.s
      At line 337 in file startup_LPC17xx.s

__heap_base 00000000

Symbol: __heap_base
   Definitions
      At line 41 in file startup_LPC17xx.s
   Uses
      None
Comment: __heap_base unused
__heap_limit 00000000

Symbol: __heap_limit
   Definitions
      At line 43 in file startup_LPC17xx.s
   Uses
      None
Comment: __heap_limit unused
4 symbols



ARM Macro Assembler    Page 1 Alphabetic symbol ordering
Relocatable symbols

RESET 00000000

Symbol: RESET
   Definitions
      At line 52 in file startup_LPC17xx.s
   Uses
      None
Comment: RESET unused
__Vectors 00000000

Symbol: __Vectors
   Definitions
      At line 55 in file startup_LPC17xx.s
   Uses
      At line 53 in file startup_LPC17xx.s
Comment: __Vectors used once
2 symbols



ARM Macro Assembler    Page 1 Alphabetic symbol ordering
Relocatable symbols

.ARM.__at_0x02FC 00000000

Symbol: .ARM.__at_0x02FC
   Definitions
      At line 111 in file startup_LPC17xx.s
   Uses
      None
Comment: .ARM.__at_0x02FC unused
CRP_Key 00000000

Symbol: CRP_Key
   Definitions
      At line 112 in file startup_LPC17xx.s
   Uses
      None
Comment: CRP_Key unused
2 symbols



ARM Macro Assembler    Page 1 Alphabetic symbol ordering
Relocatable symbols

.text 00000000

Symbol: .text
   Definitions
      At line 116 in file startup_LPC17xx.s
   Uses
      None
Comment: .text unused
Reset_Handler 00000000

Symbol: Reset_Handler
   Definitions
      At line 121 in file startup_LPC17xx.s
   Uses
      At line 56 in file startup_LPC17xx.s
      At line 122 in file startup_LPC17xx.s

2 symbols



ARM Macro Assembler    Page 1 Alphabetic symbol ordering
Relocatable symbols

ADC_IRQHandler 0000001E

Symbol: ADC_IRQHandler
   Definitions
      At line 299 in file startup_LPC17xx.s
   Uses
      At line 95 in file startup_LPC17xx.s
      At line 263 in file startup_LPC17xx.s

BOD_IRQHandler 0000001E

Symbol: BOD_IRQHandler
   Definitions
      At line 300 in file startup_LPC17xx.s
   Uses
      At line 96 in file startup_LPC17xx.s
      At line 264 in file startup_LPC17xx.s

BusFault_Handler 00000012

Symbol: BusFault_Handler
   Definitions
      At line 212 in file startup_LPC17xx.s
   Uses
      At line 60 in file startup_LPC17xx.s
      At line 213 in file startup_LPC17xx.s

CANActivity_IRQHandler 0000001E

Symbol: CANActivity_IRQHandler
   Definitions
      At line 311 in file startup_LPC17xx.s
   Uses
      At line 107 in file startup_LPC17xx.s
      At line 275 in file startup_LPC17xx.s

CAN_IRQHandler 0000001E

Symbol: CAN_IRQHandler
   Definitions
      At line 302 in file startup_LPC17xx.s
   Uses
      At line 98 in file startup_LPC17xx.s
      At line 266 in file startup_LPC17xx.s

DMA_IRQHandler 0000001E

Symbol: DMA_IRQHandler
   Definitions
      At line 303 in file startup_LPC17xx.s
   Uses
      At line 99 in file startup_LPC17xx.s
      At line 267 in file startup_LPC17xx.s

DebugMon_Handler 00000018

Symbol: DebugMon_Handler
   Definitions
      At line 226 in file startup_LPC17xx.s



ARM Macro Assembler    Page 2 Alphabetic symbol ordering
Relocatable symbols

   Uses
      At line 67 in file startup_LPC17xx.s
      At line 227 in file startup_LPC17xx.s

Default_Handler 0000001E

Symbol: Default_Handler
   Definitions
      At line 239 in file startup_LPC17xx.s
   Uses
      None
Comment: Default_Handler unused
EINT0_IRQHandler 0000001E

Symbol: EINT0_IRQHandler
   Definitions
      At line 295 in file startup_LPC17xx.s
   Uses
      At line 91 in file startup_LPC17xx.s
      At line 259 in file startup_LPC17xx.s

EINT1_IRQHandler 0000001E

Symbol: EINT1_IRQHandler
   Definitions
      At line 296 in file startup_LPC17xx.s
   Uses
      At line 92 in file startup_LPC17xx.s
      At line 260 in file startup_LPC17xx.s

EINT2_IRQHandler 0000001E

Symbol: EINT2_IRQHandler
   Definitions
      At line 297 in file startup_LPC17xx.s
   Uses
      At line 93 in file startup_LPC17xx.s
      At line 261 in file startup_LPC17xx.s

EINT3_IRQHandler 0000001E

Symbol: EINT3_IRQHandler
   Definitions
      At line 298 in file startup_LPC17xx.s
   Uses
      At line 94 in file startup_LPC17xx.s
      At line 262 in file startup_LPC17xx.s

ENET_IRQHandler 0000001E

Symbol: ENET_IRQHandler
   Definitions
      At line 305 in file startup_LPC17xx.s
   Uses
      At line 101 in file startup_LPC17xx.s
      At line 269 in file startup_LPC17xx.s

HardFault_Handler 0000000E




ARM Macro Assembler    Page 3 Alphabetic symbol ordering
Relocatable symbols

Symbol: HardFault_Handler
   Definitions
      At line 202 in file startup_LPC17xx.s
   Uses
      At line 58 in file startup_LPC17xx.s
      At line 203 in file startup_LPC17xx.s

I2C0_IRQHandler 0000001E

Symbol: I2C0_IRQHandler
   Definitions
      At line 287 in file startup_LPC17xx.s
   Uses
      At line 83 in file startup_LPC17xx.s
      At line 251 in file startup_LPC17xx.s

I2C1_IRQHandler 0000001E

Symbol: I2C1_IRQHandler
   Definitions
      At line 288 in file startup_LPC17xx.s
   Uses
      At line 84 in file startup_LPC17xx.s
      At line 252 in file startup_LPC17xx.s

I2C2_IRQHandler 0000001E

Symbol: I2C2_IRQHandler
   Definitions
      At line 289 in file startup_LPC17xx.s
   Uses
      At line 85 in file startup_LPC17xx.s
      At line 253 in file startup_LPC17xx.s

I2S_IRQHandler 0000001E

Symbol: I2S_IRQHandler
   Definitions
      At line 304 in file startup_LPC17xx.s
   Uses
      At line 100 in file startup_LPC17xx.s
      At line 268 in file startup_LPC17xx.s

MCPWM_IRQHandler 0000001E

Symbol: MCPWM_IRQHandler
   Definitions
      At line 307 in file startup_LPC17xx.s
   Uses
      At line 103 in file startup_LPC17xx.s
      At line 271 in file startup_LPC17xx.s

MemManage_Handler 00000010

Symbol: MemManage_Handler
   Definitions
      At line 207 in file startup_LPC17xx.s
   Uses
      At line 59 in file startup_LPC17xx.s



ARM Macro Assembler    Page 4 Alphabetic symbol ordering
Relocatable symbols

      At line 208 in file startup_LPC17xx.s

MyFunction 00000000

Symbol: MyFunction
   Definitions
      At line 129 in file startup_LPC17xx.s
   Uses
      None
Comment: MyFunction unused
NMI_Handler 0000000C

Symbol: NMI_Handler
   Definitions
      At line 197 in file startup_LPC17xx.s
   Uses
      At line 57 in file startup_LPC17xx.s
      At line 198 in file startup_LPC17xx.s

PLL0_IRQHandler 0000001E

Symbol: PLL0_IRQHandler
   Definitions
      At line 293 in file startup_LPC17xx.s
   Uses
      At line 89 in file startup_LPC17xx.s
      At line 257 in file startup_LPC17xx.s

PLL1_IRQHandler 0000001E

Symbol: PLL1_IRQHandler
   Definitions
      At line 309 in file startup_LPC17xx.s
   Uses
      At line 105 in file startup_LPC17xx.s
      At line 273 in file startup_LPC17xx.s

PWM1_IRQHandler 0000001E

Symbol: PWM1_IRQHandler
   Definitions
      At line 286 in file startup_LPC17xx.s
   Uses
      At line 82 in file startup_LPC17xx.s
      At line 250 in file startup_LPC17xx.s

PendSV_Handler 0000001A

Symbol: PendSV_Handler
   Definitions
      At line 230 in file startup_LPC17xx.s
   Uses
      At line 69 in file startup_LPC17xx.s
      At line 231 in file startup_LPC17xx.s

QEI_IRQHandler 0000001E

Symbol: QEI_IRQHandler
   Definitions



ARM Macro Assembler    Page 5 Alphabetic symbol ordering
Relocatable symbols

      At line 308 in file startup_LPC17xx.s
   Uses
      At line 104 in file startup_LPC17xx.s
      At line 272 in file startup_LPC17xx.s

RIT_IRQHandler 0000001E

Symbol: RIT_IRQHandler
   Definitions
      At line 306 in file startup_LPC17xx.s
   Uses
      At line 102 in file startup_LPC17xx.s
      At line 270 in file startup_LPC17xx.s

RTC_IRQHandler 0000001E

Symbol: RTC_IRQHandler
   Definitions
      At line 294 in file startup_LPC17xx.s
   Uses
      At line 90 in file startup_LPC17xx.s
      At line 258 in file startup_LPC17xx.s

SPI_IRQHandler 0000001E

Symbol: SPI_IRQHandler
   Definitions
      At line 290 in file startup_LPC17xx.s
   Uses
      At line 86 in file startup_LPC17xx.s
      At line 254 in file startup_LPC17xx.s

SSP0_IRQHandler 0000001E

Symbol: SSP0_IRQHandler
   Definitions
      At line 291 in file startup_LPC17xx.s
   Uses
      At line 87 in file startup_LPC17xx.s
      At line 255 in file startup_LPC17xx.s

SSP1_IRQHandler 0000001E

Symbol: SSP1_IRQHandler
   Definitions
      At line 292 in file startup_LPC17xx.s
   Uses
      At line 88 in file startup_LPC17xx.s
      At line 256 in file startup_LPC17xx.s

SVC_Handler 00000016

Symbol: SVC_Handler
   Definitions
      At line 221 in file startup_LPC17xx.s
   Uses
      At line 66 in file startup_LPC17xx.s
      At line 222 in file startup_LPC17xx.s




ARM Macro Assembler    Page 6 Alphabetic symbol ordering
Relocatable symbols

SysTick_Handler 0000001C

Symbol: SysTick_Handler
   Definitions
      At line 234 in file startup_LPC17xx.s
   Uses
      At line 70 in file startup_LPC17xx.s
      At line 235 in file startup_LPC17xx.s

TIMER0_IRQHandler 0000001E

Symbol: TIMER0_IRQHandler
   Definitions
      At line 278 in file startup_LPC17xx.s
   Uses
      At line 74 in file startup_LPC17xx.s
      At line 242 in file startup_LPC17xx.s

TIMER1_IRQHandler 0000001E

Symbol: TIMER1_IRQHandler
   Definitions
      At line 279 in file startup_LPC17xx.s
   Uses
      At line 75 in file startup_LPC17xx.s
      At line 243 in file startup_LPC17xx.s

TIMER2_IRQHandler 0000001E

Symbol: TIMER2_IRQHandler
   Definitions
      At line 280 in file startup_LPC17xx.s
   Uses
      At line 76 in file startup_LPC17xx.s
      At line 244 in file startup_LPC17xx.s

TIMER3_IRQHandler 0000001E

Symbol: TIMER3_IRQHandler
   Definitions
      At line 281 in file startup_LPC17xx.s
   Uses
      At line 77 in file startup_LPC17xx.s
      At line 245 in file startup_LPC17xx.s

UART0_IRQHandler 0000001E

Symbol: UART0_IRQHandler
   Definitions
      At line 282 in file startup_LPC17xx.s
   Uses
      At line 78 in file startup_LPC17xx.s
      At line 246 in file startup_LPC17xx.s

UART1_IRQHandler 0000001E

Symbol: UART1_IRQHandler
   Definitions
      At line 283 in file startup_LPC17xx.s



ARM Macro Assembler    Page 7 Alphabetic symbol ordering
Relocatable symbols

   Uses
      At line 79 in file startup_LPC17xx.s
      At line 247 in file startup_LPC17xx.s

UART2_IRQHandler 0000001E

Symbol: UART2_IRQHandler
   Definitions
      At line 284 in file startup_LPC17xx.s
   Uses
      At line 80 in file startup_LPC17xx.s
      At line 248 in file startup_LPC17xx.s

UART3_IRQHandler 0000001E

Symbol: UART3_IRQHandler
   Definitions
      At line 285 in file startup_LPC17xx.s
   Uses
      At line 81 in file startup_LPC17xx.s
      At line 249 in file startup_LPC17xx.s

USBActivity_IRQHandler 0000001E

Symbol: USBActivity_IRQHandler
   Definitions
      At line 310 in file startup_LPC17xx.s
   Uses
      At line 106 in file startup_LPC17xx.s
      At line 274 in file startup_LPC17xx.s

USB_IRQHandler 0000001E

Symbol: USB_IRQHandler
   Definitions
      At line 301 in file startup_LPC17xx.s
   Uses
      At line 97 in file startup_LPC17xx.s
      At line 265 in file startup_LPC17xx.s

UsageFault_Handler 00000014

Symbol: UsageFault_Handler
   Definitions
      At line 217 in file startup_LPC17xx.s
   Uses
      At line 61 in file startup_LPC17xx.s
      At line 218 in file startup_LPC17xx.s

WDT_IRQHandler 0000001E

Symbol: WDT_IRQHandler
   Definitions
      At line 277 in file startup_LPC17xx.s
   Uses
      At line 73 in file startup_LPC17xx.s
      At line 241 in file startup_LPC17xx.s

__user_initial_stackheap 00000020



ARM Macro Assembler    Page 8 Alphabetic symbol ordering
Relocatable symbols


Symbol: __user_initial_stackheap
   Definitions
      At line 333 in file startup_LPC17xx.s
   Uses
      At line 332 in file startup_LPC17xx.s
Comment: __user_initial_stackheap used once
funz 00000000

Symbol: funz
   Definitions
      At line 132 in file startup_LPC17xx.s
   Uses
      At line 130 in file startup_LPC17xx.s
Comment: funz used once
48 symbols



ARM Macro Assembler    Page 1 Alphabetic symbol ordering
Absolute symbols

Heap_Size 00000000

Symbol: Heap_Size
   Definitions
      At line 38 in file startup_LPC17xx.s
   Uses
      At line 42 in file startup_LPC17xx.s
      At line 337 in file startup_LPC17xx.s

Stack_Size 00002000

Symbol: Stack_Size
   Definitions
      At line 27 in file startup_LPC17xx.s
   Uses
      At line 30 in file startup_LPC17xx.s
      At line 336 in file startup_LPC17xx.s

2 symbols



ARM Macro Assembler    Page 1 Alphabetic symbol ordering
External symbols

__main 00000000

Symbol: __main
   Definitions
      At line 123 in file startup_LPC17xx.s
   Uses
      At line 124 in file startup_LPC17xx.s
Comment: __main used once
__use_two_region_memory 00000000

Symbol: __use_two_region_memory
   Definitions
      At line 331 in file startup_LPC17xx.s
   Uses
      None
Comment: __use_two_region_memory unused
2 symbols
407 symbols in table
