


ARM Macro Assembler    Page 1 


    1 00000000         ;/******************************************************
                       ********************//**
    2 00000000         ; * @file     startup_LPC17xx.s
    3 00000000         ; * @brief    CMSIS Cortex-M3 Core Device Startup File f
                       or
    4 00000000         ; *           NXP LPC17xx Device Series
    5 00000000         ; * @version  V1.10
    6 00000000         ; * @date     06. April 2011
    7 00000000         ; *
    8 00000000         ; * @note
    9 00000000         ; * Copyright (C) 2009-2011 ARM Limited. All rights rese
                       rved.
   10 00000000         ; *
   11 00000000         ; * @par
   12 00000000         ; * ARM Limited (ARM) is supplying this software for use
                        with Cortex-M
   13 00000000         ; * processor based microcontrollers.  This file can be 
                       freely distributed
   14 00000000         ; * within development tools that are supporting such AR
                       M based processors.
   15 00000000         ; *
   16 00000000         ; * @par
   17 00000000         ; * THIS SOFTWARE IS PROVIDED "AS IS".  NO WARRANTIES, W
                       HETHER EXPRESS, IMPLIED
   18 00000000         ; * OR STATUTORY, INCLUDING, BUT NOT LIMITED TO, IMPLIED
                        WARRANTIES OF
   19 00000000         ; * MERCHANTABILITY AND FITNESS FOR A PARTICULAR PURPOSE
                        APPLY TO THIS SOFTWARE.
   20 00000000         ; * ARM SHALL NOT, IN ANY CIRCUMSTANCES, BE LIABLE FOR S
                       PECIAL, INCIDENTAL, OR
   21 00000000         ; * CONSEQUENTIAL DAMAGES, FOR ANY REASON WHATSOEVER.
   22 00000000         ; *
   23 00000000         ; ******************************************************
                       ************************/
   24 00000000         
   25 00000000         ; *------- <<< Use Configuration Wizard in Context Menu 
                       >>> ------------------
   26 00000000         
   27 00000000         ; <h> Stack Configuration
   28 00000000         ;   <o> Stack Size (in Bytes) <0x0-0xFFFFFFFF:8>
   29 00000000         ; </h>
   30 00000000         
   31 00000000 00000200 
                       Stack_Size
                               EQU              0x00000200
   32 00000000         
   33 00000000                 AREA             STACK, NOINIT, READWRITE, ALIGN
=3
   34 00000000         Stack_Mem
                               SPACE            Stack_Size
   35 00000200         __initial_sp
   36 00000200         
   37 00000200         
   38 00000200         ; <h> Heap Configuration
   39 00000200         ;   <o>  Heap Size (in Bytes) <0x0-0xFFFFFFFF:8>
   40 00000200         ; </h>
   41 00000200         
   42 00000200 00000000 
                       Heap_Size



ARM Macro Assembler    Page 2 


                               EQU              0x00000000
   43 00000200         
   44 00000200                 AREA             HEAP, NOINIT, READWRITE, ALIGN=
3
   45 00000000         __heap_base
   46 00000000         Heap_Mem
                               SPACE            Heap_Size
   47 00000000         __heap_limit
   48 00000000         
   49 00000000         
   50 00000000                 PRESERVE8
   51 00000000                 THUMB
   52 00000000         
   53 00000000         
   54 00000000         ; Vector Table Mapped to Address 0 at Reset
   55 00000000         
   56 00000000                 AREA             RESET, DATA, READONLY
   57 00000000                 EXPORT           __Vectors
   58 00000000         
   59 00000000 00000000 
                       __Vectors
                               DCD              __initial_sp ; Top of Stack
   60 00000004 00000000        DCD              Reset_Handler ; Reset Handler
   61 00000008 00000000        DCD              NMI_Handler ; NMI Handler
   62 0000000C 00000000        DCD              HardFault_Handler ; Hard Fault 
                                                            Handler
   63 00000010 00000000        DCD              MemManage_Handler 
                                                            ; MPU Fault Handler
                                                            
   64 00000014 00000000        DCD              BusFault_Handler 
                                                            ; Bus Fault Handler
                                                            
   65 00000018 00000000        DCD              UsageFault_Handler ; Usage Faul
                                                            t Handler
   66 0000001C 00000000        DCD              0           ; Reserved
   67 00000020 00000000        DCD              0           ; Reserved
   68 00000024 00000000        DCD              0           ; Reserved
   69 00000028 00000000        DCD              0           ; Reserved
   70 0000002C 00000000        DCD              SVC_Handler ; SVCall Handler
   71 00000030 00000000        DCD              DebugMon_Handler ; Debug Monito
                                                            r Handler
   72 00000034 00000000        DCD              0           ; Reserved
   73 00000038 00000000        DCD              PendSV_Handler ; PendSV Handler
                                                            
   74 0000003C 00000000        DCD              SysTick_Handler 
                                                            ; SysTick Handler
   75 00000040         
   76 00000040         ; External Interrupts
   77 00000040 00000000        DCD              WDT_IRQHandler ; 16: Watchdog T
                                                            imer
   78 00000044 00000000        DCD              TIMER0_IRQHandler ; 17: Timer0
   79 00000048 00000000        DCD              TIMER1_IRQHandler ; 18: Timer1
   80 0000004C 00000000        DCD              TIMER2_IRQHandler ; 19: Timer2
   81 00000050 00000000        DCD              TIMER3_IRQHandler ; 20: Timer3
   82 00000054 00000000        DCD              UART0_IRQHandler ; 21: UART0
   83 00000058 00000000        DCD              UART1_IRQHandler ; 22: UART1
   84 0000005C 00000000        DCD              UART2_IRQHandler ; 23: UART2
   85 00000060 00000000        DCD              UART3_IRQHandler ; 24: UART3
   86 00000064 00000000        DCD              PWM1_IRQHandler ; 25: PWM1



ARM Macro Assembler    Page 3 


   87 00000068 00000000        DCD              I2C0_IRQHandler ; 26: I2C0
   88 0000006C 00000000        DCD              I2C1_IRQHandler ; 27: I2C1
   89 00000070 00000000        DCD              I2C2_IRQHandler ; 28: I2C2
   90 00000074 00000000        DCD              SPI_IRQHandler ; 29: SPI
   91 00000078 00000000        DCD              SSP0_IRQHandler ; 30: SSP0
   92 0000007C 00000000        DCD              SSP1_IRQHandler ; 31: SSP1
   93 00000080 00000000        DCD              PLL0_IRQHandler ; 32: PLL0 Lock
                                                             (Main PLL)
   94 00000084 00000000        DCD              RTC_IRQHandler ; 33: Real Time 
                                                            Clock
   95 00000088 00000000        DCD              EINT0_IRQHandler ; 34: External
                                                             Interrupt 0
   96 0000008C 00000000        DCD              EINT1_IRQHandler ; 35: External
                                                             Interrupt 1
   97 00000090 00000000        DCD              EINT2_IRQHandler ; 36: External
                                                             Interrupt 2
   98 00000094 00000000        DCD              EINT3_IRQHandler ; 37: External
                                                             Interrupt 3
   99 00000098 00000000        DCD              ADC_IRQHandler 
                                                            ; 38: A/D Converter
                                                            
  100 0000009C 00000000        DCD              BOD_IRQHandler ; 39: Brown-Out 
                                                            Detect
  101 000000A0 00000000        DCD              USB_IRQHandler ; 40: USB
  102 000000A4 00000000        DCD              CAN_IRQHandler ; 41: CAN
  103 000000A8 00000000        DCD              DMA_IRQHandler ; 42: General Pu
                                                            rpose DMA
  104 000000AC 00000000        DCD              I2S_IRQHandler ; 43: I2S
  105 000000B0 00000000        DCD              ENET_IRQHandler ; 44: Ethernet
  106 000000B4 00000000        DCD              RIT_IRQHandler ; 45: Repetitive
                                                             Interrupt Timer
  107 000000B8 00000000        DCD              MCPWM_IRQHandler ; 46: Motor Co
                                                            ntrol PWM
  108 000000BC 00000000        DCD              QEI_IRQHandler ; 47: Quadrature
                                                             Encoder Interface
  109 000000C0 00000000        DCD              PLL1_IRQHandler ; 48: PLL1 Lock
                                                             (USB PLL)
  110 000000C4 00000000        DCD              USBActivity_IRQHandler ; 49: US
                                                            B Activity interrup
                                                            t to wakeup
  111 000000C8 00000000        DCD              CANActivity_IRQHandler ; 50: CA
                                                            N Activity interrup
                                                            t to wakeup
  112 000000CC         
  113 000000CC         
  114 000000CC                 IF               :LNOT::DEF:NO_CRP
  115 000000CC                 AREA             |.ARM.__at_0x02FC|, CODE, READO
NLY
  116 00000000 FFFFFFFF 
                       CRP_Key DCD              0xFFFFFFFF
  117 00000004                 ENDIF
  118 00000004         
  119 00000004         
  120 00000004                 AREA             |.text|, CODE, READONLY, align=
3
  121 00000000        1 
                       d       RN               1           ;days
  122 00000000        2 
                       s       RN               2           ;sport days



ARM Macro Assembler    Page 4 


  123 00000000        3 
                       cf      RN               3           ;vettore calorie
  124 00000000        4 
                       cs      RN               4           ;vettore calorie br
                                                            uciate
  125 00000000        5 
                       i       RN               5
  126 00000000        6 
                       j       RN               6
  127 00000000        7 
                       k       RN               7
  128 00000000        8 
                       x       RN               8
  129 00000000        9 
                       y       RN               9
  130 00000000        A 
                       z       RN               10
  131 00000000        B 
                       cnt     RN               11
  132 00000000        C 
                       valore  RN               12
  133 00000000         
  134 00000000         ; Reset Handler
  135 00000000         
  136 00000000         Reset_Handler
                               PROC
  137 00000000                 EXPORT           Reset_Handler             [WEAK
]
  138 00000000 4823            LDR              R0, =Reset_Handler
  139 00000002         
  140 00000002 4924            LDR              d, =Num_days
  141 00000004 7809            LDRB             d, [d]
  142 00000006 4A24            LDR              s, =Num_days_sport
  143 00000008 7812            LDRB             s, [s]
  144 0000000A 4B24            LDR              cf, =Calories_food
  145 0000000C 4C24            LDR              cs, =Calories_sport
  146 0000000E         
  147 0000000E F04F 0500       MOV              i, #0
  148 00000012 F04F 0600       MOV              j, #0
  149 00000016 F04F 0700       MOV              k, #0
  150 0000001A F04F 0800       MOV              x, #0
  151 0000001E F04F 0900       MOV              y, #0
  152 00000022 F04F 0A00       MOV              z, #0
  153 00000026 F04F 0B00       MOV              cnt, #0
  154 0000002A EA4F 01C1       LSL              d, d, #3
  155 0000002E EA4F 02C2       LSL              s, s, #3
  156 00000032 F04F 0000       MOV              R0, #0
  157 00000036         
  158 00000036         EXT_LOOP
  159 00000036 F100 0001       ADD              R0, R0, #1
  160 0000003A 59DD            LDR              i, [cf, k]
  161 0000003C F107 0704       ADD              k, k, #4
  162 00000040 59DE            LDR              j, [cf, k]
  163 00000042 F107 0704       ADD              k, k, #4
  164 00000046 F04F 0A00       MOV              z, #0
  165 0000004A         
  166 0000004A         INT_LOOP
  167 0000004A F854 800A       LDR              x, [cs, z]
  168 0000004E F10A 0A04       ADD              z, z, #4



ARM Macro Assembler    Page 5 


  169 00000052 F854 900A       LDR              y, [cs, z]
  170 00000056 F10A 0A04       ADD              z, z, #4
  171 0000005A 46B4            MOV              valore, j
  172 0000005C 4545            CMP              i, x
  173 0000005E BF08 EBA6 
              0C09             SUBEQ            valore, j, y
  174 00000064 F5BC 7FFA       CMP              valore, #500
  175 00000068 BFB8 F10B 
              0B01             ADDLT            cnt, cnt, #1
  176 0000006E DB01            BLT              salta_int_loop
  177 00000070 4592            CMP              z, s
  178 00000072 D1EA            BNE              INT_LOOP
  179 00000074 428F    salta_int_loop
                               CMP              k, d
  180 00000076 D1DE            BNE              EXT_LOOP
  181 00000078         
  182 00000078         
  183 00000078         
  184 00000078         
  185 00000078 4700            BX               R0
  186 0000007A                 ENDP
  187 0000007A         
  188 0000007A         
  189 0000007A         ; Dummy Exception Handlers (infinite loops which can be 
                       modified)
  190 0000007A         
  191 0000007A         NMI_Handler
                               PROC
  192 0000007A                 EXPORT           NMI_Handler               [WEAK
]
  193 0000007A E7FE            B                .
  194 0000007C                 ENDP
  196 0000007C         HardFault_Handler
                               PROC
  197 0000007C                 EXPORT           HardFault_Handler         [WEAK
]
  198 0000007C E7FE            B                .
  199 0000007E                 ENDP
  201 0000007E         MemManage_Handler
                               PROC
  202 0000007E                 EXPORT           MemManage_Handler         [WEAK
]
  203 0000007E E7FE            B                .
  204 00000080                 ENDP
  206 00000080         BusFault_Handler
                               PROC
  207 00000080                 EXPORT           BusFault_Handler          [WEAK
]
  208 00000080 E7FE            B                .
  209 00000082                 ENDP
  211 00000082         UsageFault_Handler
                               PROC
  212 00000082                 EXPORT           UsageFault_Handler        [WEAK
]
  213 00000082 E7FE            B                .
  214 00000084                 ENDP
  215 00000084         SVC_Handler
                               PROC
  216 00000084                 EXPORT           SVC_Handler               [WEAK



ARM Macro Assembler    Page 6 


]
  217 00000084 E7FE            B                .
  218 00000086                 ENDP
  220 00000086         DebugMon_Handler
                               PROC
  221 00000086                 EXPORT           DebugMon_Handler          [WEAK
]
  222 00000086 E7FE            B                .
  223 00000088                 ENDP
  224 00000088         PendSV_Handler
                               PROC
  225 00000088                 EXPORT           PendSV_Handler            [WEAK
]
  226 00000088 E7FE            B                .
  227 0000008A                 ENDP
  228 0000008A         SysTick_Handler
                               PROC
  229 0000008A                 EXPORT           SysTick_Handler           [WEAK
]
  230 0000008A E7FE            B                .
  231 0000008C                 ENDP
  232 0000008C         
  233 0000008C         Default_Handler
                               PROC
  234 0000008C         
  235 0000008C                 EXPORT           WDT_IRQHandler            [WEAK
]
  236 0000008C                 EXPORT           TIMER0_IRQHandler         [WEAK
]
  237 0000008C                 EXPORT           TIMER1_IRQHandler         [WEAK
]
  238 0000008C                 EXPORT           TIMER2_IRQHandler         [WEAK
]
  239 0000008C                 EXPORT           TIMER3_IRQHandler         [WEAK
]
  240 0000008C                 EXPORT           UART0_IRQHandler          [WEAK
]
  241 0000008C                 EXPORT           UART1_IRQHandler          [WEAK
]
  242 0000008C                 EXPORT           UART2_IRQHandler          [WEAK
]
  243 0000008C                 EXPORT           UART3_IRQHandler          [WEAK
]
  244 0000008C                 EXPORT           PWM1_IRQHandler           [WEAK
]
  245 0000008C                 EXPORT           I2C0_IRQHandler           [WEAK
]
  246 0000008C                 EXPORT           I2C1_IRQHandler           [WEAK
]
  247 0000008C                 EXPORT           I2C2_IRQHandler           [WEAK
]
  248 0000008C                 EXPORT           SPI_IRQHandler            [WEAK
]
  249 0000008C                 EXPORT           SSP0_IRQHandler           [WEAK
]
  250 0000008C                 EXPORT           SSP1_IRQHandler           [WEAK
]
  251 0000008C                 EXPORT           PLL0_IRQHandler           [WEAK
]



ARM Macro Assembler    Page 7 


  252 0000008C                 EXPORT           RTC_IRQHandler            [WEAK
]
  253 0000008C                 EXPORT           EINT0_IRQHandler          [WEAK
]
  254 0000008C                 EXPORT           EINT1_IRQHandler          [WEAK
]
  255 0000008C                 EXPORT           EINT2_IRQHandler          [WEAK
]
  256 0000008C                 EXPORT           EINT3_IRQHandler          [WEAK
]
  257 0000008C                 EXPORT           ADC_IRQHandler            [WEAK
]
  258 0000008C                 EXPORT           BOD_IRQHandler            [WEAK
]
  259 0000008C                 EXPORT           USB_IRQHandler            [WEAK
]
  260 0000008C                 EXPORT           CAN_IRQHandler            [WEAK
]
  261 0000008C                 EXPORT           DMA_IRQHandler            [WEAK
]
  262 0000008C                 EXPORT           I2S_IRQHandler            [WEAK
]
  263 0000008C                 EXPORT           ENET_IRQHandler           [WEAK
]
  264 0000008C                 EXPORT           RIT_IRQHandler            [WEAK
]
  265 0000008C                 EXPORT           MCPWM_IRQHandler          [WEAK
]
  266 0000008C                 EXPORT           QEI_IRQHandler            [WEAK
]
  267 0000008C                 EXPORT           PLL1_IRQHandler           [WEAK
]
  268 0000008C                 EXPORT           USBActivity_IRQHandler    [WEAK
]
  269 0000008C                 EXPORT           CANActivity_IRQHandler    [WEAK
]
  270 0000008C         
  271 0000008C         WDT_IRQHandler
  272 0000008C         TIMER0_IRQHandler
  273 0000008C         TIMER1_IRQHandler
  274 0000008C         TIMER2_IRQHandler
  275 0000008C         TIMER3_IRQHandler
  276 0000008C         UART0_IRQHandler
  277 0000008C         UART1_IRQHandler
  278 0000008C         UART2_IRQHandler
  279 0000008C         UART3_IRQHandler
  280 0000008C         PWM1_IRQHandler
  281 0000008C         I2C0_IRQHandler
  282 0000008C         I2C1_IRQHandler
  283 0000008C         I2C2_IRQHandler
  284 0000008C         SPI_IRQHandler
  285 0000008C         SSP0_IRQHandler
  286 0000008C         SSP1_IRQHandler
  287 0000008C         PLL0_IRQHandler
  288 0000008C         RTC_IRQHandler
  289 0000008C         EINT0_IRQHandler
  290 0000008C         EINT1_IRQHandler
  291 0000008C         EINT2_IRQHandler
  292 0000008C         EINT3_IRQHandler



ARM Macro Assembler    Page 8 


  293 0000008C         ADC_IRQHandler
  294 0000008C         BOD_IRQHandler
  295 0000008C         USB_IRQHandler
  296 0000008C         CAN_IRQHandler
  297 0000008C         DMA_IRQHandler
  298 0000008C         I2S_IRQHandler
  299 0000008C         ENET_IRQHandler
  300 0000008C         RIT_IRQHandler
  301 0000008C         MCPWM_IRQHandler
  302 0000008C         QEI_IRQHandler
  303 0000008C         PLL1_IRQHandler
  304 0000008C         USBActivity_IRQHandler
  305 0000008C         CANActivity_IRQHandler
  306 0000008C         
  307 0000008C E7FE            B                .
  308 0000008E         
  309 0000008E                 ENDP
  310 0000008E         
  311 0000008E         
  312 0000008E 00 00           ALIGN
  313 00000090         
  314 00000090 00000000 
              00000000 
              00000000 
              00000000 
              00000000         LTORG
  315 000000A4 00 00 00 
              00 00 00 
              00 00 00 
              00 00 00 
              00 00 00 
              00 00 00 
              00 00 00 
              00 00 00 
              00 00 00 
              00 00 00 
              00 00 00 
              00 00 00 
              00 00 00 
              00 00 00 
              00 00 00 
              00 00 00 
              00 00 00 
              00 00 00 
              00 00 00 
              00 00 00 
              00 00 00 
              00 00 00 
              00 00 00 
              00 00 00 
              00 00 00 
              00 00 00 
              00 00 00 
              00 00 00 
              00 00 00 
              00 00 00 
              00 00 00 
              00 00 00 
              00 00 00 



ARM Macro Assembler    Page 9 


              00 00 00 
              00 00 00 
              00 00 00 
              00 00 00 
              00 00 00 
              00 00 00 
              00 00 00 
              00 00 00 
              00 00 00 
              00 00 00 
              00 00 00 
              00 00 00 
              00 00 00 
              00 00 00 
              00 00 00 
              00 00 00 
              00 00 00 
              00 00 00 
              00 00 00 
              00 00 00 
              00 00 00 
              00 00 00 
              00 00 00 
              00 00 00 
              00 00 00 
              00 00 00 
              00 00 00 
              00 00 00 
              00 00 00 
              00 00 00 
              00 00 00 
              00 00 00 
              00 00 00 
              00 00 00 
              00 00 00 
              00 00 00 
              00 00 00 
              00 00 00 
              00 00 00 
              00 00 00 
              00 00 00 
              00 00 00 
              00 00 00 
              00 00 00 
              00 00 00 
              00 00 00 
              00 00 00 
              00 00 00 
              00 00 00 
              00 00 00 
              00 00 00 
              00 00 00 
              00 00 00 
              00 00 00 
              00 00 00 
              00 00 00 
              00 00 00 
              00 00 00 
              00 00 00 



ARM Macro Assembler    Page 10 


              00 00 00 
              00 00 00 
              00 00 00 
              00 00 00 
              00 00 00 
              00 00 00 
              00 00 00 
              00 00 00 
              00 00 00 
              00 00 00 
              00 00 00 
              00 00 00 
              00 00 00 
              00 00 00 
              00 00 00 
              00 00 00 
              00 00 00 
              00 00 00 
              00 00 00 
              00 00 00 
              00 00 00 
              00 00 00 
              00 00 00 
              00 00 00 
              00 00 00 
              00 00 00 
              00 00 00 
              00 00 00 
              00 00 00 
              00 00 00 
              00 00 00 
              00 00 00 
              00 00 00 
              00 00 00 
              00 00 00 
              00 00 00 
              00 00 00 
              00 00 00 
              00 00 00 
              00 00 00 
              00 00 00 
              00 00 00 
              00 00 00 
              00 00 00 
              00 00 00 
              00 00 00 
              00 00 00 
              00 00 00 
              00 00 00 
              00 00 00 
              00 00 00 
              00 00 00 
              00 00 00 
              00 00 00 
              00 00 00 
              00 00 00 
              00 00 00 
              00 00 00 
              00 00 00 



ARM Macro Assembler    Page 11 


              00 00 00 
              00 00 00 
              00 00 00 
              00 00 00 
              00 00 00 
              00 00 00 
              00 00 00 
              00 00 00 
              00 00 00 
              00 00 00 
              00 00 00 
              00 00 00 
              00 00 00 
              00 00 00 
              00 00 00 
              00 00 00 
              00 00 00 
              00 00 00 
              00 00 00 
              00 00 00 
              00 00 00 
              00 00 00 
              00 00 00 
              00 00 00 
              00 00 00 
              00 00 00 
              00 00 00 
              00 00 00 
              00 00 00 
              00 00 00 
              00 00 00 
              00 00 00 
              00 00 00 
              00 00 00 
              00 00 00 
              00 00 00 
              00 00 00 
              00 00 00 
              00 00 00 
              00 00 00 
              00 00 00 
              00 00 00 
              00 00 00 
              00 00 00 
              00 00 00 
              00 00 00 
              00 00 00 
              00 00 00 
              00 00 00 
              00 00 00 
              00 00 00 
              00 00 00 
              00 00 00 
              00 00 00 
              00 00 00 
              00 00 00 
              00 00 00 
              00 00 00 
              00 00 00 



ARM Macro Assembler    Page 12 


              00 00 00 
              00 00 00 
              00 00 00 
              00 00 00 
              00 00 00 
              00 00 00 
              00 00 00 
              00 00 00 
              00 00 00 
              00 00 00 
              00 00 00 
              00 00 00 
              00 00 00 
              00 00 00 
              00 00 00 
              00 00 00 
              00 00 00 
              00 00 00 
              00 00 00 
              00 00 00 
              00 00 00 
              00 00 00 
              00 00 00 
              00 00 00 
              00 00 00 
              00 00 00 
              00 00 00 
              00 00 00 
              00 00 00 
              00 00 00 
              00 00 00 
              00 00 00 
              00 00 00 
              00 00 00 
              00 00 00 
              00 00 00 
              00 00 00 
              00 00 00 
              00 00 00 
              00 00 00 
              00 00 00 
              00 00 00 
              00 00 00 
              00 00 00 
              00 00 00 
              00 00 00 
              00 00 00 
              00 00 00 
              00 00 00 
              00 00 00 
              00 00 00 
              00 00 00 
              00 00 00 
              00 00 00 
              00 00 00 
              00 00 00 
              00 00 00 
              00 00 00 
              00 00 00 



ARM Macro Assembler    Page 13 


              00 00 00 
              00 00 00 
              00 00 00 
              00 00 00 
              00 00 00 
              00 00 00 
              00 00 00 
              00 00 00 
              00 00 00 
              00 00 00 
              00 00 00 
              00 00 00 
              00 00 00 
              00 00 00 
              00 00 00 
              00 00 00 
              00 00 00 
              00 00 00 
              00 00 00 
              00 00 00 
              00 00 00 
              00 00 00 
              00 00 00 
              00 00 00 
              00 00 00 
              00 00 00 
              00 00 00 
              00 00 00 
              00 00 00 
              00 00 00 
              00 00 00 
              00 00 00 
              00 00 00 
              00 00 00 
              00 00 00 
              00 00 00 
              00 00 00 
              00 00 00 
              00 00 00 
              00 00 00 
              00 00 00 
              00 00 00 
              00 00 00 
              00 00 00 
              00 00 00 
              00 00 00 
              00 00 00 
              00 00 00 
              00 00 00 
              00 00 00 
              00 00 00 
              00 00 00 
              00 00 00 
              00 00 00 
              00 00 00 
              00 00 00 
              00 00 00 
              00 00 00 
              00 00 00 



ARM Macro Assembler    Page 14 


              00 00 00 
              00 00 00 
              00 00 00 
              00 00 00 
              00 00 00 
              00 00 00 
              00 00 00 
              00 00 00 
              00 00 00 
              00 00 00 
              00 00 00 
              00 00 00 
              00 00 00 
              00 00 00 
              00 00 00 
              00 00 00 
              00 00 00 
              00 00 00 
              00 00 00 
              00 00 00 
              00 00 00 
              00 00 00 
              00 00 00 
              00 00 00 
              00 00 00 
              00 00 00 
              00 00 00 
              00 00 00 
              00 00 00 
              00 00 00 
              00 00 00 
              00 00 00 
              00 00 00 
              00 00 00 
              00 00 00 
              00 00 00 
              00 00 00 
              00 00 00 
              00 00 00 
              00 00 00 
              00 00 00 
              00 00 00 
              00 00 00 
              00 00 00 
              00 00 00 
              00 00 00 
              00 00 00 
              00 00 00 
              00 00 00 
              00 00 00 
              00 00 00 
              00 00 00 
              00 00 00 
              00 00 00 
              00 00 00 
              00 00 00 
              00 00 00 
              00 00 00 
              00 00 00 



ARM Macro Assembler    Page 15 


              00 00 00 
              00 00 00 
              00 00 00 
              00 00 00 
              00 00 00 
              00 00 00 
              00 00 00 
              00 00 00 
              00 00 00 
              00 00 00 
              00 00 00 
              00 00 00 
              00 00 00 
              00 00 00 
              00 00 00 
              00 00 00 
              00 00 00 
              00 00 00 
              00 00 00 
              00 00 00 
              00 00 00 
              00 00 00 
              00 00 00 
              00 00 00 
              00 00 00 
              00 00 00 
              00 00 00 
              00 00 00 
              00 00 00 
              00 00 00 
              00 00 00 
              00 00 00 
              00 00 00 
              00 00 00 
              00 00 00 
              00 00 00 
              00 00 00 
              00 00 00 
              00 00 00 
              00 00 00 
              00 00 00 
              00 00 00 
              00 00 00 
              00 00 00 
              00 00 00 
              00 00 00 
              00 00 00 
              00 00 00 
              00 00 00 
              00 00 00 
              00 00 00 
              00 00 00 
              00 00 00 
              00 00 00 
              00 00 00 
              00 00 00 
              00 00 00 
              00 00 00 
              00 00 00 



ARM Macro Assembler    Page 16 


              00 00 00 
              00 00 00 
              00 00 00 
              00 00 00 
              00 00 00 
              00 00 00 
              00 00 00 
              00 00 00 
              00 00 00 
              00 00 00 
              00 00 00 
              00 00 00 
              00 00 00 
              00 00 00 
              00 00 00 
              00 00 00 
              00 00 00 
              00 00 00 
              00 00 00 
              00 00 00 
              00 00 00 
              00 00 00 
              00 00 00 
              00 00 00 
              00 00 00 
              00 00 00 
              00 00 00 
              00 00 00 
              00 00 00 
              00 00 00 
              00 00 00 
              00 00 00 
              00 00 00 
              00 00 00 
              00 00 00 
              00 00 00 
              00 00 00 
              00 00 00 
              00 00 00 
              00 00 00 
              00 00 00 
              00 00 00 
              00 00 00 
              00 00 00 
              00 00 00 
              00 00 00 
              00 00 00 
              00 00 00 
              00 00 00 
              00 00 00 
              00 00 00 
              00 00 00 
              00 00 00 
              00 00 00 
              00 00 00 
              00 00 00 
              00 00 00 
              00 00 00 
              00 00 00 



ARM Macro Assembler    Page 17 


              00 00 00 
              00 00 00 
              00 00 00 
              00 00 00 
              00 00 00 
              00 00 00 
              00 00 00 
              00 00 00 
              00 00 00 
              00 00 00 
              00 00 00 
              00 00 00 
              00 00 00 
              00 00 00 
              00 00 00 
              00 00 00 
              00 00 00 
              00 00 00 
              00 00 00 
              00 00 00 
              00 00 00 
              00 00 00 
              00 00 00 
              00 00 00 
              00 00 00 
              00 00 00 
              00 00 00 
              00 00 00 
              00 00 00 
              00 00 00 
              00 00 00 
              00 00 00 
              00 00 00 
              00 00 00 
              00 00 00 
              00 00 00 
              00 00 00 
              00 00 00 
              00 00 00 
              00 00 00 
              00 00 00 
              00 00 00 
              00 00 00 
              00 00 00 
              00 00 00 
              00 00 00 
              00 00 00 
              00 00 00 
              00 00 00 
              00 00 00 
              00 00 00 
              00 00 00 
              00 00 00 
              00 00 00 
              00 00 00 
              00 00 00 
              00 00 00 
              00 00 00 
              00 00 00 



ARM Macro Assembler    Page 18 


              00 00 00 
              00 00 00 
              00 00 00 
              00 00 00 
              00 00 00 
              00 00 00 
              00 00 00 
              00 00 00 
              00 00 00 
              00 00 00 
              00 00 00 
              00 00 00 
              00 00 00 
              00 00 00 
              00 00 00 
              00 00 00 
              00 00 00 
              00 00 00 
              00 00 00 
              00 00 00 
              00 00 00 
              00 00 00 
              00 00 00 
              00 00 00 
              00 00 00 
              00 00 00 
              00 00 00 
              00 00 00 
              00 00 00 
              00 00 00 
              00 00 00 
              00 00 00 
              00 00 00 
              00 00 00 
              00 00 00 
              00 00 00 
              00 00 00 
              00 00 00 
              00 00 00 
              00 00 00 
              00 00 00 
              00 00 00 
              00 00 00 
              00 00 00 
              00 00 00 
              00 00 00 
              00 00 00 
              00 00 00 
              00 00 00 
              00 00 00 
              00 00 00 
              00 00 00 
              00 00 00 
              00 00 00 
              00 00 00 
              00 00 00 
              00 00 00 
              00 00 00 
              00 00 00 



ARM Macro Assembler    Page 19 


              00 00 00 
              00 00 00 
              00 00 00 
              00 00 00 
              00 00 00 
              00 00 00 
              00 00 00 
              00 00 00 
              00 00 00 
              00 00 00 
              00 00 00 
              00 00 00 
              00 00 00 
              00 00 00 
              00 00 00 
              00 00 00 
              00 00 00 
              00 00 00 
              00 00 00 
              00 00 00 
              00 00 00 
              00 00 00 
              00 00 00 
              00 00 00 
              00 00 00 
              00 00 00 
              00 00 00 
              00 00 00 
              00 00 00 
              00 00 00 
              00 00 00 
              00 00 00 
              00 00 00 
              00 00 00 
              00 00 00 
              00 00 00 
              00 00 00 
              00 00 00 
              00 00 00 
              00 00 00 
              00 00 00 
              00 00 00 
              00 00 00 
              00 00 00 
              00 00 00 
              00 00 00 
              00 00 00 
              00 00 00 
              00 00 00 
              00 00 00 
              00 00 00 
              00 00 00 
              00 00 00 
              00 00 00 
              00 00 00 
              00 00 00 
              00 00 00 
              00 00 00 
              00 00 00 



ARM Macro Assembler    Page 20 


              00 00 00 
              00 00 00 
              00 00 00 
              00 00 00 
              00 00 00 
              00 00 00 
              00 00 00 
              00 00 00 
              00 00 00 
              00 00 00 
              00 00 00 
              00 00 00 
              00 00 00 
              00 00 00 
              00 00 00 
              00 00 00 
              00 00 00 
              00 00 00 
              00 00 00 
              00 00 00 
              00 00 00 
              00 00 00 
              00 00 00 
              00 00 00 
              00 00 00 
              00 00 00 
              00 00 00 
              00 00 00 
              00 00 00 
              00 00 00 
              00 00 00 
              00 00 00 
              00 00 00 
              00 00 00 
              00 00 00 
              00 00 00 
              00 00 00 
              00 00 00 
              00 00 00 
              00 00 00 
              00 00 00 
              00 00 00 
              00 00 00 
              00 00 00 
              00 00 00 
              00 00 00 
              00 00 00 
              00 00 00 
              00 00 00 
              00 00 00 
              00 00 00 
              00 00 00 
              00 00 00 
              00 00 00 
              00 00 00 
              00 00 00 
              00 00 00 
              00 00 00 
              00 00 00 



ARM Macro Assembler    Page 21 


              00 00 00 
              00 00 00 
              00 00 00 
              00 00 00 
              00 00 00 
              00 00 00 
              00 00 00 
              00 00 00 
              00 00 00 
              00 00 00 
              00 00 00 
              00 00 00 
              00 00 00 
              00 00 00 
              00 00 00 
              00 00 00 
              00 00 00 
              00 00 00 
              00 00 00 
              00 00 00 
              00 00 00 
              00 00 00 
              00 00 00 
              00 00 00 
              00 00 00 
              00 00 00 
              00 00 00 
              00 00 00 
              00 00 00 
              00 00 00 
              00 00 00 
              00 00 00 
              00 00 00 
              00 00 00 
              00 00 00 
              00 00 00 
              00 00 00 
              00 00 00 
              00 00 00 
              00 00 00 
              00 00 00 
              00 00 00 
              00 00 00 
              00 00 00 
              00 00 00 
              00 00 00 
              00 00 00 
              00 00 00 
              00 00 00 
              00 00 00 
              00 00 00 
              00 00 00 
              00 00 00 
              00 00 00 
              00 00 00 
              00 00 00 
              00 00 00 
              00 00 00 
              00 00 00 



ARM Macro Assembler    Page 22 


              00 00 00 
              00 00 00 
              00 00 00 
              00 00 00 
              00 00 00 
              00 00 00 
              00 00 00 
              00 00 00 
              00 00 00 
              00 00 00 
              00 00 00 
              00 00 00 
              00 00 00 
              00 00 00 
              00 00 00 
              00 00 00 
              00 00 00 
              00 00 00 
              00 00 00 
              00 00 00 
              00 00 00 
              00 00 00 
              00 00 00 
              00 00 00 
              00 00 00 
              00 00 00 
              00 00 00 
              00 00 00 
              00 00 00 
              00 00 00 
              00 00 00 
              00 00 00 
              00 00 00 
              00 00 00 
              00 00 00 
              00 00 00 
              00 00 00 
              00 00 00 
              00 00 00 
              00 00 00 
              00 00 00 
              00 00 00 
              00 00 00 
              00 00 00 
              00 00 00 
              00 00 00 
              00 00 00 
              00 00 00 
              00 00 00 
              00 00 00 
              00 00 00 
              00 00 00 
              00 00 00 
              00 00 00 
              00 00 00 
              00 00 00 
              00 00 00 
              00 00 00 
              00 00 00 



ARM Macro Assembler    Page 23 


              00 00 00 
              00 00 00 
              00 00 00 
              00 00 00 
              00 00 00 
              00 00 00 
              00 00 00 
              00 00 00 
              00 00 00 
              00 00 00 
              00 00 00 
              00 00 00 
              00 00 00 
              00 00 00 
              00 00 00 
              00 00 00 
              00 00 00 
              00 00 00 
              00 00 00 
              00 00 00 
              00 00 00 
              00 00 00 
              00 00 00 
              00 00 00 
              00 00 00 
              00 00 00 
              00 00 00 
              00 00 00 
              00 00 00 
              00 00 00 
              00 00 00 
              00 00 00 
              00 00 00 
              00 00 00 
              00 00 00 
              00 00 00 
              00 00 00 
              00 00 00 
              00 00 00 
              00 00 00 
              00 00 00 
              00 00 00 
              00 00 00 
              00 00 00 
              00 00 00 
              00 00 00 
              00 00 00 
              00 00 00 
              00 00 00 
              00 00 00 
              00 00 00 
              00 00 00 
              00 00 00 
              00 00 00 
              00 00 00 
              00 00 00 
              00 00 00 
              00 00 00 
              00 00 00 



ARM Macro Assembler    Page 24 


              00 00 00 
              00 00 00 
              00 00 00 
              00 00 00 
              00 00 00 
              00 00 00 
              00 00 00 
              00 00 00 
              00 00 00 
              00 00 00 
              00 00 00 
              00 00 00 
              00 00 00 
              00 00 00 
              00 00 00 
              00 00 00 
              00 00 00 
              00 00 00 
              00 00 00 
              00 00 00 
              00 00 00 
              00 00 00 
              00 00 00 
              00 00 00 
              00 00 00 
              00 00 00 
              00 00 00 
              00 00 00 
              00 00 00 
              00 00 00 
              00 00 00 
              00 00 00 
              00 00 00 
              00 00 00 
              00 00 00 
              00 00 00 
              00 00 00 
              00 00 00 
              00 00 00 
              00 00 00 
              00 00 00 
              00 00 00 
              00 00 00 
              00 00 00 
              00 00 00 
              00 00 00 
              00 00 00 
              00 00 00 
              00 00 00 
              00 00 00 
              00 00 00 
              00 00 00 
              00 00 00 
              00 00 00 
              00 00 00 
              00 00 00 
              00 00 00 
              00 00 00 
              00 00 00 



ARM Macro Assembler    Page 25 


              00 00 00 
              00 00 00 
              00 00 00 
              00 00 00 
              00 00 00 
              00 00 00 
              00 00 00 
              00 00 00 
              00 00 00 
              00 00 00 
              00 00 00 
              00 00 00 
              00 00 00 
              00 00 00 
              00 00 00 
              00 00 00 
              00 00 00 
              00 00 00 
              00 00 00 
              00 00 00 
              00 00 00 
              00 00 00 
              00 00 00 
              00 00 00 
              00 00 00 
              00 00 00 
              00 00 00 
              00 00 00 
              00 00 00 
              00 00 00 
              00 00 00 
              00 00 00 
              00 00 00 
              00 00 00 
              00 00 00 
              00 00 00 
              00 00 00 
              00 00 00 
              00 00 00 
              00 00 00 
              00 00 00 
              00 00 00 
              00 00 00 
              00 00 00 
              00 00 00 
              00 00 00 
              00 00 00 
              00 00 00 
              00 00 00 
              00 00 00 
              00 00 00 
              00 00 00 
              00 00 00 
              00 00 00 
              00 00 00 
              00 00 00 
              00 00 00 
              00 00 00 
              00 00 00 



ARM Macro Assembler    Page 26 


              00 00 00 
              00 00 00 
              00 00 00 
              00 00 00 
              00 00 00 
              00 00 00 
              00 00 00 
              00 00 00 
              00 00 00 
              00 00 00 
              00 00 00 
              00 00 00 
              00 00 00 
              00 00 00 
              00 00 00 
              00 00 00 
              00 00 00 
              00 00 00 
              00 00 00 
              00 00 00 
              00 00 00 
              00 00 00 
              00 00 00 
              00 00 00 
              00 00 00 
              00 00 00 
              00 00 00 
              00 00 00 
              00 00 00 
              00 00 00 
              00 00 00 
              00 00 00 
              00 00 00 
              00 00 00 
              00 00 00 
              00 00 00 
              00 00 00 
              00 00 00 
              00 00 00 
              00 00 00 
              00 00 00 
              00 00 00 
              00 00 00 
              00 00 00 
              00 00 00 
              00 00 00 
              00 00 00 
              00 00 00 
              00 00 00 
              00 00 00 
              00 00 00 
              00 00 00 
              00 00 00 
              00 00 00 
              00 00 00 
              00 00 00 
              00 00 00 
              00 00 00 
              00 00 00 



ARM Macro Assembler    Page 27 


              00 00 00 
              00 00 00 
              00 00 00 
              00 00 00 
              00 00 00 
              00 00 00 
              00 00 00 
              00 00 00 
              00 00 00 
              00 00 00 
              00 00 00 
              00 00 00 
              00 00 00 
              00 00 00 
              00 00 00 
              00 00 00 
              00 00 00 
              00 00 00 
              00 00 00 
              00 00 00 
              00 00 00 
              00 00 00 
              00 00 00 
              00 00 00 
              00 00 00 
              00 00 00 
              00 00 00 
              00 00 00 
              00 00 00 
              00 00 00 
              00 00 00 
              00 00 00 
              00 00 00 
              00 00 00 
              00 00 00 
              00 00 00 
              00 00 00 
              00 00 00 
              00 00 00 
              00 00 00 
              00 00 00 
              00 00 00 
              00 00 00 
              00 00 00 
              00 00 00 
              00 00 00 
              00 00 00 
              00 00 00 
              00 00 00 
              00 00 00 
              00 00 00 
              00 00 00 
              00 00 00 
              00 00 00 
              00 00 00 
              00 00 00 
              00 00 00 
              00 00 00 
              00 00 00 



ARM Macro Assembler    Page 28 


              00 00 00 
              00 00 00 
              00 00 00 
              00 00 00 
              00 00 00 
              00 00 00 
              00 00 00 
              00 00 00 
              00 00 00 
              00 00 00 
              00 00 00 
              00 00 00 
              00 00 00 
              00 00 00 
              00 00 00 
              00 00 00 
              00 00 00 
              00 00 00 
              00 00 00 
              00 00 00 
              00 00 00 
              00 00 00 
              00 00 00 
              00 00 00 
              00 00 00 
              00 00 00 
              00 00 00 
              00 00 00 
              00 00 00 
              00 00 00 
              00 00 00 
              00 00 00 
              00 00 00 
              00 00 00 
              00 00 00 
              00 00 00 
              00 00 00 
              00 00 00 
              00 00 00 
              00 00 00 
              00 00 00 
              00 00 00 
              00 00 00 
              00 00 00 
              00 00 00 
              00 00 00 
              00 00 00 
              00 00 00 
              00 00 00 
              00 00 00 
              00 00 00 
              00 00 00 
              00 00 00 
              00 00 00 
              00 00 00 
              00 00 00 
              00 00 00 
              00 00 00 
              00 00 00 



ARM Macro Assembler    Page 29 


              00 00 00 
              00 00 00 
              00 00 00 
              00 00 00 
              00 00 00 
              00 00 00 
              00 00 00 
              00 00 00 
              00 00 00 
              00 00 00 
              00 00 00 
              00 00 00 
              00 00 00 
              00 00 00 
              00 00 00 
              00 00 00 
              00 00 00 
              00 00 00 
              00 00 00 
              00 00 00 
              00 00 00 
              00 00 00 
              00 00 00 
              00 00 00 
              00 00 00 
              00 00 00 
              00 00 00 
              00 00 00 
              00 00 00 
              00 00 00 
              00 00 00 
              00 00 00 
              00 00 00 
              00 00 00 
              00 00 00 
              00 00 00 
              00 00 00 
              00 00 00 
              00 00 00 
              00 00 00 
              00 00 00 
              00 00 00 
              00 00 00 
              00 00 00 
              00 00 00 
              00 00 00 
              00 00 00 
              00 00 00 
              00 00 00 
              00 00 00 
              00 00 00 
              00 00 00 
              00 00 00 
              00 00 00 
              00 00 00 
              00 00 00 
              00 00 00 
              00 00 00 
              00 00 00 



ARM Macro Assembler    Page 30 


              00 00 00 
              00 00 00 
              00 00 00 
              00 00 00 
              00 00 00 
              00 00 00 
              00 00 00 
              00 00 00 
              00 00 00 
              00 00 00 
              00 00 00 
              00 00 00 
              00 00 00 
              00 00 00 
              00 00 00 
              00 00 00 
              00 00 00 
              00 00 00 
              00 00 00 
              00 00 00 
              00 00 00 
              00 00 00 
              00 00 00 
              00 00 00 
              00 00 00 
              00 00 00 
              00 00 00 
              00 00 00 
              00 00 00 
              00 00 00 
              00 00 00 
              00 00 00 
              00 00 00 
              00 00 00 
              00 00 00 
              00 00 00 
              00 00 00 
              00 00 00 
              00 00 00 
              00 00 00 
              00 00 00 
              00 00 00 
              00 00 00 
              00 00 00 
              00 00 00 
              00 00 00 
              00 00 00 
              00 00 00 
              00 00 00 
              00 00 00 
              00 00 00 
              00 00 00 
              00 00 00 
              00 00 00 
              00 00 00 
              00 00 00 
              00 00 00 
              00 00 00 
              00 00 00 



ARM Macro Assembler    Page 31 


              00 00 00 
              00 00 00 
              00 00 00 
              00 00 00 
              00 00 00 
              00 00 00 
              00 00 00 
              00 00 00 
              00 00 00 
              00 00 00 
              00 00 00 
              00 00 00 
              00 00 00 
              00 00 00 
              00 00 00 
              00 00 00 
              00 00 00 
              00 00 00 
              00 00 00 
              00 00 00 
              00 00 00 
              00 00 00 
              00 00 00 
              00 00 00 
              00 00 00 
              00 00 00 
              00 00 00 
              00 00 00 
              00 00 00 
              00 00 00 
              00 00 00 
              00 00 00 
              00 00 00 
              00 00 00 
              00               SPACE            4096
  316 000010A4                 AREA             myData, DATA, READONLY, align =
 2
  317 00000000         
  318 00000000 00000006 
              00000514 
              00000003 
              000006A4 
              00000002 
              000004B0 
              00000004 
              0000076C Calories_food
                               DCD              0x06, 1300, 0x03, 1700, 0x02, 1
200, 0x04, 1900
  319 00000020 00000005 
              00000456 
              00000001 
              00000686 
              00000007 
              000003E8         DCD              0x05, 1110, 0x01, 1670, 0x07, 1
000
  320 00000038         
  321 00000038 00000002 
              000001F4 
              00000005 



ARM Macro Assembler    Page 32 


              00000320 
              00000006 
              00000190 Calories_sport
                               DCD              0x02, 500, 0x05, 800, 0x06, 400
  322 00000050         
  323 00000050 07      Num_days
                               DCB              7
  324 00000051 03      Num_days_sport
                               DCB              3
  325 00000052         
  326 00000052         
  327 00000052         ; User Initial Stack & Heap
  328 00000052         
  329 00000052                 EXPORT           __initial_sp
  330 00000052                 EXPORT           __heap_base
  331 00000052                 EXPORT           __heap_limit
  332 00000052         
  333 00000052                 END
Command Line: --debug --xref --diag_suppress=9931 --cpu=Cortex-M3 --apcs=interw
ork --depend=.\startup.d -o.\startup.o -I.\RTE\_Target_1 -IC:\Users\lorys\AppDa
ta\Local\Arm\Packs\ARM\CMSIS\5.8.0\CMSIS\Core\Include -IC:\Users\lorys\AppData\
Local\Arm\Packs\Keil\LPC1700_DFP\2.7.1\Device\Include --predefine="__EVAL SETA 
1" --predefine="__UVISION_VERSION SETA 536" --predefine="_RTE_ SETA 1" --predef
ine="LPC175x_6x SETA 1" --predefine="_RTE_ SETA 1" --list=.\startup.lst startup
.s



ARM Macro Assembler    Page 1 Alphabetic symbol ordering
Relocatable symbols

STACK 00000000

Symbol: STACK
   Definitions
      At line 33 in file startup.s
   Uses
      None
Comment: STACK unused
Stack_Mem 00000000

Symbol: Stack_Mem
   Definitions
      At line 34 in file startup.s
   Uses
      None
Comment: Stack_Mem unused
__initial_sp 00000200

Symbol: __initial_sp
   Definitions
      At line 35 in file startup.s
   Uses
      At line 59 in file startup.s
      At line 329 in file startup.s

3 symbols



ARM Macro Assembler    Page 1 Alphabetic symbol ordering
Relocatable symbols

HEAP 00000000

Symbol: HEAP
   Definitions
      At line 44 in file startup.s
   Uses
      None
Comment: HEAP unused
Heap_Mem 00000000

Symbol: Heap_Mem
   Definitions
      At line 46 in file startup.s
   Uses
      None
Comment: Heap_Mem unused
__heap_base 00000000

Symbol: __heap_base
   Definitions
      At line 45 in file startup.s
   Uses
      At line 330 in file startup.s
Comment: __heap_base used once
__heap_limit 00000000

Symbol: __heap_limit
   Definitions
      At line 47 in file startup.s
   Uses
      At line 331 in file startup.s
Comment: __heap_limit used once
4 symbols



ARM Macro Assembler    Page 1 Alphabetic symbol ordering
Relocatable symbols

RESET 00000000

Symbol: RESET
   Definitions
      At line 56 in file startup.s
   Uses
      None
Comment: RESET unused
__Vectors 00000000

Symbol: __Vectors
   Definitions
      At line 59 in file startup.s
   Uses
      At line 57 in file startup.s
Comment: __Vectors used once
2 symbols



ARM Macro Assembler    Page 1 Alphabetic symbol ordering
Relocatable symbols

.ARM.__at_0x02FC 00000000

Symbol: .ARM.__at_0x02FC
   Definitions
      At line 115 in file startup.s
   Uses
      None
Comment: .ARM.__at_0x02FC unused
CRP_Key 00000000

Symbol: CRP_Key
   Definitions
      At line 116 in file startup.s
   Uses
      None
Comment: CRP_Key unused
2 symbols



ARM Macro Assembler    Page 1 Alphabetic symbol ordering
Relocatable symbols

.text 00000000

Symbol: .text
   Definitions
      At line 120 in file startup.s
   Uses
      None
Comment: .text unused
ADC_IRQHandler 0000008C

Symbol: ADC_IRQHandler
   Definitions
      At line 293 in file startup.s
   Uses
      At line 99 in file startup.s
      At line 257 in file startup.s

BOD_IRQHandler 0000008C

Symbol: BOD_IRQHandler
   Definitions
      At line 294 in file startup.s
   Uses
      At line 100 in file startup.s
      At line 258 in file startup.s

BusFault_Handler 00000080

Symbol: BusFault_Handler
   Definitions
      At line 206 in file startup.s
   Uses
      At line 64 in file startup.s
      At line 207 in file startup.s

CANActivity_IRQHandler 0000008C

Symbol: CANActivity_IRQHandler
   Definitions
      At line 305 in file startup.s
   Uses
      At line 111 in file startup.s
      At line 269 in file startup.s

CAN_IRQHandler 0000008C

Symbol: CAN_IRQHandler
   Definitions
      At line 296 in file startup.s
   Uses
      At line 102 in file startup.s
      At line 260 in file startup.s

DMA_IRQHandler 0000008C

Symbol: DMA_IRQHandler
   Definitions
      At line 297 in file startup.s
   Uses



ARM Macro Assembler    Page 2 Alphabetic symbol ordering
Relocatable symbols

      At line 103 in file startup.s
      At line 261 in file startup.s

DebugMon_Handler 00000086

Symbol: DebugMon_Handler
   Definitions
      At line 220 in file startup.s
   Uses
      At line 71 in file startup.s
      At line 221 in file startup.s

Default_Handler 0000008C

Symbol: Default_Handler
   Definitions
      At line 233 in file startup.s
   Uses
      None
Comment: Default_Handler unused
EINT0_IRQHandler 0000008C

Symbol: EINT0_IRQHandler
   Definitions
      At line 289 in file startup.s
   Uses
      At line 95 in file startup.s
      At line 253 in file startup.s

EINT1_IRQHandler 0000008C

Symbol: EINT1_IRQHandler
   Definitions
      At line 290 in file startup.s
   Uses
      At line 96 in file startup.s
      At line 254 in file startup.s

EINT2_IRQHandler 0000008C

Symbol: EINT2_IRQHandler
   Definitions
      At line 291 in file startup.s
   Uses
      At line 97 in file startup.s
      At line 255 in file startup.s

EINT3_IRQHandler 0000008C

Symbol: EINT3_IRQHandler
   Definitions
      At line 292 in file startup.s
   Uses
      At line 98 in file startup.s
      At line 256 in file startup.s

ENET_IRQHandler 0000008C

Symbol: ENET_IRQHandler



ARM Macro Assembler    Page 3 Alphabetic symbol ordering
Relocatable symbols

   Definitions
      At line 299 in file startup.s
   Uses
      At line 105 in file startup.s
      At line 263 in file startup.s

EXT_LOOP 00000036

Symbol: EXT_LOOP
   Definitions
      At line 158 in file startup.s
   Uses
      At line 180 in file startup.s
Comment: EXT_LOOP used once
HardFault_Handler 0000007C

Symbol: HardFault_Handler
   Definitions
      At line 196 in file startup.s
   Uses
      At line 62 in file startup.s
      At line 197 in file startup.s

I2C0_IRQHandler 0000008C

Symbol: I2C0_IRQHandler
   Definitions
      At line 281 in file startup.s
   Uses
      At line 87 in file startup.s
      At line 245 in file startup.s

I2C1_IRQHandler 0000008C

Symbol: I2C1_IRQHandler
   Definitions
      At line 282 in file startup.s
   Uses
      At line 88 in file startup.s
      At line 246 in file startup.s

I2C2_IRQHandler 0000008C

Symbol: I2C2_IRQHandler
   Definitions
      At line 283 in file startup.s
   Uses
      At line 89 in file startup.s
      At line 247 in file startup.s

I2S_IRQHandler 0000008C

Symbol: I2S_IRQHandler
   Definitions
      At line 298 in file startup.s
   Uses
      At line 104 in file startup.s
      At line 262 in file startup.s




ARM Macro Assembler    Page 4 Alphabetic symbol ordering
Relocatable symbols

INT_LOOP 0000004A

Symbol: INT_LOOP
   Definitions
      At line 166 in file startup.s
   Uses
      At line 178 in file startup.s
Comment: INT_LOOP used once
MCPWM_IRQHandler 0000008C

Symbol: MCPWM_IRQHandler
   Definitions
      At line 301 in file startup.s
   Uses
      At line 107 in file startup.s
      At line 265 in file startup.s

MemManage_Handler 0000007E

Symbol: MemManage_Handler
   Definitions
      At line 201 in file startup.s
   Uses
      At line 63 in file startup.s
      At line 202 in file startup.s

NMI_Handler 0000007A

Symbol: NMI_Handler
   Definitions
      At line 191 in file startup.s
   Uses
      At line 61 in file startup.s
      At line 192 in file startup.s

PLL0_IRQHandler 0000008C

Symbol: PLL0_IRQHandler
   Definitions
      At line 287 in file startup.s
   Uses
      At line 93 in file startup.s
      At line 251 in file startup.s

PLL1_IRQHandler 0000008C

Symbol: PLL1_IRQHandler
   Definitions
      At line 303 in file startup.s
   Uses
      At line 109 in file startup.s
      At line 267 in file startup.s

PWM1_IRQHandler 0000008C

Symbol: PWM1_IRQHandler
   Definitions
      At line 280 in file startup.s
   Uses



ARM Macro Assembler    Page 5 Alphabetic symbol ordering
Relocatable symbols

      At line 86 in file startup.s
      At line 244 in file startup.s

PendSV_Handler 00000088

Symbol: PendSV_Handler
   Definitions
      At line 224 in file startup.s
   Uses
      At line 73 in file startup.s
      At line 225 in file startup.s

QEI_IRQHandler 0000008C

Symbol: QEI_IRQHandler
   Definitions
      At line 302 in file startup.s
   Uses
      At line 108 in file startup.s
      At line 266 in file startup.s

RIT_IRQHandler 0000008C

Symbol: RIT_IRQHandler
   Definitions
      At line 300 in file startup.s
   Uses
      At line 106 in file startup.s
      At line 264 in file startup.s

RTC_IRQHandler 0000008C

Symbol: RTC_IRQHandler
   Definitions
      At line 288 in file startup.s
   Uses
      At line 94 in file startup.s
      At line 252 in file startup.s

Reset_Handler 00000000

Symbol: Reset_Handler
   Definitions
      At line 136 in file startup.s
   Uses
      At line 60 in file startup.s
      At line 137 in file startup.s
      At line 138 in file startup.s

SPI_IRQHandler 0000008C

Symbol: SPI_IRQHandler
   Definitions
      At line 284 in file startup.s
   Uses
      At line 90 in file startup.s
      At line 248 in file startup.s

SSP0_IRQHandler 0000008C



ARM Macro Assembler    Page 6 Alphabetic symbol ordering
Relocatable symbols


Symbol: SSP0_IRQHandler
   Definitions
      At line 285 in file startup.s
   Uses
      At line 91 in file startup.s
      At line 249 in file startup.s

SSP1_IRQHandler 0000008C

Symbol: SSP1_IRQHandler
   Definitions
      At line 286 in file startup.s
   Uses
      At line 92 in file startup.s
      At line 250 in file startup.s

SVC_Handler 00000084

Symbol: SVC_Handler
   Definitions
      At line 215 in file startup.s
   Uses
      At line 70 in file startup.s
      At line 216 in file startup.s

SysTick_Handler 0000008A

Symbol: SysTick_Handler
   Definitions
      At line 228 in file startup.s
   Uses
      At line 74 in file startup.s
      At line 229 in file startup.s

TIMER0_IRQHandler 0000008C

Symbol: TIMER0_IRQHandler
   Definitions
      At line 272 in file startup.s
   Uses
      At line 78 in file startup.s
      At line 236 in file startup.s

TIMER1_IRQHandler 0000008C

Symbol: TIMER1_IRQHandler
   Definitions
      At line 273 in file startup.s
   Uses
      At line 79 in file startup.s
      At line 237 in file startup.s

TIMER2_IRQHandler 0000008C

Symbol: TIMER2_IRQHandler
   Definitions
      At line 274 in file startup.s
   Uses



ARM Macro Assembler    Page 7 Alphabetic symbol ordering
Relocatable symbols

      At line 80 in file startup.s
      At line 238 in file startup.s

TIMER3_IRQHandler 0000008C

Symbol: TIMER3_IRQHandler
   Definitions
      At line 275 in file startup.s
   Uses
      At line 81 in file startup.s
      At line 239 in file startup.s

UART0_IRQHandler 0000008C

Symbol: UART0_IRQHandler
   Definitions
      At line 276 in file startup.s
   Uses
      At line 82 in file startup.s
      At line 240 in file startup.s

UART1_IRQHandler 0000008C

Symbol: UART1_IRQHandler
   Definitions
      At line 277 in file startup.s
   Uses
      At line 83 in file startup.s
      At line 241 in file startup.s

UART2_IRQHandler 0000008C

Symbol: UART2_IRQHandler
   Definitions
      At line 278 in file startup.s
   Uses
      At line 84 in file startup.s
      At line 242 in file startup.s

UART3_IRQHandler 0000008C

Symbol: UART3_IRQHandler
   Definitions
      At line 279 in file startup.s
   Uses
      At line 85 in file startup.s
      At line 243 in file startup.s

USBActivity_IRQHandler 0000008C

Symbol: USBActivity_IRQHandler
   Definitions
      At line 304 in file startup.s
   Uses
      At line 110 in file startup.s
      At line 268 in file startup.s

USB_IRQHandler 0000008C




ARM Macro Assembler    Page 8 Alphabetic symbol ordering
Relocatable symbols

Symbol: USB_IRQHandler
   Definitions
      At line 295 in file startup.s
   Uses
      At line 101 in file startup.s
      At line 259 in file startup.s

UsageFault_Handler 00000082

Symbol: UsageFault_Handler
   Definitions
      At line 211 in file startup.s
   Uses
      At line 65 in file startup.s
      At line 212 in file startup.s

WDT_IRQHandler 0000008C

Symbol: WDT_IRQHandler
   Definitions
      At line 271 in file startup.s
   Uses
      At line 77 in file startup.s
      At line 235 in file startup.s

salta_int_loop 00000074

Symbol: salta_int_loop
   Definitions
      At line 179 in file startup.s
   Uses
      At line 176 in file startup.s
Comment: salta_int_loop used once
50 symbols



ARM Macro Assembler    Page 1 Alphabetic symbol ordering
Relocatable symbols

Calories_food 00000000

Symbol: Calories_food
   Definitions
      At line 318 in file startup.s
   Uses
      At line 144 in file startup.s
Comment: Calories_food used once
Calories_sport 00000038

Symbol: Calories_sport
   Definitions
      At line 321 in file startup.s
   Uses
      At line 145 in file startup.s
Comment: Calories_sport used once
Num_days 00000050

Symbol: Num_days
   Definitions
      At line 323 in file startup.s
   Uses
      At line 140 in file startup.s
Comment: Num_days used once
Num_days_sport 00000051

Symbol: Num_days_sport
   Definitions
      At line 324 in file startup.s
   Uses
      At line 142 in file startup.s
Comment: Num_days_sport used once
myData 00000000

Symbol: myData
   Definitions
      At line 316 in file startup.s
   Uses
      None
Comment: myData unused
5 symbols



ARM Macro Assembler    Page 1 Alphabetic symbol ordering
Absolute symbols

Heap_Size 00000000

Symbol: Heap_Size
   Definitions
      At line 42 in file startup.s
   Uses
      At line 46 in file startup.s
Comment: Heap_Size used once
Stack_Size 00000200

Symbol: Stack_Size
   Definitions
      At line 31 in file startup.s
   Uses
      At line 34 in file startup.s
Comment: Stack_Size used once
2 symbols
418 symbols in table
