


ARM Macro Assembler    Page 1 


    1 00000000         ;            Computer Architectures - 02LSEOV 02LSEOQ   
                                ;
    2 00000000         ; author:   Paolo BERNARDI - Politecnico di Torino      
                            ;
    3 00000000         ; creation:  11 November 2018         ;
    4 00000000         ; last update:  1 Dicember 2020         ;
    5 00000000         ; functionalities:             ;
    6 00000000         ;  nothing but bringing to the reset handler     ;
    7 00000000         
    8 00000000         ; *------- <<< Use Configuration Wizard in Context Menu 
                       >>> ------------------
    9 00000000         
   10 00000000         ; <h> Stack Configuration
   11 00000000         ;   <o> Stack Size (in Bytes) <0x0-0xFFFFFFFF:8>
   12 00000000         ; </h>
   13 00000000         
   14 00000000 00000200 
                       Stack_Size
                               EQU              0x00000200
   15 00000000         
   16 00000000                 AREA             STACK, NOINIT, READWRITE, ALIGN
=3
   17 00000000                 SPACE            Stack_Size/2
   18 00000100         Stack_Mem
                               SPACE            Stack_Size/2
   19 00000200         __initial_sp
   20 00000200         
   21 00000200         
   22 00000200         
   23 00000200         
   24 00000200         ; <h> Heap Configuration
   25 00000200         ;   <o>  Heap Size (in Bytes) <0x0-0xFFFFFFFF:8>
   26 00000200         ; </h>
   27 00000200         
   28 00000200 00000200 
                       Heap_Size
                               EQU              0x00000200
   29 00000200         
   30 00000200                 AREA             HEAP, NOINIT, READWRITE, ALIGN=
3
   31 00000000         __heap_base
   32 00000000         Heap_Mem
                               SPACE            Heap_Size
   33 00000200         __heap_limit
   34 00000200         
   35 00000200         
   36 00000200                 PRESERVE8
   37 00000200                 THUMB
   38 00000200         
   39 00000200         
   40 00000200         ; Vector Table Mapped to Address 0 at Reset
   41 00000200         
   42 00000200                 AREA             RESET, DATA, READONLY
   43 00000000                 EXPORT           __Vectors
   44 00000000         ; 0x10000200
   45 00000000 00000000 
                       __Vectors
                               DCD              __initial_sp ; Top of Stack
   46 00000004 00000000        DCD              Reset_Handler ; Reset Handler



ARM Macro Assembler    Page 2 


   47 00000008 00000000        DCD              NMI_Handler ; NMI Handler
   48 0000000C 00000000        DCD              HardFault_Handler ; Hard Fault 
                                                            Handler
   49 00000010 00000000        DCD              MemManage_Handler 
                                                            ; MPU Fault Handler
                                                            
   50 00000014 00000000        DCD              BusFault_Handler 
                                                            ; Bus Fault Handler
                                                            
   51 00000018 00000000        DCD              UsageFault_Handler ; Usage Faul
                                                            t Handler
   52 0000001C 00000000        DCD              0           ; Reserved
   53 00000020 00000000        DCD              0           ; Reserved
   54 00000024 00000000        DCD              0           ; Reserved
   55 00000028 00000000        DCD              0           ; Reserved
   56 0000002C 00000000        DCD              SVC_Handler ; SVCall Handler
   57 00000030 00000000        DCD              DebugMon_Handler ; Debug Monito
                                                            r Handler
   58 00000034 00000000        DCD              0           ; Reserved
   59 00000038 00000000        DCD              PendSV_Handler ; PendSV Handler
                                                            
   60 0000003C 00000000        DCD              SysTick_Handler 
                                                            ; SysTick Handler
   61 00000040         
   62 00000040         ; External Interrupts
   63 00000040 00000000        DCD              WDT_IRQHandler ; 16: Watchdog T
                                                            imer
   64 00000044 00000000        DCD              TIMER0_IRQHandler ; 17: Timer0
   65 00000048 00000000        DCD              TIMER1_IRQHandler ; 18: Timer1
   66 0000004C 00000000        DCD              TIMER2_IRQHandler ; 19: Timer2
   67 00000050 00000000        DCD              TIMER3_IRQHandler ; 20: Timer3
   68 00000054 00000000        DCD              UART0_IRQHandler ; 21: UART0
   69 00000058 00000000        DCD              UART1_IRQHandler ; 22: UART1
   70 0000005C 00000000        DCD              UART2_IRQHandler ; 23: UART2
   71 00000060 00000000        DCD              UART3_IRQHandler ; 24: UART3
   72 00000064 00000000        DCD              PWM1_IRQHandler ; 25: PWM1
   73 00000068 00000000        DCD              I2C0_IRQHandler ; 26: I2C0
   74 0000006C 00000000        DCD              I2C1_IRQHandler ; 27: I2C1
   75 00000070 00000000        DCD              I2C2_IRQHandler ; 28: I2C2
   76 00000074 00000000        DCD              SPI_IRQHandler ; 29: SPI
   77 00000078 00000000        DCD              SSP0_IRQHandler ; 30: SSP0
   78 0000007C 00000000        DCD              SSP1_IRQHandler ; 31: SSP1
   79 00000080 00000000        DCD              PLL0_IRQHandler ; 32: PLL0 Lock
                                                             (Main PLL)
   80 00000084 00000000        DCD              RTC_IRQHandler ; 33: Real Time 
                                                            Clock
   81 00000088 00000000        DCD              EINT0_IRQHandler ; 34: External
                                                             Interrupt 0
   82 0000008C 00000000        DCD              EINT1_IRQHandler ; 35: External
                                                             Interrupt 1
   83 00000090 00000000        DCD              EINT2_IRQHandler ; 36: External
                                                             Interrupt 2
   84 00000094 00000000        DCD              EINT3_IRQHandler ; 37: External
                                                             Interrupt 3
   85 00000098 00000000        DCD              ADC_IRQHandler 
                                                            ; 38: A/D Converter
                                                            
   86 0000009C 00000000        DCD              BOD_IRQHandler ; 39: Brown-Out 
                                                            Detect



ARM Macro Assembler    Page 3 


   87 000000A0 00000000        DCD              USB_IRQHandler ; 40: USB
   88 000000A4 00000000        DCD              CAN_IRQHandler ; 41: CAN
   89 000000A8 00000000        DCD              DMA_IRQHandler ; 42: General Pu
                                                            rpose DMA
   90 000000AC 00000000        DCD              I2S_IRQHandler ; 43: I2S
   91 000000B0 00000000        DCD              ENET_IRQHandler ; 44: Ethernet
   92 000000B4 00000000        DCD              RIT_IRQHandler ; 45: Repetitive
                                                             Interrupt Timer
   93 000000B8 00000000        DCD              MCPWM_IRQHandler ; 46: Motor Co
                                                            ntrol PWM
   94 000000BC 00000000        DCD              QEI_IRQHandler ; 47: Quadrature
                                                             Encoder Interface
   95 000000C0 00000000        DCD              PLL1_IRQHandler ; 48: PLL1 Lock
                                                             (USB PLL)
   96 000000C4 00000000        DCD              USBActivity_IRQHandler ; 49: US
                                                            B Activity interrup
                                                            t to wakeup
   97 000000C8 00000000        DCD              CANActivity_IRQHandler ; 50: CA
                                                            N Activity interrup
                                                            t to wakeup
   98 000000CC         
   99 000000CC         
  100 000000CC                 IF               :LNOT::DEF:NO_CRP
  101 000000CC                 AREA             |.ARM.__at_0x02FC|, CODE, READO
NLY
  102 00000000 FFFFFFFF 
                       CRP_Key DCD              0xFFFFFFFF
  103 00000004                 ENDIF
  104 00000004         
  105 00000004         
  106 00000004                 AREA             |.text|, CODE, READONLY
  107 00000000         
  108 00000000         
  109 00000000         ; Reset Handler
  110 00000000         
  111 00000000         Reset_Handler
                               PROC
  112 00000000                 EXPORT           Reset_Handler             [WEAK
]
  113 00000000         
  114 00000000         ; your code here
  115 00000000         
  116 00000000 F04F 0003       MOV              R0, #3
  117 00000004 F380 8814       MSR              CONTROL, R0
  118 00000008 F8DF D070       LDR              SP, =Stack_Mem
  119 0000000C         
  120 0000000C BF00            nop
  121 0000000E         
  122 0000000E DF7F            SVC              0x7F        ;0x000000DA
  123 00000010         
  124 00000010 E7FE    InfLoop B                InfLoop
  125 00000012                 ENDP
  126 00000012         
  127 00000012         
  128 00000012         ; Dummy Exception Handlers (infinite loops which can be 
                       modified)
  129 00000012         
  130 00000012         NMI_Handler
                               PROC



ARM Macro Assembler    Page 4 


  131 00000012                 EXPORT           NMI_Handler               [WEAK
]
  132 00000012 E7FE            B                .
  133 00000014                 ENDP
  135 00000014         HardFault_Handler
                               PROC
  136 00000014                 EXPORT           HardFault_Handler         [WEAK
]
  137 00000014 E7FE            B                .
  138 00000016                 ENDP
  140 00000016         MemManage_Handler
                               PROC
  141 00000016                 EXPORT           MemManage_Handler         [WEAK
]
  142 00000016 E7FE            B                .
  143 00000018                 ENDP
  145 00000018         BusFault_Handler
                               PROC
  146 00000018                 EXPORT           BusFault_Handler          [WEAK
]
  147 00000018 E7FE            B                .
  148 0000001A                 ENDP
  150 0000001A         UsageFault_Handler
                               PROC
  151 0000001A                 EXPORT           UsageFault_Handler        [WEAK
]
  152 0000001A E7FE            B                .
  153 0000001C                 ENDP
  154 0000001C         SVC_Handler
                               PROC
  155 0000001C                 EXPORT           SVC_Handler               [WEAK
]
  156 0000001C         
  157 0000001C E92D 5FFF       STMFD            SP!, {R0-R12, LR}
  158 00000020 F3EF 8109       MRS              R1, psp
  159 00000024 6988            LDR              R0, [R1, #24] ;0x000000DC
  160 00000026 F850 0C04       LDR              R0, [R0,#-4] ;0x000000D8
  161 0000002A F020 407F       BIC              R0, #0xFF000000
  162 0000002E EA4F 4010       LSR              R0, #16
  163 00000032         
  164 00000032 2807            CMP              R0, #7
  165 00000034 DC05            BGT              hp_2
  166 00000036 B503            PUSH             {R0, R1, LR}
  167 00000038 4811            LDR              R0, =Reset
  168 0000003A 4780            BLX              R0
  169 0000003C E8BD 4003       POP              {R0, R1, LR}
  170 00000040 E015            B                uscita
  171 00000042 280F    hp_2    CMP              R0, #15
  172 00000044 DC05            BGT              hp_3
  173 00000046 B500            PUSH             {LR}
  174 00000048 480E            LDR              R0, =Nop_p
  175 0000004A 4780            BLX              R0
  176 0000004C F85D EB04       POP              {LR}
  177 00000050 E00D            B                uscita
  178 00000052 2840    hp_3    CMP              R0, #64
  179 00000054 DB0B            BLT              uscita
  180 00000056 2880            CMP              R0, #128
  181 00000058 DA09            BGE              uscita
  182 0000005A F020 00C0       BIC              R0, #0x000000C0



ARM Macro Assembler    Page 5 


  183 0000005E 490A            LDR              R1, =Source
  184 00000060 4A0A            LDR              R2, =Destination
  185 00000062 B50F            PUSH             {R0-R3, LR}
  186 00000064 480A            LDR              R0, =MemCopy
  187 00000066 4780            BLX              R0
  188 00000068 E8BD 400F       POP              {R0-R3, LR}
  189 0000006C E7FF            B                uscita
  190 0000006E E8BD 5FFF 
                       uscita  LDMFD            SP!, {R0-R12, LR}
  191 00000072 4770            BX               LR
  192 00000074         
  193 00000074                 ENDP
  195 00000074         DebugMon_Handler
                               PROC
  196 00000074                 EXPORT           DebugMon_Handler          [WEAK
]
  197 00000074 E7FE            B                .
  198 00000076                 ENDP
  199 00000076         PendSV_Handler
                               PROC
  200 00000076                 EXPORT           PendSV_Handler            [WEAK
]
  201 00000076 E7FE            B                .
  202 00000078                 ENDP
  203 00000078         SysTick_Handler
                               PROC
  204 00000078                 EXPORT           SysTick_Handler           [WEAK
]
  205 00000078 E7FE            B                .
  206 0000007A                 ENDP
  207 0000007A         
  208 0000007A         Default_Handler
                               PROC
  209 0000007A         
  210 0000007A                 EXPORT           WDT_IRQHandler            [WEAK
]
  211 0000007A                 EXPORT           TIMER0_IRQHandler         [WEAK
]
  212 0000007A                 EXPORT           TIMER1_IRQHandler         [WEAK
]
  213 0000007A                 EXPORT           TIMER2_IRQHandler         [WEAK
]
  214 0000007A                 EXPORT           TIMER3_IRQHandler         [WEAK
]
  215 0000007A                 EXPORT           UART0_IRQHandler          [WEAK
]
  216 0000007A                 EXPORT           UART1_IRQHandler          [WEAK
]
  217 0000007A                 EXPORT           UART2_IRQHandler          [WEAK
]
  218 0000007A                 EXPORT           UART3_IRQHandler          [WEAK
]
  219 0000007A                 EXPORT           PWM1_IRQHandler           [WEAK
]
  220 0000007A                 EXPORT           I2C0_IRQHandler           [WEAK
]
  221 0000007A                 EXPORT           I2C1_IRQHandler           [WEAK
]
  222 0000007A                 EXPORT           I2C2_IRQHandler           [WEAK



ARM Macro Assembler    Page 6 


]
  223 0000007A                 EXPORT           SPI_IRQHandler            [WEAK
]
  224 0000007A                 EXPORT           SSP0_IRQHandler           [WEAK
]
  225 0000007A                 EXPORT           SSP1_IRQHandler           [WEAK
]
  226 0000007A                 EXPORT           PLL0_IRQHandler           [WEAK
]
  227 0000007A                 EXPORT           RTC_IRQHandler            [WEAK
]
  228 0000007A                 EXPORT           EINT0_IRQHandler          [WEAK
]
  229 0000007A                 EXPORT           EINT1_IRQHandler          [WEAK
]
  230 0000007A                 EXPORT           EINT2_IRQHandler          [WEAK
]
  231 0000007A                 EXPORT           EINT3_IRQHandler          [WEAK
]
  232 0000007A                 EXPORT           ADC_IRQHandler            [WEAK
]
  233 0000007A                 EXPORT           BOD_IRQHandler            [WEAK
]
  234 0000007A                 EXPORT           USB_IRQHandler            [WEAK
]
  235 0000007A                 EXPORT           CAN_IRQHandler            [WEAK
]
  236 0000007A                 EXPORT           DMA_IRQHandler            [WEAK
]
  237 0000007A                 EXPORT           I2S_IRQHandler            [WEAK
]
  238 0000007A                 EXPORT           ENET_IRQHandler           [WEAK
]
  239 0000007A                 EXPORT           RIT_IRQHandler            [WEAK
]
  240 0000007A                 EXPORT           MCPWM_IRQHandler          [WEAK
]
  241 0000007A                 EXPORT           QEI_IRQHandler            [WEAK
]
  242 0000007A                 EXPORT           PLL1_IRQHandler           [WEAK
]
  243 0000007A                 EXPORT           USBActivity_IRQHandler    [WEAK
]
  244 0000007A                 EXPORT           CANActivity_IRQHandler    [WEAK
]
  245 0000007A         
  246 0000007A         WDT_IRQHandler
  247 0000007A         TIMER0_IRQHandler
  248 0000007A         TIMER1_IRQHandler
  249 0000007A         TIMER2_IRQHandler
  250 0000007A         TIMER3_IRQHandler
  251 0000007A         UART0_IRQHandler
  252 0000007A         UART1_IRQHandler
  253 0000007A         UART2_IRQHandler
  254 0000007A         UART3_IRQHandler
  255 0000007A         PWM1_IRQHandler
  256 0000007A         I2C0_IRQHandler
  257 0000007A         I2C1_IRQHandler
  258 0000007A         I2C2_IRQHandler



ARM Macro Assembler    Page 7 


  259 0000007A         SPI_IRQHandler
  260 0000007A         SSP0_IRQHandler
  261 0000007A         SSP1_IRQHandler
  262 0000007A         PLL0_IRQHandler
  263 0000007A         RTC_IRQHandler
  264 0000007A         EINT0_IRQHandler
  265 0000007A         EINT1_IRQHandler
  266 0000007A         EINT2_IRQHandler
  267 0000007A         EINT3_IRQHandler
  268 0000007A         ADC_IRQHandler
  269 0000007A         BOD_IRQHandler
  270 0000007A         USB_IRQHandler
  271 0000007A         CAN_IRQHandler
  272 0000007A         DMA_IRQHandler
  273 0000007A         I2S_IRQHandler
  274 0000007A         ENET_IRQHandler
  275 0000007A         RIT_IRQHandler
  276 0000007A         MCPWM_IRQHandler
  277 0000007A         QEI_IRQHandler
  278 0000007A         PLL1_IRQHandler
  279 0000007A         USBActivity_IRQHandler
  280 0000007A         CANActivity_IRQHandler
  281 0000007A         
  282 0000007A E7FE            B                .
  283 0000007C         
  284 0000007C                 ENDP
  285 0000007C         
  286 0000007C         
  287 0000007C                 ALIGN
  288 0000007C         
  289 0000007C 00000000 
              00000000 
              00000000 
              00000000 
              00000000 
              00000000         AREA             My_routines, CODE, READONLY
  290 00000000         
  291 00000000         Reset   PROC
  292 00000000 B50F            PUSH             {R0-R3, LR}
  293 00000002 9805            LDR              R0, [SP, #20] ;era l'ultimo val
                                                            ore nello stack pri
                                                            ma dei 5 registri a
                                                            ppena messi
  294 00000004 9906            LDR              R1, [SP, #24] 
                                                            ;indirizzo del psp
  295 00000006 F04F 0200       MOV              R2, #0
  296 0000000A EA4F 0080       LSL              R0, #2
  297 0000000E 500A            STR              R2, [R1, R0]
  298 00000010 E8BD 400F       POP              {R0-R3, LR}
  299 00000014 4770            BX               LR
  300 00000016                 ENDP
  301 00000016         
  302 00000016         Nop_p   PROC
  303 00000016 B50F            PUSH             {R0-R3, LR}
  304 00000018 BF00            NOP
  305 0000001A E8BD 400F       POP              {R0-R3, LR}
  306 0000001E 4770            BX               LR
  307 00000020                 ENDP
  308 00000020         



ARM Macro Assembler    Page 8 


  309 00000020         MemCopy PROC
  310 00000020 B51F            PUSH             {R0-R4, LR}
  311 00000022 9806            LDR              R0,[SP,#24] ;Byte da copiare
  312 00000024 9907            LDR              R1,[SP,#28] ;Sorgente
  313 00000026 9A08            LDR              R2,[SP,#32] ;Destinazione 
  314 00000028 F04F 0300       MOV              R3,#0
  315 0000002C 4298    Loop    CMP              R0, R3
  316 0000002E DD04            BLE              esci
  317 00000030 5CCC            LDRB             R4,[R1,R3]
  318 00000032 54D4            STRB             R4,[R2,R3]
  319 00000034 F103 0301       ADD              R3,#1
  320 00000038 E7F8            B                Loop
  321 0000003A 9309    esci    STR              R3,[SP,#36]
  322 0000003C E8BD 401F       POP              {R0-R4, LR}
  323 00000040 4770            BX               LR
  324 00000042                 ENDP
  325 00000042         
  326 00000042         
  327 00000042         
  328 00000042                 AREA             My_data, DATA, READONLY
  329 00000000 00 01 02 
              03 04 05 
              06 07 08 
              09 0A 0B 
              0C 0D 0E 
              0F       Source  DCB              0x0,0x1,0x2,0x3,0x4,0x5,0x6,0x7
,0x8,0x9,0xA,0xB,0xC,0xD,0xE,0xF
  330 00000010 00 01 02 
              03 04 05 
              06 07 08 
              09 0A 0B 
              0C 0D 0E 
              0F               DCB              0x0,0x1,0x2,0x3,0x4,0x5,0x6,0x7
,0x8,0x9,0xA,0xB,0xC,0xD,0xE,0xF
  331 00000020 00 01 02 
              03 04 05 
              06 07 08 
              09 0A 0B 
              0C 0D 0E 
              0F               DCB              0x0,0x1,0x2,0x3,0x4,0x5,0x6,0x7
,0x8,0x9,0xA,0xB,0xC,0xD,0xE,0xF
  332 00000030 00 01 02 
              03 04 05 
              06 07 08 
              09 0A 0B 
              0C 0D 0E         DCB              0x0,0x1,0x2,0x3,0x4,0x5,0x6,0x7
,0x8,0x9,0xA,0xB,0xC,0xD,0xE
  333 0000003F         
  334 0000003F                 AREA             Destination_Blocks, DATA, READW
RITE
  335 00000000 00 00 00 
              00 00 00 
              00 00 00 
              00 00 00 
              00 00 00 
              00 00 00 
              00 00 00 
              00 00 00 
              00 00 00 



ARM Macro Assembler    Page 9 


              00 00 00 
              00 00 00 
              00 00 00 
              00 00 00 
              00 00 00 
              00 00 00 
              00 00 00 
              00 00 00 
              00 00 00 
              00 00 00 
              00 00 00 
              00 00 00 Destination
                               SPACE            63
  336 0000003F         ; User Initial Stack & Heap
  337 0000003F         
  338 0000003F                 EXPORT           __initial_sp
  339 0000003F                 EXPORT           __heap_base
  340 0000003F                 EXPORT           __heap_limit
  341 0000003F         
  342 0000003F                 END
Command Line: --debug --xref --diag_suppress=9931 --cpu=Cortex-M3 --apcs=interw
ork --depend=.\template.d -o.\template.o -I.\RTE\_Target_1 -IC:\Users\lorys\App
Data\Local\Arm\Packs\ARM\CMSIS\5.8.0\CMSIS\Core\Include -IC:\Users\lorys\AppDat
a\Local\Arm\Packs\Keil\LPC1700_DFP\2.7.1\Device\Include --predefine="__EVAL SET
A 1" --predefine="__UVISION_VERSION SETA 536" --predefine="_RTE_ SETA 1" --pred
efine="LPC175x_6x SETA 1" --predefine="_RTE_ SETA 1" --list=.\template.lst temp
late.s



ARM Macro Assembler    Page 1 Alphabetic symbol ordering
Relocatable symbols

STACK 00000000

Symbol: STACK
   Definitions
      At line 16 in file template.s
   Uses
      None
Comment: STACK unused
Stack_Mem 00000100

Symbol: Stack_Mem
   Definitions
      At line 18 in file template.s
   Uses
      At line 118 in file template.s
Comment: Stack_Mem used once
__initial_sp 00000200

Symbol: __initial_sp
   Definitions
      At line 19 in file template.s
   Uses
      At line 45 in file template.s
      At line 338 in file template.s

3 symbols



ARM Macro Assembler    Page 1 Alphabetic symbol ordering
Relocatable symbols

HEAP 00000000

Symbol: HEAP
   Definitions
      At line 30 in file template.s
   Uses
      None
Comment: HEAP unused
Heap_Mem 00000000

Symbol: Heap_Mem
   Definitions
      At line 32 in file template.s
   Uses
      None
Comment: Heap_Mem unused
__heap_base 00000000

Symbol: __heap_base
   Definitions
      At line 31 in file template.s
   Uses
      At line 339 in file template.s
Comment: __heap_base used once
__heap_limit 00000200

Symbol: __heap_limit
   Definitions
      At line 33 in file template.s
   Uses
      At line 340 in file template.s
Comment: __heap_limit used once
4 symbols



ARM Macro Assembler    Page 1 Alphabetic symbol ordering
Relocatable symbols

RESET 00000000

Symbol: RESET
   Definitions
      At line 42 in file template.s
   Uses
      None
Comment: RESET unused
__Vectors 00000000

Symbol: __Vectors
   Definitions
      At line 45 in file template.s
   Uses
      At line 43 in file template.s
Comment: __Vectors used once
2 symbols



ARM Macro Assembler    Page 1 Alphabetic symbol ordering
Relocatable symbols

.ARM.__at_0x02FC 00000000

Symbol: .ARM.__at_0x02FC
   Definitions
      At line 101 in file template.s
   Uses
      None
Comment: .ARM.__at_0x02FC unused
CRP_Key 00000000

Symbol: CRP_Key
   Definitions
      At line 102 in file template.s
   Uses
      None
Comment: CRP_Key unused
2 symbols



ARM Macro Assembler    Page 1 Alphabetic symbol ordering
Relocatable symbols

.text 00000000

Symbol: .text
   Definitions
      At line 106 in file template.s
   Uses
      None
Comment: .text unused
ADC_IRQHandler 0000007A

Symbol: ADC_IRQHandler
   Definitions
      At line 268 in file template.s
   Uses
      At line 85 in file template.s
      At line 232 in file template.s

BOD_IRQHandler 0000007A

Symbol: BOD_IRQHandler
   Definitions
      At line 269 in file template.s
   Uses
      At line 86 in file template.s
      At line 233 in file template.s

BusFault_Handler 00000018

Symbol: BusFault_Handler
   Definitions
      At line 145 in file template.s
   Uses
      At line 50 in file template.s
      At line 146 in file template.s

CANActivity_IRQHandler 0000007A

Symbol: CANActivity_IRQHandler
   Definitions
      At line 280 in file template.s
   Uses
      At line 97 in file template.s
      At line 244 in file template.s

CAN_IRQHandler 0000007A

Symbol: CAN_IRQHandler
   Definitions
      At line 271 in file template.s
   Uses
      At line 88 in file template.s
      At line 235 in file template.s

DMA_IRQHandler 0000007A

Symbol: DMA_IRQHandler
   Definitions
      At line 272 in file template.s
   Uses



ARM Macro Assembler    Page 2 Alphabetic symbol ordering
Relocatable symbols

      At line 89 in file template.s
      At line 236 in file template.s

DebugMon_Handler 00000074

Symbol: DebugMon_Handler
   Definitions
      At line 195 in file template.s
   Uses
      At line 57 in file template.s
      At line 196 in file template.s

Default_Handler 0000007A

Symbol: Default_Handler
   Definitions
      At line 208 in file template.s
   Uses
      None
Comment: Default_Handler unused
EINT0_IRQHandler 0000007A

Symbol: EINT0_IRQHandler
   Definitions
      At line 264 in file template.s
   Uses
      At line 81 in file template.s
      At line 228 in file template.s

EINT1_IRQHandler 0000007A

Symbol: EINT1_IRQHandler
   Definitions
      At line 265 in file template.s
   Uses
      At line 82 in file template.s
      At line 229 in file template.s

EINT2_IRQHandler 0000007A

Symbol: EINT2_IRQHandler
   Definitions
      At line 266 in file template.s
   Uses
      At line 83 in file template.s
      At line 230 in file template.s

EINT3_IRQHandler 0000007A

Symbol: EINT3_IRQHandler
   Definitions
      At line 267 in file template.s
   Uses
      At line 84 in file template.s
      At line 231 in file template.s

ENET_IRQHandler 0000007A

Symbol: ENET_IRQHandler



ARM Macro Assembler    Page 3 Alphabetic symbol ordering
Relocatable symbols

   Definitions
      At line 274 in file template.s
   Uses
      At line 91 in file template.s
      At line 238 in file template.s

HardFault_Handler 00000014

Symbol: HardFault_Handler
   Definitions
      At line 135 in file template.s
   Uses
      At line 48 in file template.s
      At line 136 in file template.s

I2C0_IRQHandler 0000007A

Symbol: I2C0_IRQHandler
   Definitions
      At line 256 in file template.s
   Uses
      At line 73 in file template.s
      At line 220 in file template.s

I2C1_IRQHandler 0000007A

Symbol: I2C1_IRQHandler
   Definitions
      At line 257 in file template.s
   Uses
      At line 74 in file template.s
      At line 221 in file template.s

I2C2_IRQHandler 0000007A

Symbol: I2C2_IRQHandler
   Definitions
      At line 258 in file template.s
   Uses
      At line 75 in file template.s
      At line 222 in file template.s

I2S_IRQHandler 0000007A

Symbol: I2S_IRQHandler
   Definitions
      At line 273 in file template.s
   Uses
      At line 90 in file template.s
      At line 237 in file template.s

InfLoop 00000010

Symbol: InfLoop
   Definitions
      At line 124 in file template.s
   Uses
      At line 124 in file template.s
Comment: InfLoop used once



ARM Macro Assembler    Page 4 Alphabetic symbol ordering
Relocatable symbols

MCPWM_IRQHandler 0000007A

Symbol: MCPWM_IRQHandler
   Definitions
      At line 276 in file template.s
   Uses
      At line 93 in file template.s
      At line 240 in file template.s

MemManage_Handler 00000016

Symbol: MemManage_Handler
   Definitions
      At line 140 in file template.s
   Uses
      At line 49 in file template.s
      At line 141 in file template.s

NMI_Handler 00000012

Symbol: NMI_Handler
   Definitions
      At line 130 in file template.s
   Uses
      At line 47 in file template.s
      At line 131 in file template.s

PLL0_IRQHandler 0000007A

Symbol: PLL0_IRQHandler
   Definitions
      At line 262 in file template.s
   Uses
      At line 79 in file template.s
      At line 226 in file template.s

PLL1_IRQHandler 0000007A

Symbol: PLL1_IRQHandler
   Definitions
      At line 278 in file template.s
   Uses
      At line 95 in file template.s
      At line 242 in file template.s

PWM1_IRQHandler 0000007A

Symbol: PWM1_IRQHandler
   Definitions
      At line 255 in file template.s
   Uses
      At line 72 in file template.s
      At line 219 in file template.s

PendSV_Handler 00000076

Symbol: PendSV_Handler
   Definitions
      At line 199 in file template.s



ARM Macro Assembler    Page 5 Alphabetic symbol ordering
Relocatable symbols

   Uses
      At line 59 in file template.s
      At line 200 in file template.s

QEI_IRQHandler 0000007A

Symbol: QEI_IRQHandler
   Definitions
      At line 277 in file template.s
   Uses
      At line 94 in file template.s
      At line 241 in file template.s

RIT_IRQHandler 0000007A

Symbol: RIT_IRQHandler
   Definitions
      At line 275 in file template.s
   Uses
      At line 92 in file template.s
      At line 239 in file template.s

RTC_IRQHandler 0000007A

Symbol: RTC_IRQHandler
   Definitions
      At line 263 in file template.s
   Uses
      At line 80 in file template.s
      At line 227 in file template.s

Reset_Handler 00000000

Symbol: Reset_Handler
   Definitions
      At line 111 in file template.s
   Uses
      At line 46 in file template.s
      At line 112 in file template.s

SPI_IRQHandler 0000007A

Symbol: SPI_IRQHandler
   Definitions
      At line 259 in file template.s
   Uses
      At line 76 in file template.s
      At line 223 in file template.s

SSP0_IRQHandler 0000007A

Symbol: SSP0_IRQHandler
   Definitions
      At line 260 in file template.s
   Uses
      At line 77 in file template.s
      At line 224 in file template.s

SSP1_IRQHandler 0000007A



ARM Macro Assembler    Page 6 Alphabetic symbol ordering
Relocatable symbols


Symbol: SSP1_IRQHandler
   Definitions
      At line 261 in file template.s
   Uses
      At line 78 in file template.s
      At line 225 in file template.s

SVC_Handler 0000001C

Symbol: SVC_Handler
   Definitions
      At line 154 in file template.s
   Uses
      At line 56 in file template.s
      At line 155 in file template.s

SysTick_Handler 00000078

Symbol: SysTick_Handler
   Definitions
      At line 203 in file template.s
   Uses
      At line 60 in file template.s
      At line 204 in file template.s

TIMER0_IRQHandler 0000007A

Symbol: TIMER0_IRQHandler
   Definitions
      At line 247 in file template.s
   Uses
      At line 64 in file template.s
      At line 211 in file template.s

TIMER1_IRQHandler 0000007A

Symbol: TIMER1_IRQHandler
   Definitions
      At line 248 in file template.s
   Uses
      At line 65 in file template.s
      At line 212 in file template.s

TIMER2_IRQHandler 0000007A

Symbol: TIMER2_IRQHandler
   Definitions
      At line 249 in file template.s
   Uses
      At line 66 in file template.s
      At line 213 in file template.s

TIMER3_IRQHandler 0000007A

Symbol: TIMER3_IRQHandler
   Definitions
      At line 250 in file template.s
   Uses



ARM Macro Assembler    Page 7 Alphabetic symbol ordering
Relocatable symbols

      At line 67 in file template.s
      At line 214 in file template.s

UART0_IRQHandler 0000007A

Symbol: UART0_IRQHandler
   Definitions
      At line 251 in file template.s
   Uses
      At line 68 in file template.s
      At line 215 in file template.s

UART1_IRQHandler 0000007A

Symbol: UART1_IRQHandler
   Definitions
      At line 252 in file template.s
   Uses
      At line 69 in file template.s
      At line 216 in file template.s

UART2_IRQHandler 0000007A

Symbol: UART2_IRQHandler
   Definitions
      At line 253 in file template.s
   Uses
      At line 70 in file template.s
      At line 217 in file template.s

UART3_IRQHandler 0000007A

Symbol: UART3_IRQHandler
   Definitions
      At line 254 in file template.s
   Uses
      At line 71 in file template.s
      At line 218 in file template.s

USBActivity_IRQHandler 0000007A

Symbol: USBActivity_IRQHandler
   Definitions
      At line 279 in file template.s
   Uses
      At line 96 in file template.s
      At line 243 in file template.s

USB_IRQHandler 0000007A

Symbol: USB_IRQHandler
   Definitions
      At line 270 in file template.s
   Uses
      At line 87 in file template.s
      At line 234 in file template.s

UsageFault_Handler 0000001A




ARM Macro Assembler    Page 8 Alphabetic symbol ordering
Relocatable symbols

Symbol: UsageFault_Handler
   Definitions
      At line 150 in file template.s
   Uses
      At line 51 in file template.s
      At line 151 in file template.s

WDT_IRQHandler 0000007A

Symbol: WDT_IRQHandler
   Definitions
      At line 246 in file template.s
   Uses
      At line 63 in file template.s
      At line 210 in file template.s

hp_2 00000042

Symbol: hp_2
   Definitions
      At line 171 in file template.s
   Uses
      At line 165 in file template.s
Comment: hp_2 used once
hp_3 00000052

Symbol: hp_3
   Definitions
      At line 178 in file template.s
   Uses
      At line 172 in file template.s
Comment: hp_3 used once
uscita 0000006E

Symbol: uscita
   Definitions
      At line 190 in file template.s
   Uses
      At line 170 in file template.s
      At line 177 in file template.s
      At line 179 in file template.s
      At line 181 in file template.s
      At line 189 in file template.s

51 symbols



ARM Macro Assembler    Page 1 Alphabetic symbol ordering
Relocatable symbols

Loop 0000002C

Symbol: Loop
   Definitions
      At line 315 in file template.s
   Uses
      At line 320 in file template.s
Comment: Loop used once
MemCopy 00000020

Symbol: MemCopy
   Definitions
      At line 309 in file template.s
   Uses
      At line 186 in file template.s
Comment: MemCopy used once
My_routines 00000000

Symbol: My_routines
   Definitions
      At line 289 in file template.s
   Uses
      None
Comment: My_routines unused
Nop_p 00000016

Symbol: Nop_p
   Definitions
      At line 302 in file template.s
   Uses
      At line 174 in file template.s
Comment: Nop_p used once
Reset 00000000

Symbol: Reset
   Definitions
      At line 291 in file template.s
   Uses
      At line 167 in file template.s
Comment: Reset used once
esci 0000003A

Symbol: esci
   Definitions
      At line 321 in file template.s
   Uses
      At line 316 in file template.s
Comment: esci used once
6 symbols



ARM Macro Assembler    Page 1 Alphabetic symbol ordering
Relocatable symbols

My_data 00000000

Symbol: My_data
   Definitions
      At line 328 in file template.s
   Uses
      None
Comment: My_data unused
Source 00000000

Symbol: Source
   Definitions
      At line 329 in file template.s
   Uses
      At line 183 in file template.s
Comment: Source used once
2 symbols



ARM Macro Assembler    Page 1 Alphabetic symbol ordering
Relocatable symbols

Destination 00000000

Symbol: Destination
   Definitions
      At line 335 in file template.s
   Uses
      At line 184 in file template.s
Comment: Destination used once
Destination_Blocks 00000000

Symbol: Destination_Blocks
   Definitions
      At line 334 in file template.s
   Uses
      None
Comment: Destination_Blocks unused
2 symbols



ARM Macro Assembler    Page 1 Alphabetic symbol ordering
Absolute symbols

Heap_Size 00000200

Symbol: Heap_Size
   Definitions
      At line 28 in file template.s
   Uses
      At line 32 in file template.s
Comment: Heap_Size used once
Stack_Size 00000200

Symbol: Stack_Size
   Definitions
      At line 14 in file template.s
   Uses
      At line 17 in file template.s
      At line 18 in file template.s

2 symbols
412 symbols in table
